[6.359s] Invoking command in '/home/feri/Projekt_1/ROS2_enviroment/ros2_ws/src/ddsm115_controller': DEBUGINFOD_URLS=https://debuginfod.ubuntu.com PYTHONPATH=/home/feri/Projekt_1/ROS2_enviroment/ros2_ws/build/ddsm115_controller/prefix_override:/usr/lib/python3/dist-packages/colcon_core/task/python/colcon_distutils_commands:/home/feri/Projekt_1/ROS2_enviroment/ros2_ws/install/ddsm115_controller/lib/python3.12/site-packages:${PYTHONPATH} /usr/bin/python3 -W ignore:setup.py install is deprecated -W ignore:easy_install command is deprecated setup.py egg_info --egg-base ../../build/ddsm115_controller build --build-base /home/feri/Projekt_1/ROS2_enviroment/ros2_ws/build/ddsm115_controller/build install --record /home/feri/Projekt_1/ROS2_enviroment/ros2_ws/build/ddsm115_controller/install.log --single-version-externally-managed install_data
[7.873s] running egg_info
[7.994s] writing ../../build/ddsm115_controller/ddsm115_controller.egg-info/PKG-INFO
[7.996s] writing dependency_links to ../../build/ddsm115_controller/ddsm115_controller.egg-info/dependency_links.txt
[7.997s] writing entry points to ../../build/ddsm115_controller/ddsm115_controller.egg-info/entry_points.txt
[8.000s] writing requirements to ../../build/ddsm115_controller/ddsm115_controller.egg-info/requires.txt
[8.000s] writing top-level names to ../../build/ddsm115_controller/ddsm115_controller.egg-info/top_level.txt
[8.238s] reading manifest file '../../build/ddsm115_controller/ddsm115_controller.egg-info/SOURCES.txt'
[8.242s] writing manifest file '../../build/ddsm115_controller/ddsm115_controller.egg-info/SOURCES.txt'
[8.244s] running build
[8.245s] running build_py
[8.246s] running install
[8.275s] running install_lib
[8.393s] running install_data
[8.394s] running install_egg_info
[8.548s] removing '/home/feri/Projekt_1/ROS2_enviroment/ros2_ws/install/ddsm115_controller/lib/python3.12/site-packages/ddsm115_controller-0.0.0-py3.12.egg-info' (and everything under it)
[8.552s] Copying ../../build/ddsm115_controller/ddsm115_controller.egg-info to /home/feri/Projekt_1/ROS2_enviroment/ros2_ws/install/ddsm115_controller/lib/python3.12/site-packages/ddsm115_controller-0.0.0-py3.12.egg-info
[8.563s] running install_scripts
[9.443s] Installing check_motor_id script to /home/feri/Projekt_1/ROS2_enviroment/ros2_ws/install/ddsm115_controller/lib/ddsm115_controller
[9.445s] Installing set_motor_id script to /home/feri/Projekt_1/ROS2_enviroment/ros2_ws/install/ddsm115_controller/lib/ddsm115_controller
[9.446s] Installing two_wheels_robot script to /home/feri/Projekt_1/ROS2_enviroment/ros2_ws/install/ddsm115_controller/lib/ddsm115_controller
[9.448s] Installing velocity_control script to /home/feri/Projekt_1/ROS2_enviroment/ros2_ws/install/ddsm115_controller/lib/ddsm115_controller
[9.454s] writing list of installed files to '/home/feri/Projekt_1/ROS2_enviroment/ros2_ws/build/ddsm115_controller/install.log'
[9.622s] Invoked command in '/home/feri/Projekt_1/ROS2_enviroment/ros2_ws/src/ddsm115_controller' returned '0': DEBUGINFOD_URLS=https://debuginfod.ubuntu.com PYTHONPATH=/home/feri/Projekt_1/ROS2_enviroment/ros2_ws/build/ddsm115_controller/prefix_override:/usr/lib/python3/dist-packages/colcon_core/task/python/colcon_distutils_commands:/home/feri/Projekt_1/ROS2_enviroment/ros2_ws/install/ddsm115_controller/lib/python3.12/site-packages:${PYTHONPATH} /usr/bin/python3 -W ignore:setup.py install is deprecated -W ignore:easy_install command is deprecated setup.py egg_info --egg-base ../../build/ddsm115_controller build --build-base /home/feri/Projekt_1/ROS2_enviroment/ros2_ws/build/ddsm115_controller/build install --record /home/feri/Projekt_1/ROS2_enviroment/ros2_ws/build/ddsm115_controller/install.log --single-version-externally-managed install_data
