[6.405s] Invoking command in '/home/feri/Projekt_1/ROS2_enviroment/ros2_ws/src/ddsm115_controller': DEBUGINFOD_URLS=https://debuginfod.ubuntu.com PYTHONPATH=/home/feri/Projekt_1/ROS2_enviroment/ros2_ws/build/ddsm115_controller/prefix_override:/usr/lib/python3/dist-packages/colcon_core/task/python/colcon_distutils_commands:/home/feri/Projekt_1/ROS2_enviroment/ros2_ws/install/ddsm115_controller/lib/python3.12/site-packages:${PYTHONPATH} /usr/bin/python3 -W ignore:setup.py install is deprecated -W ignore:easy_install command is deprecated setup.py egg_info --egg-base ../../build/ddsm115_controller build --build-base /home/feri/Projekt_1/ROS2_enviroment/ros2_ws/build/ddsm115_controller/build install --record /home/feri/Projekt_1/ROS2_enviroment/ros2_ws/build/ddsm115_controller/install.log --single-version-externally-managed install_data
[8.040s] running egg_info
[8.159s] writing ../../build/ddsm115_controller/ddsm115_controller.egg-info/PKG-INFO
[8.162s] writing dependency_links to ../../build/ddsm115_controller/ddsm115_controller.egg-info/dependency_links.txt
[8.162s] writing entry points to ../../build/ddsm115_controller/ddsm115_controller.egg-info/entry_points.txt
[8.164s] writing requirements to ../../build/ddsm115_controller/ddsm115_controller.egg-info/requires.txt
[8.165s] writing top-level names to ../../build/ddsm115_controller/ddsm115_controller.egg-info/top_level.txt
[8.413s] reading manifest file '../../build/ddsm115_controller/ddsm115_controller.egg-info/SOURCES.txt'
[8.416s] writing manifest file '../../build/ddsm115_controller/ddsm115_controller.egg-info/SOURCES.txt'
[8.417s] running build
[8.418s] running build_py
[8.421s] running install
[8.449s] running install_lib
[8.583s] running install_data
[8.584s] running install_egg_info
[8.712s] removing '/home/feri/Projekt_1/ROS2_enviroment/ros2_ws/install/ddsm115_controller/lib/python3.12/site-packages/ddsm115_controller-0.0.0-py3.12.egg-info' (and everything under it)
[8.715s] Copying ../../build/ddsm115_controller/ddsm115_controller.egg-info to /home/feri/Projekt_1/ROS2_enviroment/ros2_ws/install/ddsm115_controller/lib/python3.12/site-packages/ddsm115_controller-0.0.0-py3.12.egg-info
[8.726s] running install_scripts
[9.601s] Installing check_motor_id script to /home/feri/Projekt_1/ROS2_enviroment/ros2_ws/install/ddsm115_controller/lib/ddsm115_controller
[9.603s] Installing set_motor_id script to /home/feri/Projekt_1/ROS2_enviroment/ros2_ws/install/ddsm115_controller/lib/ddsm115_controller
[9.605s] Installing two_wheels_robot script to /home/feri/Projekt_1/ROS2_enviroment/ros2_ws/install/ddsm115_controller/lib/ddsm115_controller
[9.606s] Installing velocity_control script to /home/feri/Projekt_1/ROS2_enviroment/ros2_ws/install/ddsm115_controller/lib/ddsm115_controller
[9.609s] writing list of installed files to '/home/feri/Projekt_1/ROS2_enviroment/ros2_ws/build/ddsm115_controller/install.log'
[9.785s] Invoked command in '/home/feri/Projekt_1/ROS2_enviroment/ros2_ws/src/ddsm115_controller' returned '0': DEBUGINFOD_URLS=https://debuginfod.ubuntu.com PYTHONPATH=/home/feri/Projekt_1/ROS2_enviroment/ros2_ws/build/ddsm115_controller/prefix_override:/usr/lib/python3/dist-packages/colcon_core/task/python/colcon_distutils_commands:/home/feri/Projekt_1/ROS2_enviroment/ros2_ws/install/ddsm115_controller/lib/python3.12/site-packages:${PYTHONPATH} /usr/bin/python3 -W ignore:setup.py install is deprecated -W ignore:easy_install command is deprecated setup.py egg_info --egg-base ../../build/ddsm115_controller build --build-base /home/feri/Projekt_1/ROS2_enviroment/ros2_ws/build/ddsm115_controller/build install --record /home/feri/Projekt_1/ROS2_enviroment/ros2_ws/build/ddsm115_controller/install.log --single-version-externally-managed install_data
