[6.674s] Invoking command in '/home/feri/Projekt_1/ROS2_enviroment/ros2_ws/src/ddsm115_controller': DEBUGINFOD_URLS=https://debuginfod.ubuntu.com PYTHONPATH=/home/feri/Projekt_1/ROS2_enviroment/ros2_ws/build/ddsm115_controller/prefix_override:/usr/lib/python3/dist-packages/colcon_core/task/python/colcon_distutils_commands:/home/feri/Projekt_1/ROS2_enviroment/ros2_ws/install/ddsm115_controller/lib/python3.12/site-packages:${PYTHONPATH} /usr/bin/python3 -W ignore:setup.py install is deprecated -W ignore:easy_install command is deprecated setup.py egg_info --egg-base ../../build/ddsm115_controller build --build-base /home/feri/Projekt_1/ROS2_enviroment/ros2_ws/build/ddsm115_controller/build install --record /home/feri/Projekt_1/ROS2_enviroment/ros2_ws/build/ddsm115_controller/install.log --single-version-externally-managed install_data
[8.290s] running egg_info
[8.407s] writing ../../build/ddsm115_controller/ddsm115_controller.egg-info/PKG-INFO
[8.409s] writing dependency_links to ../../build/ddsm115_controller/ddsm115_controller.egg-info/dependency_links.txt
[8.412s] writing entry points to ../../build/ddsm115_controller/ddsm115_controller.egg-info/entry_points.txt
[8.413s] writing requirements to ../../build/ddsm115_controller/ddsm115_controller.egg-info/requires.txt
[8.415s] writing top-level names to ../../build/ddsm115_controller/ddsm115_controller.egg-info/top_level.txt
[8.662s] reading manifest file '../../build/ddsm115_controller/ddsm115_controller.egg-info/SOURCES.txt'
[8.667s] writing manifest file '../../build/ddsm115_controller/ddsm115_controller.egg-info/SOURCES.txt'
[8.668s] running build
[8.669s] running build_py
[8.671s] running install
[8.700s] running install_lib
[8.826s] running install_data
[8.827s] running install_egg_info
[8.951s] removing '/home/feri/Projekt_1/ROS2_enviroment/ros2_ws/install/ddsm115_controller/lib/python3.12/site-packages/ddsm115_controller-0.0.0-py3.12.egg-info' (and everything under it)
[8.953s] Copying ../../build/ddsm115_controller/ddsm115_controller.egg-info to /home/feri/Projekt_1/ROS2_enviroment/ros2_ws/install/ddsm115_controller/lib/python3.12/site-packages/ddsm115_controller-0.0.0-py3.12.egg-info
[8.962s] running install_scripts
[9.881s] Installing check_motor_id script to /home/feri/Projekt_1/ROS2_enviroment/ros2_ws/install/ddsm115_controller/lib/ddsm115_controller
[9.882s] Installing set_motor_id script to /home/feri/Projekt_1/ROS2_enviroment/ros2_ws/install/ddsm115_controller/lib/ddsm115_controller
[9.883s] Installing two_wheels_robot script to /home/feri/Projekt_1/ROS2_enviroment/ros2_ws/install/ddsm115_controller/lib/ddsm115_controller
[9.884s] Installing velocity_control script to /home/feri/Projekt_1/ROS2_enviroment/ros2_ws/install/ddsm115_controller/lib/ddsm115_controller
[9.886s] writing list of installed files to '/home/feri/Projekt_1/ROS2_enviroment/ros2_ws/build/ddsm115_controller/install.log'
[10.040s] Invoked command in '/home/feri/Projekt_1/ROS2_enviroment/ros2_ws/src/ddsm115_controller' returned '0': DEBUGINFOD_URLS=https://debuginfod.ubuntu.com PYTHONPATH=/home/feri/Projekt_1/ROS2_enviroment/ros2_ws/build/ddsm115_controller/prefix_override:/usr/lib/python3/dist-packages/colcon_core/task/python/colcon_distutils_commands:/home/feri/Projekt_1/ROS2_enviroment/ros2_ws/install/ddsm115_controller/lib/python3.12/site-packages:${PYTHONPATH} /usr/bin/python3 -W ignore:setup.py install is deprecated -W ignore:easy_install command is deprecated setup.py egg_info --egg-base ../../build/ddsm115_controller build --build-base /home/feri/Projekt_1/ROS2_enviroment/ros2_ws/build/ddsm115_controller/build install --record /home/feri/Projekt_1/ROS2_enviroment/ros2_ws/build/ddsm115_controller/install.log --single-version-externally-managed install_data
