[0.511s] DEBUG:colcon:Command line arguments: ['/usr/bin/colcon', 'build']
[0.512s] DEBUG:colcon:Parsed command line arguments: Namespace(log_base=None, log_level=None, verb_name='build', build_base='build', install_base='install', merge_install=False, symlink_install=False, test_result_base=None, continue_on_error=False, executor='parallel', parallel_workers=4, event_handlers=None, ignore_user_meta=False, metas=['./colcon.meta'], base_paths=['.'], packages_ignore=None, packages_ignore_regex=None, paths=None, packages_up_to=None, packages_up_to_regex=None, packages_above=None, packages_above_and_dependencies=None, packages_above_depth=None, packages_select_by_dep=None, packages_skip_by_dep=None, packages_skip_up_to=None, packages_select_build_failed=False, packages_skip_build_finished=False, packages_select_test_failures=False, packages_skip_test_passed=False, packages_select=None, packages_skip=None, packages_select_regex=None, packages_skip_regex=None, packages_start=None, packages_end=None, allow_overriding=[], cmake_args=None, cmake_target=None, cmake_target_skip_unavailable=False, cmake_clean_cache=False, cmake_clean_first=False, cmake_force_configure=False, ament_cmake_args=None, catkin_cmake_args=None, catkin_skip_building_tests=False, mixin_files=None, mixin=None, verb_parser=<colcon_mixin.mixin.mixin_argument.MixinArgumentDecorator object at 0xffffa33206b0>, verb_extension=<colcon_core.verb.build.BuildVerb object at 0xffffa34dce00>, main=<bound method BuildVerb.main of <colcon_core.verb.build.BuildVerb object at 0xffffa34dce00>>, mixin_verb=('build',))
[0.691s] Level 1:colcon.colcon_core.package_discovery:discover_packages(colcon_meta) check parameters
[0.692s] Level 1:colcon.colcon_core.package_discovery:discover_packages(recursive) check parameters
[0.692s] Level 1:colcon.colcon_core.package_discovery:discover_packages(ignore) check parameters
[0.692s] Level 1:colcon.colcon_core.package_discovery:discover_packages(path) check parameters
[0.692s] Level 1:colcon.colcon_core.package_discovery:discover_packages(colcon_meta) discover
[0.693s] Level 1:colcon.colcon_core.package_discovery:discover_packages(recursive) discover
[0.693s] INFO:colcon.colcon_core.package_discovery:Crawling recursively for packages in '/home/feri/Projekt_1/ROS2_enviroment/ros2_ws'
[0.693s] Level 1:colcon.colcon_core.package_identification:_identify(.) by extensions ['ignore', 'ignore_ament_install']
[0.694s] Level 1:colcon.colcon_core.package_identification:_identify(.) by extension 'ignore'
[0.694s] Level 1:colcon.colcon_core.package_identification:_identify(.) by extension 'ignore_ament_install'
[0.695s] Level 1:colcon.colcon_core.package_identification:_identify(.) by extensions ['colcon_pkg']
[0.695s] Level 1:colcon.colcon_core.package_identification:_identify(.) by extension 'colcon_pkg'
[0.695s] Level 1:colcon.colcon_core.package_identification:_identify(.) by extensions ['colcon_meta']
[0.695s] Level 1:colcon.colcon_core.package_identification:_identify(.) by extension 'colcon_meta'
[0.696s] Level 1:colcon.colcon_core.package_identification:_identify(.) by extensions ['ros']
[0.696s] Level 1:colcon.colcon_core.package_identification:_identify(.) by extension 'ros'
[0.811s] Level 1:colcon.colcon_core.package_identification:_identify(.) by extensions ['cmake', 'python']
[0.811s] Level 1:colcon.colcon_core.package_identification:_identify(.) by extension 'cmake'
[0.811s] Level 1:colcon.colcon_core.package_identification:_identify(.) by extension 'python'
[0.811s] Level 1:colcon.colcon_core.package_identification:_identify(.) by extensions ['python_setup_py']
[0.812s] Level 1:colcon.colcon_core.package_identification:_identify(.) by extension 'python_setup_py'
[0.812s] Level 1:colcon.colcon_core.package_identification:_identify(build) by extensions ['ignore', 'ignore_ament_install']
[0.812s] Level 1:colcon.colcon_core.package_identification:_identify(build) by extension 'ignore'
[0.813s] Level 1:colcon.colcon_core.package_identification:_identify(build) ignored
[0.813s] Level 1:colcon.colcon_core.package_identification:_identify(install) by extensions ['ignore', 'ignore_ament_install']
[0.814s] Level 1:colcon.colcon_core.package_identification:_identify(install) by extension 'ignore'
[0.814s] Level 1:colcon.colcon_core.package_identification:_identify(install) ignored
[0.816s] Level 1:colcon.colcon_core.package_identification:_identify(log) by extensions ['ignore', 'ignore_ament_install']
[0.816s] Level 1:colcon.colcon_core.package_identification:_identify(log) by extension 'ignore'
[0.816s] Level 1:colcon.colcon_core.package_identification:_identify(log) ignored
[0.817s] Level 1:colcon.colcon_core.package_identification:_identify(src) by extensions ['ignore', 'ignore_ament_install']
[0.817s] Level 1:colcon.colcon_core.package_identification:_identify(src) by extension 'ignore'
[0.817s] Level 1:colcon.colcon_core.package_identification:_identify(src) by extension 'ignore_ament_install'
[0.818s] Level 1:colcon.colcon_core.package_identification:_identify(src) by extensions ['colcon_pkg']
[0.818s] Level 1:colcon.colcon_core.package_identification:_identify(src) by extension 'colcon_pkg'
[0.818s] Level 1:colcon.colcon_core.package_identification:_identify(src) by extensions ['colcon_meta']
[0.818s] Level 1:colcon.colcon_core.package_identification:_identify(src) by extension 'colcon_meta'
[0.818s] Level 1:colcon.colcon_core.package_identification:_identify(src) by extensions ['ros']
[0.819s] Level 1:colcon.colcon_core.package_identification:_identify(src) by extension 'ros'
[0.819s] Level 1:colcon.colcon_core.package_identification:_identify(src) by extensions ['cmake', 'python']
[0.819s] Level 1:colcon.colcon_core.package_identification:_identify(src) by extension 'cmake'
[0.820s] Level 1:colcon.colcon_core.package_identification:_identify(src) by extension 'python'
[0.820s] Level 1:colcon.colcon_core.package_identification:_identify(src) by extensions ['python_setup_py']
[0.820s] Level 1:colcon.colcon_core.package_identification:_identify(src) by extension 'python_setup_py'
[0.821s] Level 1:colcon.colcon_core.package_identification:_identify(src/ddsm115_controller) by extensions ['ignore', 'ignore_ament_install']
[0.821s] Level 1:colcon.colcon_core.package_identification:_identify(src/ddsm115_controller) by extension 'ignore'
[0.821s] Level 1:colcon.colcon_core.package_identification:_identify(src/ddsm115_controller) by extension 'ignore_ament_install'
[0.821s] Level 1:colcon.colcon_core.package_identification:_identify(src/ddsm115_controller) by extensions ['colcon_pkg']
[0.822s] Level 1:colcon.colcon_core.package_identification:_identify(src/ddsm115_controller) by extension 'colcon_pkg'
[0.822s] Level 1:colcon.colcon_core.package_identification:_identify(src/ddsm115_controller) by extensions ['colcon_meta']
[0.822s] Level 1:colcon.colcon_core.package_identification:_identify(src/ddsm115_controller) by extension 'colcon_meta'
[0.822s] Level 1:colcon.colcon_core.package_identification:_identify(src/ddsm115_controller) by extensions ['ros']
[0.823s] Level 1:colcon.colcon_core.package_identification:_identify(src/ddsm115_controller) by extension 'ros'
[0.831s] DEBUG:colcon.colcon_core.package_identification:Package 'src/ddsm115_controller' with type 'ros.ament_python' and name 'ddsm115_controller'
[0.832s] Level 1:colcon.colcon_core.package_identification:_identify(src/keyboard_control) by extensions ['ignore', 'ignore_ament_install']
[0.832s] Level 1:colcon.colcon_core.package_identification:_identify(src/keyboard_control) by extension 'ignore'
[0.833s] Level 1:colcon.colcon_core.package_identification:_identify(src/keyboard_control) by extension 'ignore_ament_install'
[0.833s] Level 1:colcon.colcon_core.package_identification:_identify(src/keyboard_control) by extensions ['colcon_pkg']
[0.833s] Level 1:colcon.colcon_core.package_identification:_identify(src/keyboard_control) by extension 'colcon_pkg'
[0.833s] Level 1:colcon.colcon_core.package_identification:_identify(src/keyboard_control) by extensions ['colcon_meta']
[0.833s] Level 1:colcon.colcon_core.package_identification:_identify(src/keyboard_control) by extension 'colcon_meta'
[0.833s] Level 1:colcon.colcon_core.package_identification:_identify(src/keyboard_control) by extensions ['ros']
[0.834s] Level 1:colcon.colcon_core.package_identification:_identify(src/keyboard_control) by extension 'ros'
[0.836s] DEBUG:colcon.colcon_core.package_identification:Package 'src/keyboard_control' with type 'ros.ament_python' and name 'keyboard_control'
[0.836s] Level 1:colcon.colcon_core.package_identification:_identify(src/robot_description) by extensions ['ignore', 'ignore_ament_install']
[0.837s] Level 1:colcon.colcon_core.package_identification:_identify(src/robot_description) by extension 'ignore'
[0.837s] Level 1:colcon.colcon_core.package_identification:_identify(src/robot_description) by extension 'ignore_ament_install'
[0.837s] Level 1:colcon.colcon_core.package_identification:_identify(src/robot_description) by extensions ['colcon_pkg']
[0.837s] Level 1:colcon.colcon_core.package_identification:_identify(src/robot_description) by extension 'colcon_pkg'
[0.837s] Level 1:colcon.colcon_core.package_identification:_identify(src/robot_description) by extensions ['colcon_meta']
[0.838s] Level 1:colcon.colcon_core.package_identification:_identify(src/robot_description) by extension 'colcon_meta'
[0.838s] Level 1:colcon.colcon_core.package_identification:_identify(src/robot_description) by extensions ['ros']
[0.838s] Level 1:colcon.colcon_core.package_identification:_identify(src/robot_description) by extension 'ros'
[0.840s] DEBUG:colcon.colcon_core.package_identification:Package 'src/robot_description' with type 'ros.ament_cmake' and name 'robot_description'
[0.840s] Level 1:colcon.colcon_core.package_identification:_identify(src/ros2_laser_scan_merger) by extensions ['ignore', 'ignore_ament_install']
[0.841s] Level 1:colcon.colcon_core.package_identification:_identify(src/ros2_laser_scan_merger) by extension 'ignore'
[0.841s] Level 1:colcon.colcon_core.package_identification:_identify(src/ros2_laser_scan_merger) by extension 'ignore_ament_install'
[0.841s] Level 1:colcon.colcon_core.package_identification:_identify(src/ros2_laser_scan_merger) by extensions ['colcon_pkg']
[0.841s] Level 1:colcon.colcon_core.package_identification:_identify(src/ros2_laser_scan_merger) by extension 'colcon_pkg'
[0.841s] Level 1:colcon.colcon_core.package_identification:_identify(src/ros2_laser_scan_merger) by extensions ['colcon_meta']
[0.842s] Level 1:colcon.colcon_core.package_identification:_identify(src/ros2_laser_scan_merger) by extension 'colcon_meta'
[0.842s] Level 1:colcon.colcon_core.package_identification:_identify(src/ros2_laser_scan_merger) by extensions ['ros']
[0.842s] Level 1:colcon.colcon_core.package_identification:_identify(src/ros2_laser_scan_merger) by extension 'ros'
[0.846s] DEBUG:colcon.colcon_core.package_identification:Package 'src/ros2_laser_scan_merger' with type 'ros.ament_cmake' and name 'ros2_laser_scan_merger'
[0.846s] Level 1:colcon.colcon_core.package_identification:_identify(src/sllidar_ros2) by extensions ['ignore', 'ignore_ament_install']
[0.847s] Level 1:colcon.colcon_core.package_identification:_identify(src/sllidar_ros2) by extension 'ignore'
[0.847s] Level 1:colcon.colcon_core.package_identification:_identify(src/sllidar_ros2) by extension 'ignore_ament_install'
[0.847s] Level 1:colcon.colcon_core.package_identification:_identify(src/sllidar_ros2) by extensions ['colcon_pkg']
[0.847s] Level 1:colcon.colcon_core.package_identification:_identify(src/sllidar_ros2) by extension 'colcon_pkg'
[0.847s] Level 1:colcon.colcon_core.package_identification:_identify(src/sllidar_ros2) by extensions ['colcon_meta']
[0.847s] Level 1:colcon.colcon_core.package_identification:_identify(src/sllidar_ros2) by extension 'colcon_meta'
[0.848s] Level 1:colcon.colcon_core.package_identification:_identify(src/sllidar_ros2) by extensions ['ros']
[0.848s] Level 1:colcon.colcon_core.package_identification:_identify(src/sllidar_ros2) by extension 'ros'
[0.850s] DEBUG:colcon.colcon_core.package_identification:Package 'src/sllidar_ros2' with type 'ros.ament_cmake' and name 'sllidar_ros2'
[0.850s] Level 1:colcon.colcon_core.package_discovery:discover_packages(recursive) using defaults
[0.851s] Level 1:colcon.colcon_core.package_discovery:discover_packages(ignore) discover
[0.851s] Level 1:colcon.colcon_core.package_discovery:discover_packages(ignore) using defaults
[0.851s] Level 1:colcon.colcon_core.package_discovery:discover_packages(path) discover
[0.851s] Level 1:colcon.colcon_core.package_discovery:discover_packages(path) using defaults
[0.923s] Level 1:colcon.colcon_core.package_discovery:discover_packages(prefix_path) check parameters
[0.924s] Level 1:colcon.colcon_core.package_discovery:discover_packages(prefix_path) discover
[0.934s] DEBUG:colcon.colcon_installed_package_information.package_discovery:Found 6 installed packages in /home/feri/Projekt_1/ROS2_enviroment/ros2_ws/install
[0.945s] DEBUG:colcon.colcon_installed_package_information.package_discovery:Found 296 installed packages in /opt/ros/jazzy
[0.953s] Level 1:colcon.colcon_core.package_discovery:discover_packages(prefix_path) using defaults
[1.160s] Level 5:colcon.colcon_core.verb:set package 'ddsm115_controller' build argument 'cmake_args' from command line to 'None'
[1.160s] Level 5:colcon.colcon_core.verb:set package 'ddsm115_controller' build argument 'cmake_target' from command line to 'None'
[1.160s] Level 5:colcon.colcon_core.verb:set package 'ddsm115_controller' build argument 'cmake_target_skip_unavailable' from command line to 'False'
[1.160s] Level 5:colcon.colcon_core.verb:set package 'ddsm115_controller' build argument 'cmake_clean_cache' from command line to 'False'
[1.160s] Level 5:colcon.colcon_core.verb:set package 'ddsm115_controller' build argument 'cmake_clean_first' from command line to 'False'
[1.161s] Level 5:colcon.colcon_core.verb:set package 'ddsm115_controller' build argument 'cmake_force_configure' from command line to 'False'
[1.161s] Level 5:colcon.colcon_core.verb:set package 'ddsm115_controller' build argument 'ament_cmake_args' from command line to 'None'
[1.161s] Level 5:colcon.colcon_core.verb:set package 'ddsm115_controller' build argument 'catkin_cmake_args' from command line to 'None'
[1.161s] Level 5:colcon.colcon_core.verb:set package 'ddsm115_controller' build argument 'catkin_skip_building_tests' from command line to 'False'
[1.161s] DEBUG:colcon.colcon_core.verb:Building package 'ddsm115_controller' with the following arguments: {'ament_cmake_args': None, 'build_base': '/home/feri/Projekt_1/ROS2_enviroment/ros2_ws/build/ddsm115_controller', 'catkin_cmake_args': None, 'catkin_skip_building_tests': False, 'cmake_args': None, 'cmake_clean_cache': False, 'cmake_clean_first': False, 'cmake_force_configure': False, 'cmake_target': None, 'cmake_target_skip_unavailable': False, 'install_base': '/home/feri/Projekt_1/ROS2_enviroment/ros2_ws/install/ddsm115_controller', 'merge_install': False, 'path': '/home/feri/Projekt_1/ROS2_enviroment/ros2_ws/src/ddsm115_controller', 'symlink_install': False, 'test_result_base': None}
[1.162s] Level 5:colcon.colcon_core.verb:set package 'keyboard_control' build argument 'cmake_args' from command line to 'None'
[1.163s] Level 5:colcon.colcon_core.verb:set package 'keyboard_control' build argument 'cmake_target' from command line to 'None'
[1.163s] Level 5:colcon.colcon_core.verb:set package 'keyboard_control' build argument 'cmake_target_skip_unavailable' from command line to 'False'
[1.163s] Level 5:colcon.colcon_core.verb:set package 'keyboard_control' build argument 'cmake_clean_cache' from command line to 'False'
[1.163s] Level 5:colcon.colcon_core.verb:set package 'keyboard_control' build argument 'cmake_clean_first' from command line to 'False'
[1.163s] Level 5:colcon.colcon_core.verb:set package 'keyboard_control' build argument 'cmake_force_configure' from command line to 'False'
[1.163s] Level 5:colcon.colcon_core.verb:set package 'keyboard_control' build argument 'ament_cmake_args' from command line to 'None'
[1.163s] Level 5:colcon.colcon_core.verb:set package 'keyboard_control' build argument 'catkin_cmake_args' from command line to 'None'
[1.163s] Level 5:colcon.colcon_core.verb:set package 'keyboard_control' build argument 'catkin_skip_building_tests' from command line to 'False'
[1.163s] DEBUG:colcon.colcon_core.verb:Building package 'keyboard_control' with the following arguments: {'ament_cmake_args': None, 'build_base': '/home/feri/Projekt_1/ROS2_enviroment/ros2_ws/build/keyboard_control', 'catkin_cmake_args': None, 'catkin_skip_building_tests': False, 'cmake_args': None, 'cmake_clean_cache': False, 'cmake_clean_first': False, 'cmake_force_configure': False, 'cmake_target': None, 'cmake_target_skip_unavailable': False, 'install_base': '/home/feri/Projekt_1/ROS2_enviroment/ros2_ws/install/keyboard_control', 'merge_install': False, 'path': '/home/feri/Projekt_1/ROS2_enviroment/ros2_ws/src/keyboard_control', 'symlink_install': False, 'test_result_base': None}
[1.165s] Level 5:colcon.colcon_core.verb:set package 'robot_description' build argument 'cmake_args' from command line to 'None'
[1.165s] Level 5:colcon.colcon_core.verb:set package 'robot_description' build argument 'cmake_target' from command line to 'None'
[1.165s] Level 5:colcon.colcon_core.verb:set package 'robot_description' build argument 'cmake_target_skip_unavailable' from command line to 'False'
[1.165s] Level 5:colcon.colcon_core.verb:set package 'robot_description' build argument 'cmake_clean_cache' from command line to 'False'
[1.165s] Level 5:colcon.colcon_core.verb:set package 'robot_description' build argument 'cmake_clean_first' from command line to 'False'
[1.165s] Level 5:colcon.colcon_core.verb:set package 'robot_description' build argument 'cmake_force_configure' from command line to 'False'
[1.165s] Level 5:colcon.colcon_core.verb:set package 'robot_description' build argument 'ament_cmake_args' from command line to 'None'
[1.165s] Level 5:colcon.colcon_core.verb:set package 'robot_description' build argument 'catkin_cmake_args' from command line to 'None'
[1.166s] Level 5:colcon.colcon_core.verb:set package 'robot_description' build argument 'catkin_skip_building_tests' from command line to 'False'
[1.166s] DEBUG:colcon.colcon_core.verb:Building package 'robot_description' with the following arguments: {'ament_cmake_args': None, 'build_base': '/home/feri/Projekt_1/ROS2_enviroment/ros2_ws/build/robot_description', 'catkin_cmake_args': None, 'catkin_skip_building_tests': False, 'cmake_args': None, 'cmake_clean_cache': False, 'cmake_clean_first': False, 'cmake_force_configure': False, 'cmake_target': None, 'cmake_target_skip_unavailable': False, 'install_base': '/home/feri/Projekt_1/ROS2_enviroment/ros2_ws/install/robot_description', 'merge_install': False, 'path': '/home/feri/Projekt_1/ROS2_enviroment/ros2_ws/src/robot_description', 'symlink_install': False, 'test_result_base': None}
[1.167s] Level 5:colcon.colcon_core.verb:set package 'ros2_laser_scan_merger' build argument 'cmake_args' from command line to 'None'
[1.167s] Level 5:colcon.colcon_core.verb:set package 'ros2_laser_scan_merger' build argument 'cmake_target' from command line to 'None'
[1.167s] Level 5:colcon.colcon_core.verb:set package 'ros2_laser_scan_merger' build argument 'cmake_target_skip_unavailable' from command line to 'False'
[1.167s] Level 5:colcon.colcon_core.verb:set package 'ros2_laser_scan_merger' build argument 'cmake_clean_cache' from command line to 'False'
[1.168s] Level 5:colcon.colcon_core.verb:set package 'ros2_laser_scan_merger' build argument 'cmake_clean_first' from command line to 'False'
[1.168s] Level 5:colcon.colcon_core.verb:set package 'ros2_laser_scan_merger' build argument 'cmake_force_configure' from command line to 'False'
[1.168s] Level 5:colcon.colcon_core.verb:set package 'ros2_laser_scan_merger' build argument 'ament_cmake_args' from command line to 'None'
[1.168s] Level 5:colcon.colcon_core.verb:set package 'ros2_laser_scan_merger' build argument 'catkin_cmake_args' from command line to 'None'
[1.168s] Level 5:colcon.colcon_core.verb:set package 'ros2_laser_scan_merger' build argument 'catkin_skip_building_tests' from command line to 'False'
[1.168s] DEBUG:colcon.colcon_core.verb:Building package 'ros2_laser_scan_merger' with the following arguments: {'ament_cmake_args': None, 'build_base': '/home/feri/Projekt_1/ROS2_enviroment/ros2_ws/build/ros2_laser_scan_merger', 'catkin_cmake_args': None, 'catkin_skip_building_tests': False, 'cmake_args': None, 'cmake_clean_cache': False, 'cmake_clean_first': False, 'cmake_force_configure': False, 'cmake_target': None, 'cmake_target_skip_unavailable': False, 'install_base': '/home/feri/Projekt_1/ROS2_enviroment/ros2_ws/install/ros2_laser_scan_merger', 'merge_install': False, 'path': '/home/feri/Projekt_1/ROS2_enviroment/ros2_ws/src/ros2_laser_scan_merger', 'symlink_install': False, 'test_result_base': None}
[1.169s] Level 5:colcon.colcon_core.verb:set package 'sllidar_ros2' build argument 'cmake_args' from command line to 'None'
[1.170s] Level 5:colcon.colcon_core.verb:set package 'sllidar_ros2' build argument 'cmake_target' from command line to 'None'
[1.170s] Level 5:colcon.colcon_core.verb:set package 'sllidar_ros2' build argument 'cmake_target_skip_unavailable' from command line to 'False'
[1.170s] Level 5:colcon.colcon_core.verb:set package 'sllidar_ros2' build argument 'cmake_clean_cache' from command line to 'False'
[1.170s] Level 5:colcon.colcon_core.verb:set package 'sllidar_ros2' build argument 'cmake_clean_first' from command line to 'False'
[1.170s] Level 5:colcon.colcon_core.verb:set package 'sllidar_ros2' build argument 'cmake_force_configure' from command line to 'False'
[1.170s] Level 5:colcon.colcon_core.verb:set package 'sllidar_ros2' build argument 'ament_cmake_args' from command line to 'None'
[1.170s] Level 5:colcon.colcon_core.verb:set package 'sllidar_ros2' build argument 'catkin_cmake_args' from command line to 'None'
[1.170s] Level 5:colcon.colcon_core.verb:set package 'sllidar_ros2' build argument 'catkin_skip_building_tests' from command line to 'False'
[1.170s] DEBUG:colcon.colcon_core.verb:Building package 'sllidar_ros2' with the following arguments: {'ament_cmake_args': None, 'build_base': '/home/feri/Projekt_1/ROS2_enviroment/ros2_ws/build/sllidar_ros2', 'catkin_cmake_args': None, 'catkin_skip_building_tests': False, 'cmake_args': None, 'cmake_clean_cache': False, 'cmake_clean_first': False, 'cmake_force_configure': False, 'cmake_target': None, 'cmake_target_skip_unavailable': False, 'install_base': '/home/feri/Projekt_1/ROS2_enviroment/ros2_ws/install/sllidar_ros2', 'merge_install': False, 'path': '/home/feri/Projekt_1/ROS2_enviroment/ros2_ws/src/sllidar_ros2', 'symlink_install': False, 'test_result_base': None}
[1.171s] INFO:colcon.colcon_core.executor:Executing jobs using 'parallel' executor
[1.174s] DEBUG:colcon.colcon_parallel_executor.executor.parallel:run_until_complete
[1.175s] INFO:colcon.colcon_ros.task.ament_python.build:Building ROS package in '/home/feri/Projekt_1/ROS2_enviroment/ros2_ws/src/ddsm115_controller' with build type 'ament_python'
[1.176s] Level 1:colcon.colcon_core.shell:create_environment_hook('ddsm115_controller', 'ament_prefix_path')
[1.187s] INFO:colcon.colcon_core.plugin_system:Skipping extension 'colcon_core.shell.bat': Not used on non-Windows systems
[1.188s] INFO:colcon.colcon_core.shell:Creating environment hook '/home/feri/Projekt_1/ROS2_enviroment/ros2_ws/install/ddsm115_controller/share/ddsm115_controller/hook/ament_prefix_path.ps1'
[1.191s] INFO:colcon.colcon_core.shell:Creating environment descriptor '/home/feri/Projekt_1/ROS2_enviroment/ros2_ws/install/ddsm115_controller/share/ddsm115_controller/hook/ament_prefix_path.dsv'
[1.193s] INFO:colcon.colcon_core.shell:Creating environment hook '/home/feri/Projekt_1/ROS2_enviroment/ros2_ws/install/ddsm115_controller/share/ddsm115_controller/hook/ament_prefix_path.sh'
[1.196s] INFO:colcon.colcon_core.shell:Skip shell extension 'powershell' for command environment: Not usable outside of PowerShell
[1.196s] DEBUG:colcon.colcon_core.shell:Skip shell extension 'dsv' for command environment
[1.216s] INFO:colcon.colcon_ros.task.ament_python.build:Building ROS package in '/home/feri/Projekt_1/ROS2_enviroment/ros2_ws/src/keyboard_control' with build type 'ament_python'
[1.217s] Level 1:colcon.colcon_core.shell:create_environment_hook('keyboard_control', 'ament_prefix_path')
[1.218s] INFO:colcon.colcon_core.shell:Creating environment hook '/home/feri/Projekt_1/ROS2_enviroment/ros2_ws/install/keyboard_control/share/keyboard_control/hook/ament_prefix_path.ps1'
[1.220s] INFO:colcon.colcon_core.shell:Creating environment descriptor '/home/feri/Projekt_1/ROS2_enviroment/ros2_ws/install/keyboard_control/share/keyboard_control/hook/ament_prefix_path.dsv'
[1.222s] INFO:colcon.colcon_core.shell:Creating environment hook '/home/feri/Projekt_1/ROS2_enviroment/ros2_ws/install/keyboard_control/share/keyboard_control/hook/ament_prefix_path.sh'
[1.226s] INFO:colcon.colcon_core.shell:Skip shell extension 'powershell' for command environment: Not usable outside of PowerShell
[1.226s] DEBUG:colcon.colcon_core.shell:Skip shell extension 'dsv' for command environment
[1.247s] INFO:colcon.colcon_ros.task.ament_cmake.build:Building ROS package in '/home/feri/Projekt_1/ROS2_enviroment/ros2_ws/src/robot_description' with build type 'ament_cmake'
[1.248s] INFO:colcon.colcon_cmake.task.cmake.build:Building CMake package in '/home/feri/Projekt_1/ROS2_enviroment/ros2_ws/src/robot_description'
[1.249s] INFO:colcon.colcon_core.shell:Skip shell extension 'powershell' for command environment: Not usable outside of PowerShell
[1.249s] DEBUG:colcon.colcon_core.shell:Skip shell extension 'dsv' for command environment
[1.272s] INFO:colcon.colcon_ros.task.ament_cmake.build:Building ROS package in '/home/feri/Projekt_1/ROS2_enviroment/ros2_ws/src/ros2_laser_scan_merger' with build type 'ament_cmake'
[1.272s] INFO:colcon.colcon_cmake.task.cmake.build:Building CMake package in '/home/feri/Projekt_1/ROS2_enviroment/ros2_ws/src/ros2_laser_scan_merger'
[1.273s] INFO:colcon.colcon_core.shell:Skip shell extension 'powershell' for command environment: Not usable outside of PowerShell
[1.274s] DEBUG:colcon.colcon_core.shell:Skip shell extension 'dsv' for command environment
[2.287s] INFO:colcon.colcon_core.task.python.build:Building Python package in '/home/feri/Projekt_1/ROS2_enviroment/ros2_ws/src/ddsm115_controller'
[2.287s] INFO:colcon.colcon_core.shell:Skip shell extension 'powershell' for command environment: Not usable outside of PowerShell
[2.288s] DEBUG:colcon.colcon_core.shell:Skip shell extension 'dsv' for command environment
[3.283s] INFO:colcon.colcon_core.task.python.build:Building Python package in '/home/feri/Projekt_1/ROS2_enviroment/ros2_ws/src/keyboard_control'
[3.283s] INFO:colcon.colcon_core.shell:Skip shell extension 'powershell' for command environment: Not usable outside of PowerShell
[3.284s] DEBUG:colcon.colcon_core.shell:Skip shell extension 'dsv' for command environment
[3.321s] DEBUG:colcon.colcon_core.event_handler.log_command:Invoking command in '/home/feri/Projekt_1/ROS2_enviroment/ros2_ws/build/robot_description': CMAKE_PREFIX_PATH=${CMAKE_PREFIX_PATH}:/home/feri/Projekt_1/ROS2_enviroment/ros2_ws/install/keyboard_control:/home/feri/Projekt_1/ROS2_enviroment/ros2_ws/install/ddsm115_controller:/opt/ros/jazzy DEBUGINFOD_URLS=https://debuginfod.ubuntu.com /usr/bin/cmake --build /home/feri/Projekt_1/ROS2_enviroment/ros2_ws/build/robot_description -- -j4 -l4
[3.344s] DEBUG:colcon.colcon_core.event_handler.log_command:Invoking command in '/home/feri/Projekt_1/ROS2_enviroment/ros2_ws/build/ros2_laser_scan_merger': CMAKE_PREFIX_PATH=${CMAKE_PREFIX_PATH}:/home/feri/Projekt_1/ROS2_enviroment/ros2_ws/install/keyboard_control:/home/feri/Projekt_1/ROS2_enviroment/ros2_ws/install/ddsm115_controller:/opt/ros/jazzy DEBUGINFOD_URLS=https://debuginfod.ubuntu.com /usr/bin/cmake --build /home/feri/Projekt_1/ROS2_enviroment/ros2_ws/build/ros2_laser_scan_merger -- -j4 -l4
[3.613s] DEBUG:colcon.colcon_core.event_handler.log_command:Invoked command in '/home/feri/Projekt_1/ROS2_enviroment/ros2_ws/build/robot_description' returned '0': CMAKE_PREFIX_PATH=${CMAKE_PREFIX_PATH}:/home/feri/Projekt_1/ROS2_enviroment/ros2_ws/install/keyboard_control:/home/feri/Projekt_1/ROS2_enviroment/ros2_ws/install/ddsm115_controller:/opt/ros/jazzy DEBUGINFOD_URLS=https://debuginfod.ubuntu.com /usr/bin/cmake --build /home/feri/Projekt_1/ROS2_enviroment/ros2_ws/build/robot_description -- -j4 -l4
[3.687s] DEBUG:colcon.colcon_core.event_handler.log_command:Invoking command in '/home/feri/Projekt_1/ROS2_enviroment/ros2_ws/build/robot_description': CMAKE_PREFIX_PATH=${CMAKE_PREFIX_PATH}:/home/feri/Projekt_1/ROS2_enviroment/ros2_ws/install/keyboard_control:/home/feri/Projekt_1/ROS2_enviroment/ros2_ws/install/ddsm115_controller:/opt/ros/jazzy DEBUGINFOD_URLS=https://debuginfod.ubuntu.com /usr/bin/cmake --install /home/feri/Projekt_1/ROS2_enviroment/ros2_ws/build/robot_description
[3.807s] Level 1:colcon.colcon_core.environment:create_environment_scripts_only(robot_description)
[3.809s] DEBUG:colcon.colcon_core.event_handler.log_command:Invoked command in '/home/feri/Projekt_1/ROS2_enviroment/ros2_ws/build/robot_description' returned '0': CMAKE_PREFIX_PATH=${CMAKE_PREFIX_PATH}:/home/feri/Projekt_1/ROS2_enviroment/ros2_ws/install/keyboard_control:/home/feri/Projekt_1/ROS2_enviroment/ros2_ws/install/ddsm115_controller:/opt/ros/jazzy DEBUGINFOD_URLS=https://debuginfod.ubuntu.com /usr/bin/cmake --install /home/feri/Projekt_1/ROS2_enviroment/ros2_ws/build/robot_description
[3.830s] Level 1:colcon.colcon_core.environment:checking '/home/feri/Projekt_1/ROS2_enviroment/ros2_ws/install/robot_description' for CMake module files
[3.835s] Level 1:colcon.colcon_core.environment:checking '/home/feri/Projekt_1/ROS2_enviroment/ros2_ws/install/robot_description' for CMake config files
[3.842s] Level 1:colcon.colcon_core.shell:create_environment_hook('robot_description', 'cmake_prefix_path')
[3.844s] INFO:colcon.colcon_core.shell:Creating environment hook '/home/feri/Projekt_1/ROS2_enviroment/ros2_ws/install/robot_description/share/robot_description/hook/cmake_prefix_path.ps1'
[3.849s] INFO:colcon.colcon_core.shell:Creating environment descriptor '/home/feri/Projekt_1/ROS2_enviroment/ros2_ws/install/robot_description/share/robot_description/hook/cmake_prefix_path.dsv'
[3.853s] INFO:colcon.colcon_core.shell:Creating environment hook '/home/feri/Projekt_1/ROS2_enviroment/ros2_ws/install/robot_description/share/robot_description/hook/cmake_prefix_path.sh'
[3.859s] Level 1:colcon.colcon_core.environment:checking '/home/feri/Projekt_1/ROS2_enviroment/ros2_ws/install/robot_description/bin'
[3.860s] Level 1:colcon.colcon_core.environment:checking '/home/feri/Projekt_1/ROS2_enviroment/ros2_ws/install/robot_description/lib/pkgconfig/robot_description.pc'
[3.861s] Level 1:colcon.colcon_core.environment:checking '/home/feri/Projekt_1/ROS2_enviroment/ros2_ws/install/robot_description/lib/python3.12/site-packages'
[3.865s] Level 1:colcon.colcon_core.environment:checking '/home/feri/Projekt_1/ROS2_enviroment/ros2_ws/install/robot_description/bin'
[3.867s] INFO:colcon.colcon_core.shell:Creating package script '/home/feri/Projekt_1/ROS2_enviroment/ros2_ws/install/robot_description/share/robot_description/package.ps1'
[3.875s] INFO:colcon.colcon_core.shell:Creating package descriptor '/home/feri/Projekt_1/ROS2_enviroment/ros2_ws/install/robot_description/share/robot_description/package.dsv'
[3.879s] INFO:colcon.colcon_core.shell:Creating package script '/home/feri/Projekt_1/ROS2_enviroment/ros2_ws/install/robot_description/share/robot_description/package.sh'
[3.884s] INFO:colcon.colcon_core.shell:Creating package script '/home/feri/Projekt_1/ROS2_enviroment/ros2_ws/install/robot_description/share/robot_description/package.bash'
[3.890s] INFO:colcon.colcon_core.shell:Creating package script '/home/feri/Projekt_1/ROS2_enviroment/ros2_ws/install/robot_description/share/robot_description/package.zsh'
[3.894s] Level 1:colcon.colcon_core.environment:create_file_with_runtime_dependencies(/home/feri/Projekt_1/ROS2_enviroment/ros2_ws/install/robot_description/share/colcon-core/packages/robot_description)
[3.900s] Level 1:colcon.colcon_core.environment:create_environment_scripts_only(robot_description)
[3.902s] Level 1:colcon.colcon_core.environment:checking '/home/feri/Projekt_1/ROS2_enviroment/ros2_ws/install/robot_description' for CMake module files
[3.912s] Level 1:colcon.colcon_core.environment:checking '/home/feri/Projekt_1/ROS2_enviroment/ros2_ws/install/robot_description' for CMake config files
[3.915s] Level 1:colcon.colcon_core.shell:create_environment_hook('robot_description', 'cmake_prefix_path')
[3.917s] INFO:colcon.colcon_core.shell:Creating environment hook '/home/feri/Projekt_1/ROS2_enviroment/ros2_ws/install/robot_description/share/robot_description/hook/cmake_prefix_path.ps1'
[3.920s] INFO:colcon.colcon_core.shell:Creating environment descriptor '/home/feri/Projekt_1/ROS2_enviroment/ros2_ws/install/robot_description/share/robot_description/hook/cmake_prefix_path.dsv'
[3.928s] INFO:colcon.colcon_core.shell:Creating environment hook '/home/feri/Projekt_1/ROS2_enviroment/ros2_ws/install/robot_description/share/robot_description/hook/cmake_prefix_path.sh'
[3.932s] Level 1:colcon.colcon_core.environment:checking '/home/feri/Projekt_1/ROS2_enviroment/ros2_ws/install/robot_description/bin'
[3.933s] Level 1:colcon.colcon_core.environment:checking '/home/feri/Projekt_1/ROS2_enviroment/ros2_ws/install/robot_description/lib/pkgconfig/robot_description.pc'
[3.935s] Level 1:colcon.colcon_core.environment:checking '/home/feri/Projekt_1/ROS2_enviroment/ros2_ws/install/robot_description/lib/python3.12/site-packages'
[3.937s] Level 1:colcon.colcon_core.environment:checking '/home/feri/Projekt_1/ROS2_enviroment/ros2_ws/install/robot_description/bin'
[3.939s] INFO:colcon.colcon_core.shell:Creating package script '/home/feri/Projekt_1/ROS2_enviroment/ros2_ws/install/robot_description/share/robot_description/package.ps1'
[3.942s] INFO:colcon.colcon_core.shell:Creating package descriptor '/home/feri/Projekt_1/ROS2_enviroment/ros2_ws/install/robot_description/share/robot_description/package.dsv'
[3.944s] INFO:colcon.colcon_core.shell:Creating package script '/home/feri/Projekt_1/ROS2_enviroment/ros2_ws/install/robot_description/share/robot_description/package.sh'
[3.947s] INFO:colcon.colcon_core.shell:Creating package script '/home/feri/Projekt_1/ROS2_enviroment/ros2_ws/install/robot_description/share/robot_description/package.bash'
[3.949s] INFO:colcon.colcon_core.shell:Creating package script '/home/feri/Projekt_1/ROS2_enviroment/ros2_ws/install/robot_description/share/robot_description/package.zsh'
[3.952s] Level 1:colcon.colcon_core.environment:create_file_with_runtime_dependencies(/home/feri/Projekt_1/ROS2_enviroment/ros2_ws/install/robot_description/share/colcon-core/packages/robot_description)
[3.955s] INFO:colcon.colcon_ros.task.ament_cmake.build:Building ROS package in '/home/feri/Projekt_1/ROS2_enviroment/ros2_ws/src/sllidar_ros2' with build type 'ament_cmake'
[3.955s] INFO:colcon.colcon_cmake.task.cmake.build:Building CMake package in '/home/feri/Projekt_1/ROS2_enviroment/ros2_ws/src/sllidar_ros2'
[3.958s] INFO:colcon.colcon_core.shell:Skip shell extension 'powershell' for command environment: Not usable outside of PowerShell
[3.960s] DEBUG:colcon.colcon_core.shell:Skip shell extension 'dsv' for command environment
[3.992s] DEBUG:colcon.colcon_core.event_handler.log_command:Invoked command in '/home/feri/Projekt_1/ROS2_enviroment/ros2_ws/build/ros2_laser_scan_merger' returned '0': CMAKE_PREFIX_PATH=${CMAKE_PREFIX_PATH}:/home/feri/Projekt_1/ROS2_enviroment/ros2_ws/install/keyboard_control:/home/feri/Projekt_1/ROS2_enviroment/ros2_ws/install/ddsm115_controller:/opt/ros/jazzy DEBUGINFOD_URLS=https://debuginfod.ubuntu.com /usr/bin/cmake --build /home/feri/Projekt_1/ROS2_enviroment/ros2_ws/build/ros2_laser_scan_merger -- -j4 -l4
[3.998s] DEBUG:colcon.colcon_core.event_handler.log_command:Invoking command in '/home/feri/Projekt_1/ROS2_enviroment/ros2_ws/build/ros2_laser_scan_merger': CMAKE_PREFIX_PATH=${CMAKE_PREFIX_PATH}:/home/feri/Projekt_1/ROS2_enviroment/ros2_ws/install/keyboard_control:/home/feri/Projekt_1/ROS2_enviroment/ros2_ws/install/ddsm115_controller:/opt/ros/jazzy DEBUGINFOD_URLS=https://debuginfod.ubuntu.com /usr/bin/cmake --install /home/feri/Projekt_1/ROS2_enviroment/ros2_ws/build/ros2_laser_scan_merger
[4.020s] DEBUG:colcon.colcon_core.event_handler.log_command:Invoking command in '/home/feri/Projekt_1/ROS2_enviroment/ros2_ws/build/sllidar_ros2': CMAKE_PREFIX_PATH=${CMAKE_PREFIX_PATH}:/home/feri/Projekt_1/ROS2_enviroment/ros2_ws/install/keyboard_control:/home/feri/Projekt_1/ROS2_enviroment/ros2_ws/install/ddsm115_controller:/opt/ros/jazzy DEBUGINFOD_URLS=https://debuginfod.ubuntu.com /usr/bin/cmake --build /home/feri/Projekt_1/ROS2_enviroment/ros2_ws/build/sllidar_ros2 -- -j4 -l4
[4.112s] Level 1:colcon.colcon_core.environment:create_environment_scripts_only(ros2_laser_scan_merger)
[4.118s] Level 1:colcon.colcon_core.environment:checking '/home/feri/Projekt_1/ROS2_enviroment/ros2_ws/install/ros2_laser_scan_merger' for CMake module files
[4.119s] DEBUG:colcon.colcon_core.event_handler.log_command:Invoked command in '/home/feri/Projekt_1/ROS2_enviroment/ros2_ws/build/ros2_laser_scan_merger' returned '0': CMAKE_PREFIX_PATH=${CMAKE_PREFIX_PATH}:/home/feri/Projekt_1/ROS2_enviroment/ros2_ws/install/keyboard_control:/home/feri/Projekt_1/ROS2_enviroment/ros2_ws/install/ddsm115_controller:/opt/ros/jazzy DEBUGINFOD_URLS=https://debuginfod.ubuntu.com /usr/bin/cmake --install /home/feri/Projekt_1/ROS2_enviroment/ros2_ws/build/ros2_laser_scan_merger
[4.124s] Level 1:colcon.colcon_core.environment:checking '/home/feri/Projekt_1/ROS2_enviroment/ros2_ws/install/ros2_laser_scan_merger' for CMake config files
[4.128s] Level 1:colcon.colcon_core.shell:create_environment_hook('ros2_laser_scan_merger', 'cmake_prefix_path')
[4.129s] INFO:colcon.colcon_core.shell:Creating environment hook '/home/feri/Projekt_1/ROS2_enviroment/ros2_ws/install/ros2_laser_scan_merger/share/ros2_laser_scan_merger/hook/cmake_prefix_path.ps1'
[4.133s] INFO:colcon.colcon_core.shell:Creating environment descriptor '/home/feri/Projekt_1/ROS2_enviroment/ros2_ws/install/ros2_laser_scan_merger/share/ros2_laser_scan_merger/hook/cmake_prefix_path.dsv'
[4.136s] INFO:colcon.colcon_core.shell:Creating environment hook '/home/feri/Projekt_1/ROS2_enviroment/ros2_ws/install/ros2_laser_scan_merger/share/ros2_laser_scan_merger/hook/cmake_prefix_path.sh'
[4.141s] Level 1:colcon.colcon_core.environment:checking '/home/feri/Projekt_1/ROS2_enviroment/ros2_ws/install/ros2_laser_scan_merger/lib'
[4.143s] Level 1:colcon.colcon_core.environment:checking '/home/feri/Projekt_1/ROS2_enviroment/ros2_ws/install/ros2_laser_scan_merger/bin'
[4.144s] Level 1:colcon.colcon_core.environment:checking '/home/feri/Projekt_1/ROS2_enviroment/ros2_ws/install/ros2_laser_scan_merger/lib/pkgconfig/ros2_laser_scan_merger.pc'
[4.146s] Level 1:colcon.colcon_core.environment:checking '/home/feri/Projekt_1/ROS2_enviroment/ros2_ws/install/ros2_laser_scan_merger/lib/python3.12/site-packages'
[4.149s] Level 1:colcon.colcon_core.environment:checking '/home/feri/Projekt_1/ROS2_enviroment/ros2_ws/install/ros2_laser_scan_merger/bin'
[4.151s] INFO:colcon.colcon_core.shell:Creating package script '/home/feri/Projekt_1/ROS2_enviroment/ros2_ws/install/ros2_laser_scan_merger/share/ros2_laser_scan_merger/package.ps1'
[4.156s] INFO:colcon.colcon_core.shell:Creating package descriptor '/home/feri/Projekt_1/ROS2_enviroment/ros2_ws/install/ros2_laser_scan_merger/share/ros2_laser_scan_merger/package.dsv'
[4.159s] INFO:colcon.colcon_core.shell:Creating package script '/home/feri/Projekt_1/ROS2_enviroment/ros2_ws/install/ros2_laser_scan_merger/share/ros2_laser_scan_merger/package.sh'
[4.164s] INFO:colcon.colcon_core.shell:Creating package script '/home/feri/Projekt_1/ROS2_enviroment/ros2_ws/install/ros2_laser_scan_merger/share/ros2_laser_scan_merger/package.bash'
[4.168s] INFO:colcon.colcon_core.shell:Creating package script '/home/feri/Projekt_1/ROS2_enviroment/ros2_ws/install/ros2_laser_scan_merger/share/ros2_laser_scan_merger/package.zsh'
[4.171s] Level 1:colcon.colcon_core.environment:create_file_with_runtime_dependencies(/home/feri/Projekt_1/ROS2_enviroment/ros2_ws/install/ros2_laser_scan_merger/share/colcon-core/packages/ros2_laser_scan_merger)
[4.174s] Level 1:colcon.colcon_core.environment:create_environment_scripts_only(ros2_laser_scan_merger)
[4.175s] Level 1:colcon.colcon_core.environment:checking '/home/feri/Projekt_1/ROS2_enviroment/ros2_ws/install/ros2_laser_scan_merger' for CMake module files
[4.180s] Level 1:colcon.colcon_core.environment:checking '/home/feri/Projekt_1/ROS2_enviroment/ros2_ws/install/ros2_laser_scan_merger' for CMake config files
[4.183s] Level 1:colcon.colcon_core.shell:create_environment_hook('ros2_laser_scan_merger', 'cmake_prefix_path')
[4.184s] INFO:colcon.colcon_core.shell:Creating environment hook '/home/feri/Projekt_1/ROS2_enviroment/ros2_ws/install/ros2_laser_scan_merger/share/ros2_laser_scan_merger/hook/cmake_prefix_path.ps1'
[4.187s] INFO:colcon.colcon_core.shell:Creating environment descriptor '/home/feri/Projekt_1/ROS2_enviroment/ros2_ws/install/ros2_laser_scan_merger/share/ros2_laser_scan_merger/hook/cmake_prefix_path.dsv'
[4.190s] INFO:colcon.colcon_core.shell:Creating environment hook '/home/feri/Projekt_1/ROS2_enviroment/ros2_ws/install/ros2_laser_scan_merger/share/ros2_laser_scan_merger/hook/cmake_prefix_path.sh'
[4.194s] Level 1:colcon.colcon_core.environment:checking '/home/feri/Projekt_1/ROS2_enviroment/ros2_ws/install/ros2_laser_scan_merger/lib'
[4.195s] Level 1:colcon.colcon_core.environment:checking '/home/feri/Projekt_1/ROS2_enviroment/ros2_ws/install/ros2_laser_scan_merger/bin'
[4.196s] Level 1:colcon.colcon_core.environment:checking '/home/feri/Projekt_1/ROS2_enviroment/ros2_ws/install/ros2_laser_scan_merger/lib/pkgconfig/ros2_laser_scan_merger.pc'
[4.197s] Level 1:colcon.colcon_core.environment:checking '/home/feri/Projekt_1/ROS2_enviroment/ros2_ws/install/ros2_laser_scan_merger/lib/python3.12/site-packages'
[4.200s] Level 1:colcon.colcon_core.environment:checking '/home/feri/Projekt_1/ROS2_enviroment/ros2_ws/install/ros2_laser_scan_merger/bin'
[4.201s] INFO:colcon.colcon_core.shell:Creating package script '/home/feri/Projekt_1/ROS2_enviroment/ros2_ws/install/ros2_laser_scan_merger/share/ros2_laser_scan_merger/package.ps1'
[4.205s] INFO:colcon.colcon_core.shell:Creating package descriptor '/home/feri/Projekt_1/ROS2_enviroment/ros2_ws/install/ros2_laser_scan_merger/share/ros2_laser_scan_merger/package.dsv'
[4.215s] INFO:colcon.colcon_core.shell:Creating package script '/home/feri/Projekt_1/ROS2_enviroment/ros2_ws/install/ros2_laser_scan_merger/share/ros2_laser_scan_merger/package.sh'
[4.224s] INFO:colcon.colcon_core.shell:Creating package script '/home/feri/Projekt_1/ROS2_enviroment/ros2_ws/install/ros2_laser_scan_merger/share/ros2_laser_scan_merger/package.bash'
[4.228s] INFO:colcon.colcon_core.shell:Creating package script '/home/feri/Projekt_1/ROS2_enviroment/ros2_ws/install/ros2_laser_scan_merger/share/ros2_laser_scan_merger/package.zsh'
[4.232s] Level 1:colcon.colcon_core.environment:create_file_with_runtime_dependencies(/home/feri/Projekt_1/ROS2_enviroment/ros2_ws/install/ros2_laser_scan_merger/share/colcon-core/packages/ros2_laser_scan_merger)
[4.573s] DEBUG:colcon.colcon_core.event_handler.log_command:Invoked command in '/home/feri/Projekt_1/ROS2_enviroment/ros2_ws/build/sllidar_ros2' returned '0': CMAKE_PREFIX_PATH=${CMAKE_PREFIX_PATH}:/home/feri/Projekt_1/ROS2_enviroment/ros2_ws/install/keyboard_control:/home/feri/Projekt_1/ROS2_enviroment/ros2_ws/install/ddsm115_controller:/opt/ros/jazzy DEBUGINFOD_URLS=https://debuginfod.ubuntu.com /usr/bin/cmake --build /home/feri/Projekt_1/ROS2_enviroment/ros2_ws/build/sllidar_ros2 -- -j4 -l4
[4.578s] DEBUG:colcon.colcon_core.event_handler.log_command:Invoking command in '/home/feri/Projekt_1/ROS2_enviroment/ros2_ws/build/sllidar_ros2': CMAKE_PREFIX_PATH=${CMAKE_PREFIX_PATH}:/home/feri/Projekt_1/ROS2_enviroment/ros2_ws/install/keyboard_control:/home/feri/Projekt_1/ROS2_enviroment/ros2_ws/install/ddsm115_controller:/opt/ros/jazzy DEBUGINFOD_URLS=https://debuginfod.ubuntu.com /usr/bin/cmake --install /home/feri/Projekt_1/ROS2_enviroment/ros2_ws/build/sllidar_ros2
[4.688s] Level 1:colcon.colcon_core.environment:create_environment_scripts_only(sllidar_ros2)
[4.689s] Level 1:colcon.colcon_core.environment:checking '/home/feri/Projekt_1/ROS2_enviroment/ros2_ws/install/sllidar_ros2' for CMake module files
[4.692s] DEBUG:colcon.colcon_core.event_handler.log_command:Invoked command in '/home/feri/Projekt_1/ROS2_enviroment/ros2_ws/build/sllidar_ros2' returned '0': CMAKE_PREFIX_PATH=${CMAKE_PREFIX_PATH}:/home/feri/Projekt_1/ROS2_enviroment/ros2_ws/install/keyboard_control:/home/feri/Projekt_1/ROS2_enviroment/ros2_ws/install/ddsm115_controller:/opt/ros/jazzy DEBUGINFOD_URLS=https://debuginfod.ubuntu.com /usr/bin/cmake --install /home/feri/Projekt_1/ROS2_enviroment/ros2_ws/build/sllidar_ros2
[4.697s] Level 1:colcon.colcon_core.environment:checking '/home/feri/Projekt_1/ROS2_enviroment/ros2_ws/install/sllidar_ros2' for CMake config files
[4.700s] Level 1:colcon.colcon_core.shell:create_environment_hook('sllidar_ros2', 'cmake_prefix_path')
[4.701s] INFO:colcon.colcon_core.shell:Creating environment hook '/home/feri/Projekt_1/ROS2_enviroment/ros2_ws/install/sllidar_ros2/share/sllidar_ros2/hook/cmake_prefix_path.ps1'
[4.704s] INFO:colcon.colcon_core.shell:Creating environment descriptor '/home/feri/Projekt_1/ROS2_enviroment/ros2_ws/install/sllidar_ros2/share/sllidar_ros2/hook/cmake_prefix_path.dsv'
[4.707s] INFO:colcon.colcon_core.shell:Creating environment hook '/home/feri/Projekt_1/ROS2_enviroment/ros2_ws/install/sllidar_ros2/share/sllidar_ros2/hook/cmake_prefix_path.sh'
[4.710s] Level 1:colcon.colcon_core.environment:checking '/home/feri/Projekt_1/ROS2_enviroment/ros2_ws/install/sllidar_ros2/lib'
[4.712s] Level 1:colcon.colcon_core.environment:checking '/home/feri/Projekt_1/ROS2_enviroment/ros2_ws/install/sllidar_ros2/bin'
[4.713s] Level 1:colcon.colcon_core.environment:checking '/home/feri/Projekt_1/ROS2_enviroment/ros2_ws/install/sllidar_ros2/lib/pkgconfig/sllidar_ros2.pc'
[4.714s] Level 1:colcon.colcon_core.environment:checking '/home/feri/Projekt_1/ROS2_enviroment/ros2_ws/install/sllidar_ros2/lib/python3.12/site-packages'
[4.719s] Level 1:colcon.colcon_core.environment:checking '/home/feri/Projekt_1/ROS2_enviroment/ros2_ws/install/sllidar_ros2/bin'
[4.723s] INFO:colcon.colcon_core.shell:Creating package script '/home/feri/Projekt_1/ROS2_enviroment/ros2_ws/install/sllidar_ros2/share/sllidar_ros2/package.ps1'
[4.728s] INFO:colcon.colcon_core.shell:Creating package descriptor '/home/feri/Projekt_1/ROS2_enviroment/ros2_ws/install/sllidar_ros2/share/sllidar_ros2/package.dsv'
[4.734s] INFO:colcon.colcon_core.shell:Creating package script '/home/feri/Projekt_1/ROS2_enviroment/ros2_ws/install/sllidar_ros2/share/sllidar_ros2/package.sh'
[4.737s] INFO:colcon.colcon_core.shell:Creating package script '/home/feri/Projekt_1/ROS2_enviroment/ros2_ws/install/sllidar_ros2/share/sllidar_ros2/package.bash'
[4.740s] INFO:colcon.colcon_core.shell:Creating package script '/home/feri/Projekt_1/ROS2_enviroment/ros2_ws/install/sllidar_ros2/share/sllidar_ros2/package.zsh'
[4.743s] Level 1:colcon.colcon_core.environment:create_file_with_runtime_dependencies(/home/feri/Projekt_1/ROS2_enviroment/ros2_ws/install/sllidar_ros2/share/colcon-core/packages/sllidar_ros2)
[4.746s] Level 1:colcon.colcon_core.environment:create_environment_scripts_only(sllidar_ros2)
[4.748s] Level 1:colcon.colcon_core.environment:checking '/home/feri/Projekt_1/ROS2_enviroment/ros2_ws/install/sllidar_ros2' for CMake module files
[4.752s] Level 1:colcon.colcon_core.environment:checking '/home/feri/Projekt_1/ROS2_enviroment/ros2_ws/install/sllidar_ros2' for CMake config files
[4.755s] Level 1:colcon.colcon_core.shell:create_environment_hook('sllidar_ros2', 'cmake_prefix_path')
[4.756s] INFO:colcon.colcon_core.shell:Creating environment hook '/home/feri/Projekt_1/ROS2_enviroment/ros2_ws/install/sllidar_ros2/share/sllidar_ros2/hook/cmake_prefix_path.ps1'
[4.759s] INFO:colcon.colcon_core.shell:Creating environment descriptor '/home/feri/Projekt_1/ROS2_enviroment/ros2_ws/install/sllidar_ros2/share/sllidar_ros2/hook/cmake_prefix_path.dsv'
[4.761s] INFO:colcon.colcon_core.shell:Creating environment hook '/home/feri/Projekt_1/ROS2_enviroment/ros2_ws/install/sllidar_ros2/share/sllidar_ros2/hook/cmake_prefix_path.sh'
[4.764s] Level 1:colcon.colcon_core.environment:checking '/home/feri/Projekt_1/ROS2_enviroment/ros2_ws/install/sllidar_ros2/lib'
[4.765s] Level 1:colcon.colcon_core.environment:checking '/home/feri/Projekt_1/ROS2_enviroment/ros2_ws/install/sllidar_ros2/bin'
[4.766s] Level 1:colcon.colcon_core.environment:checking '/home/feri/Projekt_1/ROS2_enviroment/ros2_ws/install/sllidar_ros2/lib/pkgconfig/sllidar_ros2.pc'
[4.767s] Level 1:colcon.colcon_core.environment:checking '/home/feri/Projekt_1/ROS2_enviroment/ros2_ws/install/sllidar_ros2/lib/python3.12/site-packages'
[4.769s] Level 1:colcon.colcon_core.environment:checking '/home/feri/Projekt_1/ROS2_enviroment/ros2_ws/install/sllidar_ros2/bin'
[4.770s] INFO:colcon.colcon_core.shell:Creating package script '/home/feri/Projekt_1/ROS2_enviroment/ros2_ws/install/sllidar_ros2/share/sllidar_ros2/package.ps1'
[4.773s] INFO:colcon.colcon_core.shell:Creating package descriptor '/home/feri/Projekt_1/ROS2_enviroment/ros2_ws/install/sllidar_ros2/share/sllidar_ros2/package.dsv'
[4.776s] INFO:colcon.colcon_core.shell:Creating package script '/home/feri/Projekt_1/ROS2_enviroment/ros2_ws/install/sllidar_ros2/share/sllidar_ros2/package.sh'
[4.778s] INFO:colcon.colcon_core.shell:Creating package script '/home/feri/Projekt_1/ROS2_enviroment/ros2_ws/install/sllidar_ros2/share/sllidar_ros2/package.bash'
[4.780s] INFO:colcon.colcon_core.shell:Creating package script '/home/feri/Projekt_1/ROS2_enviroment/ros2_ws/install/sllidar_ros2/share/sllidar_ros2/package.zsh'
[4.782s] Level 1:colcon.colcon_core.environment:create_file_with_runtime_dependencies(/home/feri/Projekt_1/ROS2_enviroment/ros2_ws/install/sllidar_ros2/share/colcon-core/packages/sllidar_ros2)
[7.028s] DEBUG:colcon.colcon_core.event_handler.log_command:Invoking command in '/home/feri/Projekt_1/ROS2_enviroment/ros2_ws/src/ddsm115_controller': DEBUGINFOD_URLS=https://debuginfod.ubuntu.com PYTHONPATH=/home/feri/Projekt_1/ROS2_enviroment/ros2_ws/build/ddsm115_controller/prefix_override:/usr/lib/python3/dist-packages/colcon_core/task/python/colcon_distutils_commands:/home/feri/Projekt_1/ROS2_enviroment/ros2_ws/install/ddsm115_controller/lib/python3.12/site-packages:${PYTHONPATH} /usr/bin/python3 -W ignore:setup.py install is deprecated -W ignore:easy_install command is deprecated setup.py egg_info --egg-base ../../build/ddsm115_controller build --build-base /home/feri/Projekt_1/ROS2_enviroment/ros2_ws/build/ddsm115_controller/build install --record /home/feri/Projekt_1/ROS2_enviroment/ros2_ws/build/ddsm115_controller/install.log --single-version-externally-managed install_data
[7.093s] DEBUG:colcon.colcon_core.event_handler.log_command:Invoking command in '/home/feri/Projekt_1/ROS2_enviroment/ros2_ws/src/keyboard_control': DEBUGINFOD_URLS=https://debuginfod.ubuntu.com PYTHONPATH=/home/feri/Projekt_1/ROS2_enviroment/ros2_ws/build/keyboard_control/prefix_override:/usr/lib/python3/dist-packages/colcon_core/task/python/colcon_distutils_commands:/home/feri/Projekt_1/ROS2_enviroment/ros2_ws/install/keyboard_control/lib/python3.12/site-packages:${PYTHONPATH} /usr/bin/python3 -W ignore:setup.py install is deprecated -W ignore:easy_install command is deprecated setup.py egg_info --egg-base ../../build/keyboard_control build --build-base /home/feri/Projekt_1/ROS2_enviroment/ros2_ws/build/keyboard_control/build install --record /home/feri/Projekt_1/ROS2_enviroment/ros2_ws/build/keyboard_control/install.log --single-version-externally-managed install_data
[10.045s] Level 1:colcon.colcon_core.environment:checking '/home/feri/Projekt_1/ROS2_enviroment/ros2_ws/install/ddsm115_controller' for CMake module files
[10.049s] DEBUG:colcon.colcon_core.event_handler.log_command:Invoked command in '/home/feri/Projekt_1/ROS2_enviroment/ros2_ws/src/ddsm115_controller' returned '0': DEBUGINFOD_URLS=https://debuginfod.ubuntu.com PYTHONPATH=/home/feri/Projekt_1/ROS2_enviroment/ros2_ws/build/ddsm115_controller/prefix_override:/usr/lib/python3/dist-packages/colcon_core/task/python/colcon_distutils_commands:/home/feri/Projekt_1/ROS2_enviroment/ros2_ws/install/ddsm115_controller/lib/python3.12/site-packages:${PYTHONPATH} /usr/bin/python3 -W ignore:setup.py install is deprecated -W ignore:easy_install command is deprecated setup.py egg_info --egg-base ../../build/ddsm115_controller build --build-base /home/feri/Projekt_1/ROS2_enviroment/ros2_ws/build/ddsm115_controller/build install --record /home/feri/Projekt_1/ROS2_enviroment/ros2_ws/build/ddsm115_controller/install.log --single-version-externally-managed install_data
[10.054s] Level 1:colcon.colcon_core.environment:checking '/home/feri/Projekt_1/ROS2_enviroment/ros2_ws/install/ddsm115_controller' for CMake config files
[10.061s] Level 1:colcon.colcon_core.environment:checking '/home/feri/Projekt_1/ROS2_enviroment/ros2_ws/install/ddsm115_controller/lib'
[10.062s] Level 1:colcon.colcon_core.environment:checking '/home/feri/Projekt_1/ROS2_enviroment/ros2_ws/install/ddsm115_controller/bin'
[10.063s] Level 1:colcon.colcon_core.environment:checking '/home/feri/Projekt_1/ROS2_enviroment/ros2_ws/install/ddsm115_controller/lib/pkgconfig/ddsm115_controller.pc'
[10.064s] Level 1:colcon.colcon_core.environment:checking '/home/feri/Projekt_1/ROS2_enviroment/ros2_ws/install/ddsm115_controller/lib/python3.12/site-packages'
[10.065s] Level 1:colcon.colcon_core.shell:create_environment_hook('ddsm115_controller', 'pythonpath')
[10.066s] INFO:colcon.colcon_core.shell:Creating environment hook '/home/feri/Projekt_1/ROS2_enviroment/ros2_ws/install/ddsm115_controller/share/ddsm115_controller/hook/pythonpath.ps1'
[10.071s] INFO:colcon.colcon_core.shell:Creating environment descriptor '/home/feri/Projekt_1/ROS2_enviroment/ros2_ws/install/ddsm115_controller/share/ddsm115_controller/hook/pythonpath.dsv'
[10.073s] INFO:colcon.colcon_core.shell:Creating environment hook '/home/feri/Projekt_1/ROS2_enviroment/ros2_ws/install/ddsm115_controller/share/ddsm115_controller/hook/pythonpath.sh'
[10.078s] Level 1:colcon.colcon_core.environment:checking '/home/feri/Projekt_1/ROS2_enviroment/ros2_ws/install/ddsm115_controller/bin'
[10.079s] Level 1:colcon.colcon_core.environment:create_environment_scripts_only(ddsm115_controller)
[10.080s] INFO:colcon.colcon_core.shell:Creating package script '/home/feri/Projekt_1/ROS2_enviroment/ros2_ws/install/ddsm115_controller/share/ddsm115_controller/package.ps1'
[10.084s] INFO:colcon.colcon_core.shell:Creating package descriptor '/home/feri/Projekt_1/ROS2_enviroment/ros2_ws/install/ddsm115_controller/share/ddsm115_controller/package.dsv'
[10.087s] INFO:colcon.colcon_core.shell:Creating package script '/home/feri/Projekt_1/ROS2_enviroment/ros2_ws/install/ddsm115_controller/share/ddsm115_controller/package.sh'
[10.090s] INFO:colcon.colcon_core.shell:Creating package script '/home/feri/Projekt_1/ROS2_enviroment/ros2_ws/install/ddsm115_controller/share/ddsm115_controller/package.bash'
[10.094s] INFO:colcon.colcon_core.shell:Creating package script '/home/feri/Projekt_1/ROS2_enviroment/ros2_ws/install/ddsm115_controller/share/ddsm115_controller/package.zsh'
[10.098s] Level 1:colcon.colcon_core.environment:create_file_with_runtime_dependencies(/home/feri/Projekt_1/ROS2_enviroment/ros2_ws/install/ddsm115_controller/share/colcon-core/packages/ddsm115_controller)
[10.108s] Level 1:colcon.colcon_core.environment:checking '/home/feri/Projekt_1/ROS2_enviroment/ros2_ws/install/keyboard_control' for CMake module files
[10.110s] DEBUG:colcon.colcon_core.event_handler.log_command:Invoked command in '/home/feri/Projekt_1/ROS2_enviroment/ros2_ws/src/keyboard_control' returned '0': DEBUGINFOD_URLS=https://debuginfod.ubuntu.com PYTHONPATH=/home/feri/Projekt_1/ROS2_enviroment/ros2_ws/build/keyboard_control/prefix_override:/usr/lib/python3/dist-packages/colcon_core/task/python/colcon_distutils_commands:/home/feri/Projekt_1/ROS2_enviroment/ros2_ws/install/keyboard_control/lib/python3.12/site-packages:${PYTHONPATH} /usr/bin/python3 -W ignore:setup.py install is deprecated -W ignore:easy_install command is deprecated setup.py egg_info --egg-base ../../build/keyboard_control build --build-base /home/feri/Projekt_1/ROS2_enviroment/ros2_ws/build/keyboard_control/build install --record /home/feri/Projekt_1/ROS2_enviroment/ros2_ws/build/keyboard_control/install.log --single-version-externally-managed install_data
[10.113s] Level 1:colcon.colcon_core.environment:checking '/home/feri/Projekt_1/ROS2_enviroment/ros2_ws/install/keyboard_control' for CMake config files
[10.117s] Level 1:colcon.colcon_core.environment:checking '/home/feri/Projekt_1/ROS2_enviroment/ros2_ws/install/keyboard_control/lib'
[10.117s] Level 1:colcon.colcon_core.environment:checking '/home/feri/Projekt_1/ROS2_enviroment/ros2_ws/install/keyboard_control/bin'
[10.118s] Level 1:colcon.colcon_core.environment:checking '/home/feri/Projekt_1/ROS2_enviroment/ros2_ws/install/keyboard_control/lib/pkgconfig/keyboard_control.pc'
[10.119s] Level 1:colcon.colcon_core.environment:checking '/home/feri/Projekt_1/ROS2_enviroment/ros2_ws/install/keyboard_control/lib/python3.12/site-packages'
[10.119s] Level 1:colcon.colcon_core.shell:create_environment_hook('keyboard_control', 'pythonpath')
[10.120s] INFO:colcon.colcon_core.shell:Creating environment hook '/home/feri/Projekt_1/ROS2_enviroment/ros2_ws/install/keyboard_control/share/keyboard_control/hook/pythonpath.ps1'
[10.123s] INFO:colcon.colcon_core.shell:Creating environment descriptor '/home/feri/Projekt_1/ROS2_enviroment/ros2_ws/install/keyboard_control/share/keyboard_control/hook/pythonpath.dsv'
[10.125s] INFO:colcon.colcon_core.shell:Creating environment hook '/home/feri/Projekt_1/ROS2_enviroment/ros2_ws/install/keyboard_control/share/keyboard_control/hook/pythonpath.sh'
[10.128s] Level 1:colcon.colcon_core.environment:checking '/home/feri/Projekt_1/ROS2_enviroment/ros2_ws/install/keyboard_control/bin'
[10.128s] Level 1:colcon.colcon_core.environment:create_environment_scripts_only(keyboard_control)
[10.129s] INFO:colcon.colcon_core.shell:Creating package script '/home/feri/Projekt_1/ROS2_enviroment/ros2_ws/install/keyboard_control/share/keyboard_control/package.ps1'
[10.132s] INFO:colcon.colcon_core.shell:Creating package descriptor '/home/feri/Projekt_1/ROS2_enviroment/ros2_ws/install/keyboard_control/share/keyboard_control/package.dsv'
[10.134s] INFO:colcon.colcon_core.shell:Creating package script '/home/feri/Projekt_1/ROS2_enviroment/ros2_ws/install/keyboard_control/share/keyboard_control/package.sh'
[10.136s] INFO:colcon.colcon_core.shell:Creating package script '/home/feri/Projekt_1/ROS2_enviroment/ros2_ws/install/keyboard_control/share/keyboard_control/package.bash'
[10.138s] INFO:colcon.colcon_core.shell:Creating package script '/home/feri/Projekt_1/ROS2_enviroment/ros2_ws/install/keyboard_control/share/keyboard_control/package.zsh'
[10.139s] Level 1:colcon.colcon_core.environment:create_file_with_runtime_dependencies(/home/feri/Projekt_1/ROS2_enviroment/ros2_ws/install/keyboard_control/share/colcon-core/packages/keyboard_control)
[10.141s] DEBUG:colcon.colcon_parallel_executor.executor.parallel:closing loop
[10.142s] DEBUG:colcon.colcon_parallel_executor.executor.parallel:loop closed
[10.143s] DEBUG:colcon.colcon_parallel_executor.executor.parallel:run_until_complete finished with '0'
[10.143s] DEBUG:colcon.colcon_core.event_reactor:joining thread
[10.146s] DEBUG:colcon.colcon_core.event_reactor:joined thread
[10.147s] INFO:colcon.colcon_core.shell:Creating prefix script '/home/feri/Projekt_1/ROS2_enviroment/ros2_ws/install/local_setup.ps1'
[10.151s] INFO:colcon.colcon_core.shell:Creating prefix util module '/home/feri/Projekt_1/ROS2_enviroment/ros2_ws/install/_local_setup_util_ps1.py'
[10.156s] INFO:colcon.colcon_core.shell:Creating prefix chain script '/home/feri/Projekt_1/ROS2_enviroment/ros2_ws/install/setup.ps1'
[10.162s] INFO:colcon.colcon_core.shell:Creating prefix script '/home/feri/Projekt_1/ROS2_enviroment/ros2_ws/install/local_setup.sh'
[10.165s] INFO:colcon.colcon_core.shell:Creating prefix util module '/home/feri/Projekt_1/ROS2_enviroment/ros2_ws/install/_local_setup_util_sh.py'
[10.167s] INFO:colcon.colcon_core.shell:Creating prefix chain script '/home/feri/Projekt_1/ROS2_enviroment/ros2_ws/install/setup.sh'
[10.173s] INFO:colcon.colcon_core.shell:Creating prefix script '/home/feri/Projekt_1/ROS2_enviroment/ros2_ws/install/local_setup.bash'
[10.175s] INFO:colcon.colcon_core.shell:Creating prefix chain script '/home/feri/Projekt_1/ROS2_enviroment/ros2_ws/install/setup.bash'
[10.180s] INFO:colcon.colcon_core.shell:Creating prefix script '/home/feri/Projekt_1/ROS2_enviroment/ros2_ws/install/local_setup.zsh'
[10.182s] INFO:colcon.colcon_core.shell:Creating prefix chain script '/home/feri/Projekt_1/ROS2_enviroment/ros2_ws/install/setup.zsh'
