[3.559s] Invoking command in '/home/feri/Projekt_1/ROS2_enviroment/ros2_ws/build/robot_description': CMAKE_PREFIX_PATH=${CMAKE_PREFIX_PATH}:/home/feri/Projekt_1/ROS2_enviroment/ros2_ws/install/keyboard_control:/home/feri/Projekt_1/ROS2_enviroment/ros2_ws/install/ddsm115_controller:/opt/ros/jazzy DEBUGINFOD_URLS=https://debuginfod.ubuntu.com /usr/bin/cmake --build /home/feri/Projekt_1/ROS2_enviroment/ros2_ws/build/robot_description -- -j4 -l4
[3.920s] Invoked command in '/home/feri/Projekt_1/ROS2_enviroment/ros2_ws/build/robot_description' returned '0': CMAKE_PREFIX_PATH=${CMAKE_PREFIX_PATH}:/home/feri/Projekt_1/ROS2_enviroment/ros2_ws/install/keyboard_control:/home/feri/Projekt_1/ROS2_enviroment/ros2_ws/install/ddsm115_controller:/opt/ros/jazzy DEBUGINFOD_URLS=https://debuginfod.ubuntu.com /usr/bin/cmake --build /home/feri/Projekt_1/ROS2_enviroment/ros2_ws/build/robot_description -- -j4 -l4
[4.068s] Invoking command in '/home/feri/Projekt_1/ROS2_enviroment/ros2_ws/build/robot_description': CMAKE_PREFIX_PATH=${CMAKE_PREFIX_PATH}:/home/feri/Projekt_1/ROS2_enviroment/ros2_ws/install/keyboard_control:/home/feri/Projekt_1/ROS2_enviroment/ros2_ws/install/ddsm115_controller:/opt/ros/jazzy DEBUGINFOD_URLS=https://debuginfod.ubuntu.com /usr/bin/cmake --install /home/feri/Projekt_1/ROS2_enviroment/ros2_ws/build/robot_description
[4.236s] -- Install configuration: ""
[4.245s] -- Up-to-date: /home/feri/Projekt_1/ROS2_enviroment/ros2_ws/install/robot_description/share/robot_description/urdf
[4.246s] -- Installing: /home/feri/Projekt_1/ROS2_enviroment/ros2_ws/install/robot_description/share/robot_description/urdf/robot.urdf.xacro
[4.260s] -- Up-to-date: /home/feri/Projekt_1/ROS2_enviroment/ros2_ws/install/robot_description/share/robot_description/launch
[4.265s] -- Up-to-date: /home/feri/Projekt_1/ROS2_enviroment/ros2_ws/install/robot_description/share/robot_description/launch/robot_launch.py
[4.266s] -- Up-to-date: /home/feri/Projekt_1/ROS2_enviroment/ros2_ws/install/robot_description/share/ament_index/resource_index/package_run_dependencies/robot_description
[4.271s] -- Up-to-date: /home/feri/Projekt_1/ROS2_enviroment/ros2_ws/install/robot_description/share/ament_index/resource_index/parent_prefix_path/robot_description
[4.272s] -- Up-to-date: /home/feri/Projekt_1/ROS2_enviroment/ros2_ws/install/robot_description/share/robot_description/environment/ament_prefix_path.sh
[4.272s] -- Up-to-date: /home/feri/Projekt_1/ROS2_enviroment/ros2_ws/install/robot_description/share/robot_description/environment/ament_prefix_path.dsv
[4.281s] -- Up-to-date: /home/feri/Projekt_1/ROS2_enviroment/ros2_ws/install/robot_description/share/robot_description/environment/path.sh
[4.287s] -- Up-to-date: /home/feri/Projekt_1/ROS2_enviroment/ros2_ws/install/robot_description/share/robot_description/environment/path.dsv
[4.294s] -- Up-to-date: /home/feri/Projekt_1/ROS2_enviroment/ros2_ws/install/robot_description/share/robot_description/local_setup.bash
[4.294s] -- Up-to-date: /home/feri/Projekt_1/ROS2_enviroment/ros2_ws/install/robot_description/share/robot_description/local_setup.sh
[4.295s] -- Up-to-date: /home/feri/Projekt_1/ROS2_enviroment/ros2_ws/install/robot_description/share/robot_description/local_setup.zsh
[4.298s] -- Up-to-date: /home/feri/Projekt_1/ROS2_enviroment/ros2_ws/install/robot_description/share/robot_description/local_setup.dsv
[4.302s] -- Installing: /home/feri/Projekt_1/ROS2_enviroment/ros2_ws/install/robot_description/share/robot_description/package.dsv
[4.303s] -- Up-to-date: /home/feri/Projekt_1/ROS2_enviroment/ros2_ws/install/robot_description/share/ament_index/resource_index/packages/robot_description
[4.308s] -- Up-to-date: /home/feri/Projekt_1/ROS2_enviroment/ros2_ws/install/robot_description/share/robot_description/cmake/robot_descriptionConfig.cmake
[4.312s] -- Up-to-date: /home/feri/Projekt_1/ROS2_enviroment/ros2_ws/install/robot_description/share/robot_description/cmake/robot_descriptionConfig-version.cmake
[4.317s] -- Up-to-date: /home/feri/Projekt_1/ROS2_enviroment/ros2_ws/install/robot_description/share/robot_description/package.xml
[4.336s] Invoked command in '/home/feri/Projekt_1/ROS2_enviroment/ros2_ws/build/robot_description' returned '0': CMAKE_PREFIX_PATH=${CMAKE_PREFIX_PATH}:/home/feri/Projekt_1/ROS2_enviroment/ros2_ws/install/keyboard_control:/home/feri/Projekt_1/ROS2_enviroment/ros2_ws/install/ddsm115_controller:/opt/ros/jazzy DEBUGINFOD_URLS=https://debuginfod.ubuntu.com /usr/bin/cmake --install /home/feri/Projekt_1/ROS2_enviroment/ros2_ws/build/robot_description
