[2.192s] Invoking command in '/home/feri/Projekt_1/ROS2_enviroment/ros2_ws/build/sllidar_ros2': CMAKE_PREFIX_PATH=${CMAKE_PREFIX_PATH}:/home/feri/Projekt_1/ROS2_enviroment/ros2_ws/install/keyboard_control:/home/feri/Projekt_1/ROS2_enviroment/ros2_ws/install/ddsm115_controller:/opt/ros/jazzy DEBUGINFOD_URLS=https://debuginfod.ubuntu.com /usr/bin/cmake --build /home/feri/Projekt_1/ROS2_enviroment/ros2_ws/build/sllidar_ros2 -- -j4 -l4
[2.776s] [ 10%] Built target sllidar_client
[2.796s] [100%] Built target sllidar_node
[2.898s] Invoked command in '/home/feri/Projekt_1/ROS2_enviroment/ros2_ws/build/sllidar_ros2' returned '0': CMAKE_PREFIX_PATH=${CMAKE_PREFIX_PATH}:/home/feri/Projekt_1/ROS2_enviroment/ros2_ws/install/keyboard_control:/home/feri/Projekt_1/ROS2_enviroment/ros2_ws/install/ddsm115_controller:/opt/ros/jazzy DEBUGINFOD_URLS=https://debuginfod.ubuntu.com /usr/bin/cmake --build /home/feri/Projekt_1/ROS2_enviroment/ros2_ws/build/sllidar_ros2 -- -j4 -l4
[2.911s] Invoking command in '/home/feri/Projekt_1/ROS2_enviroment/ros2_ws/build/sllidar_ros2': CMAKE_PREFIX_PATH=${CMAKE_PREFIX_PATH}:/home/feri/Projekt_1/ROS2_enviroment/ros2_ws/install/keyboard_control:/home/feri/Projekt_1/ROS2_enviroment/ros2_ws/install/ddsm115_controller:/opt/ros/jazzy DEBUGINFOD_URLS=https://debuginfod.ubuntu.com /usr/bin/cmake --install /home/feri/Projekt_1/ROS2_enviroment/ros2_ws/build/sllidar_ros2
[3.017s] -- Install configuration: ""
[3.018s] -- Up-to-date: /home/feri/Projekt_1/ROS2_enviroment/ros2_ws/install/sllidar_ros2/share/sllidar_ros2/launch
[3.018s] -- Up-to-date: /home/feri/Projekt_1/ROS2_enviroment/ros2_ws/install/sllidar_ros2/share/sllidar_ros2/launch/sllidar_a2m12_launch .py
[3.019s] -- Up-to-date: /home/feri/Projekt_1/ROS2_enviroment/ros2_ws/install/sllidar_ros2/share/sllidar_ros2/launch/view_sllidar_a2m7_launch.py
[3.026s] -- Up-to-date: /home/feri/Projekt_1/ROS2_enviroment/ros2_ws/install/sllidar_ros2/share/sllidar_ros2/launch/sllidar_a2m7_launch.py
[3.026s] -- Up-to-date: /home/feri/Projekt_1/ROS2_enviroment/ros2_ws/install/sllidar_ros2/share/sllidar_ros2/launch/view_sllidar_t1_launch.py
[3.029s] -- Up-to-date: /home/feri/Projekt_1/ROS2_enviroment/ros2_ws/install/sllidar_ros2/share/sllidar_ros2/launch/view_sllidar_s2e_launch.py
[3.033s] -- Up-to-date: /home/feri/Projekt_1/ROS2_enviroment/ros2_ws/install/sllidar_ros2/share/sllidar_ros2/launch/view_sllidar_s3_launch.py
[3.035s] -- Up-to-date: /home/feri/Projekt_1/ROS2_enviroment/ros2_ws/install/sllidar_ros2/share/sllidar_ros2/launch/sllidar_c1_launch.py
[3.040s] -- Up-to-date: /home/feri/Projekt_1/ROS2_enviroment/ros2_ws/install/sllidar_ros2/share/sllidar_ros2/launch/__pycache__
[3.044s] -- Up-to-date: /home/feri/Projekt_1/ROS2_enviroment/ros2_ws/install/sllidar_ros2/share/sllidar_ros2/launch/__pycache__/sllidar_c1_launch.cpython-312.pyc
[3.045s] -- Up-to-date: /home/feri/Projekt_1/ROS2_enviroment/ros2_ws/install/sllidar_ros2/share/sllidar_ros2/launch/sllidar_a1_launch.py
[3.049s] -- Up-to-date: /home/feri/Projekt_1/ROS2_enviroment/ros2_ws/install/sllidar_ros2/share/sllidar_ros2/launch/view_sllidar_s1_launch.py
[3.050s] -- Up-to-date: /home/feri/Projekt_1/ROS2_enviroment/ros2_ws/install/sllidar_ros2/share/sllidar_ros2/launch/view_sllidar_a2m8_launch.py
[3.056s] -- Up-to-date: /home/feri/Projekt_1/ROS2_enviroment/ros2_ws/install/sllidar_ros2/share/sllidar_ros2/launch/view_sllidar_a2m12_launch.py
[3.057s] -- Up-to-date: /home/feri/Projekt_1/ROS2_enviroment/ros2_ws/install/sllidar_ros2/share/sllidar_ros2/launch/view_sllidar_a3_launch.py
[3.062s] -- Up-to-date: /home/feri/Projekt_1/ROS2_enviroment/ros2_ws/install/sllidar_ros2/share/sllidar_ros2/launch/sllidar_s3_launch.py
[3.065s] -- Up-to-date: /home/feri/Projekt_1/ROS2_enviroment/ros2_ws/install/sllidar_ros2/share/sllidar_ros2/launch/view_sllidar_s1_tcp_launch.py
[3.066s] -- Up-to-date: /home/feri/Projekt_1/ROS2_enviroment/ros2_ws/install/sllidar_ros2/share/sllidar_ros2/launch/sllidar_s2_launch.py
[3.070s] -- Up-to-date: /home/feri/Projekt_1/ROS2_enviroment/ros2_ws/install/sllidar_ros2/share/sllidar_ros2/launch/sllidar_s1_tcp_launch.py
[3.071s] -- Up-to-date: /home/feri/Projekt_1/ROS2_enviroment/ros2_ws/install/sllidar_ros2/share/sllidar_ros2/launch/view_sllidar_a1_launch.py
[3.071s] -- Up-to-date: /home/feri/Projekt_1/ROS2_enviroment/ros2_ws/install/sllidar_ros2/share/sllidar_ros2/launch/sllidar_a3_launch.py
[3.075s] -- Up-to-date: /home/feri/Projekt_1/ROS2_enviroment/ros2_ws/install/sllidar_ros2/share/sllidar_ros2/launch/view_sllidar_s2_launch.py
[3.076s] -- Up-to-date: /home/feri/Projekt_1/ROS2_enviroment/ros2_ws/install/sllidar_ros2/share/sllidar_ros2/launch/sllidar_a2m8_launch.py
[3.076s] -- Up-to-date: /home/feri/Projekt_1/ROS2_enviroment/ros2_ws/install/sllidar_ros2/share/sllidar_ros2/launch/view_sllidar_c1_launch.py
[3.081s] -- Up-to-date: /home/feri/Projekt_1/ROS2_enviroment/ros2_ws/install/sllidar_ros2/share/sllidar_ros2/launch/sllidar_s1_launch.py
[3.082s] -- Up-to-date: /home/feri/Projekt_1/ROS2_enviroment/ros2_ws/install/sllidar_ros2/share/sllidar_ros2/launch/sllidar_t1_launch.py
[3.083s] -- Up-to-date: /home/feri/Projekt_1/ROS2_enviroment/ros2_ws/install/sllidar_ros2/share/sllidar_ros2/launch/sllidar_s2e_launch.py
[3.083s] -- Up-to-date: /home/feri/Projekt_1/ROS2_enviroment/ros2_ws/install/sllidar_ros2/share/sllidar_ros2/launch/sllidar_c1_dual_launch.py
[3.092s] -- Up-to-date: /home/feri/Projekt_1/ROS2_enviroment/ros2_ws/install/sllidar_ros2/share/sllidar_ros2/rviz
[3.092s] -- Up-to-date: /home/feri/Projekt_1/ROS2_enviroment/ros2_ws/install/sllidar_ros2/share/sllidar_ros2/rviz/sllidar_ros2.rviz
[3.093s] -- Up-to-date: /home/feri/Projekt_1/ROS2_enviroment/ros2_ws/install/sllidar_ros2/lib/sllidar_ros2/sllidar_node
[3.096s] -- Up-to-date: /home/feri/Projekt_1/ROS2_enviroment/ros2_ws/install/sllidar_ros2/lib/sllidar_ros2/sllidar_client
[3.101s] -- Up-to-date: /home/feri/Projekt_1/ROS2_enviroment/ros2_ws/install/sllidar_ros2/share/ament_index/resource_index/package_run_dependencies/sllidar_ros2
[3.102s] -- Up-to-date: /home/feri/Projekt_1/ROS2_enviroment/ros2_ws/install/sllidar_ros2/share/ament_index/resource_index/parent_prefix_path/sllidar_ros2
[3.103s] -- Up-to-date: /home/feri/Projekt_1/ROS2_enviroment/ros2_ws/install/sllidar_ros2/share/sllidar_ros2/environment/ament_prefix_path.sh
[3.103s] -- Up-to-date: /home/feri/Projekt_1/ROS2_enviroment/ros2_ws/install/sllidar_ros2/share/sllidar_ros2/environment/ament_prefix_path.dsv
[3.104s] -- Up-to-date: /home/feri/Projekt_1/ROS2_enviroment/ros2_ws/install/sllidar_ros2/share/sllidar_ros2/environment/path.sh
[3.104s] -- Up-to-date: /home/feri/Projekt_1/ROS2_enviroment/ros2_ws/install/sllidar_ros2/share/sllidar_ros2/environment/path.dsv
[3.112s] -- Up-to-date: /home/feri/Projekt_1/ROS2_enviroment/ros2_ws/install/sllidar_ros2/share/sllidar_ros2/local_setup.bash
[3.116s] -- Up-to-date: /home/feri/Projekt_1/ROS2_enviroment/ros2_ws/install/sllidar_ros2/share/sllidar_ros2/local_setup.sh
[3.118s] -- Up-to-date: /home/feri/Projekt_1/ROS2_enviroment/ros2_ws/install/sllidar_ros2/share/sllidar_ros2/local_setup.zsh
[3.119s] -- Up-to-date: /home/feri/Projekt_1/ROS2_enviroment/ros2_ws/install/sllidar_ros2/share/sllidar_ros2/local_setup.dsv
[3.119s] -- Installing: /home/feri/Projekt_1/ROS2_enviroment/ros2_ws/install/sllidar_ros2/share/sllidar_ros2/package.dsv
[3.120s] -- Up-to-date: /home/feri/Projekt_1/ROS2_enviroment/ros2_ws/install/sllidar_ros2/share/ament_index/resource_index/packages/sllidar_ros2
[3.124s] -- Up-to-date: /home/feri/Projekt_1/ROS2_enviroment/ros2_ws/install/sllidar_ros2/share/sllidar_ros2/cmake/ament_cmake_export_dependencies-extras.cmake
[3.125s] -- Up-to-date: /home/feri/Projekt_1/ROS2_enviroment/ros2_ws/install/sllidar_ros2/share/sllidar_ros2/cmake/ament_cmake_export_include_directories-extras.cmake
[3.125s] -- Up-to-date: /home/feri/Projekt_1/ROS2_enviroment/ros2_ws/install/sllidar_ros2/share/sllidar_ros2/cmake/sllidar_ros2Config.cmake
[3.126s] -- Up-to-date: /home/feri/Projekt_1/ROS2_enviroment/ros2_ws/install/sllidar_ros2/share/sllidar_ros2/cmake/sllidar_ros2Config-version.cmake
[3.130s] -- Up-to-date: /home/feri/Projekt_1/ROS2_enviroment/ros2_ws/install/sllidar_ros2/share/sllidar_ros2/package.xml
[3.182s] Invoked command in '/home/feri/Projekt_1/ROS2_enviroment/ros2_ws/build/sllidar_ros2' returned '0': CMAKE_PREFIX_PATH=${CMAKE_PREFIX_PATH}:/home/feri/Projekt_1/ROS2_enviroment/ros2_ws/install/keyboard_control:/home/feri/Projekt_1/ROS2_enviroment/ros2_ws/install/ddsm115_controller:/opt/ros/jazzy DEBUGINFOD_URLS=https://debuginfod.ubuntu.com /usr/bin/cmake --install /home/feri/Projekt_1/ROS2_enviroment/ros2_ws/build/sllidar_ros2
