[0.067s] Invoking command in '/home/feri/Projekt_1/ROS2_enviroment/ros2_ws/build/ros2_laser_scan_merger': CMAKE_PREFIX_PATH=${CMAKE_PREFIX_PATH}:/home/feri/Projekt_1/ROS2_enviroment/ros2_ws/install/keyboard_control:/home/feri/Projekt_1/ROS2_enviroment/ros2_ws/install/ddsm115_controller:/opt/ros/jazzy DEBUGINFOD_URLS=https://debuginfod.ubuntu.com /usr/bin/cmake --build /home/feri/Projekt_1/ROS2_enviroment/ros2_ws/build/ros2_laser_scan_merger -- -j4 -l4
[0.530s] [100%] Built target ros2_laser_scan_merger
[0.603s] Invoked command in '/home/feri/Projekt_1/ROS2_enviroment/ros2_ws/build/ros2_laser_scan_merger' returned '0': CMAKE_PREFIX_PATH=${CMAKE_PREFIX_PATH}:/home/feri/Projekt_1/ROS2_enviroment/ros2_ws/install/keyboard_control:/home/feri/Projekt_1/ROS2_enviroment/ros2_ws/install/ddsm115_controller:/opt/ros/jazzy DEBUGINFOD_URLS=https://debuginfod.ubuntu.com /usr/bin/cmake --build /home/feri/Projekt_1/ROS2_enviroment/ros2_ws/build/ros2_laser_scan_merger -- -j4 -l4
[0.668s] Invoking command in '/home/feri/Projekt_1/ROS2_enviroment/ros2_ws/build/ros2_laser_scan_merger': CMAKE_PREFIX_PATH=${CMAKE_PREFIX_PATH}:/home/feri/Projekt_1/ROS2_enviroment/ros2_ws/install/keyboard_control:/home/feri/Projekt_1/ROS2_enviroment/ros2_ws/install/ddsm115_controller:/opt/ros/jazzy DEBUGINFOD_URLS=https://debuginfod.ubuntu.com /usr/bin/cmake --install /home/feri/Projekt_1/ROS2_enviroment/ros2_ws/build/ros2_laser_scan_merger
[0.723s] -- Install configuration: ""
[0.724s] -- Up-to-date: /home/feri/Projekt_1/ROS2_enviroment/ros2_ws/install/ros2_laser_scan_merger/share/ros2_laser_scan_merger/launch
[0.726s] -- Up-to-date: /home/feri/Projekt_1/ROS2_enviroment/ros2_ws/install/ros2_laser_scan_merger/share/ros2_laser_scan_merger/launch/merge_2_scan.launch.py
[0.726s] -- Up-to-date: /home/feri/Projekt_1/ROS2_enviroment/ros2_ws/install/ros2_laser_scan_merger/share/ros2_laser_scan_merger/launch/visualize_merge_2_scan.launch.py
[0.727s] -- Up-to-date: /home/feri/Projekt_1/ROS2_enviroment/ros2_ws/install/ros2_laser_scan_merger/share/ros2_laser_scan_merger/config
[0.730s] -- Installing: /home/feri/Projekt_1/ROS2_enviroment/ros2_ws/install/ros2_laser_scan_merger/share/ros2_laser_scan_merger/config/params.yaml
[0.730s] -- Up-to-date: /home/feri/Projekt_1/ROS2_enviroment/ros2_ws/install/ros2_laser_scan_merger/share/ros2_laser_scan_merger/rviz
[0.731s] -- Up-to-date: /home/feri/Projekt_1/ROS2_enviroment/ros2_ws/install/ros2_laser_scan_merger/share/ros2_laser_scan_merger/rviz/ros2_laser_scan_merge.rviz
[0.732s] -- Up-to-date: /home/feri/Projekt_1/ROS2_enviroment/ros2_ws/install/ros2_laser_scan_merger/lib/ros2_laser_scan_merger/ros2_laser_scan_merger
[0.735s] -- Up-to-date: /home/feri/Projekt_1/ROS2_enviroment/ros2_ws/install/ros2_laser_scan_merger/share/ament_index/resource_index/package_run_dependencies/ros2_laser_scan_merger
[0.736s] -- Up-to-date: /home/feri/Projekt_1/ROS2_enviroment/ros2_ws/install/ros2_laser_scan_merger/share/ament_index/resource_index/parent_prefix_path/ros2_laser_scan_merger
[0.737s] -- Up-to-date: /home/feri/Projekt_1/ROS2_enviroment/ros2_ws/install/ros2_laser_scan_merger/share/ros2_laser_scan_merger/environment/ament_prefix_path.sh
[0.740s] -- Up-to-date: /home/feri/Projekt_1/ROS2_enviroment/ros2_ws/install/ros2_laser_scan_merger/share/ros2_laser_scan_merger/environment/ament_prefix_path.dsv
[0.740s] -- Up-to-date: /home/feri/Projekt_1/ROS2_enviroment/ros2_ws/install/ros2_laser_scan_merger/share/ros2_laser_scan_merger/environment/path.sh
[0.741s] -- Up-to-date: /home/feri/Projekt_1/ROS2_enviroment/ros2_ws/install/ros2_laser_scan_merger/share/ros2_laser_scan_merger/environment/path.dsv
[0.742s] -- Up-to-date: /home/feri/Projekt_1/ROS2_enviroment/ros2_ws/install/ros2_laser_scan_merger/share/ros2_laser_scan_merger/local_setup.bash
[0.743s] -- Up-to-date: /home/feri/Projekt_1/ROS2_enviroment/ros2_ws/install/ros2_laser_scan_merger/share/ros2_laser_scan_merger/local_setup.sh
[0.743s] -- Up-to-date: /home/feri/Projekt_1/ROS2_enviroment/ros2_ws/install/ros2_laser_scan_merger/share/ros2_laser_scan_merger/local_setup.zsh
[0.744s] -- Up-to-date: /home/feri/Projekt_1/ROS2_enviroment/ros2_ws/install/ros2_laser_scan_merger/share/ros2_laser_scan_merger/local_setup.dsv
[0.745s] -- Installing: /home/feri/Projekt_1/ROS2_enviroment/ros2_ws/install/ros2_laser_scan_merger/share/ros2_laser_scan_merger/package.dsv
[0.745s] -- Up-to-date: /home/feri/Projekt_1/ROS2_enviroment/ros2_ws/install/ros2_laser_scan_merger/share/ament_index/resource_index/packages/ros2_laser_scan_merger
[0.748s] -- Up-to-date: /home/feri/Projekt_1/ROS2_enviroment/ros2_ws/install/ros2_laser_scan_merger/share/ros2_laser_scan_merger/cmake/ros2_laser_scan_mergerConfig.cmake
[0.750s] -- Up-to-date: /home/feri/Projekt_1/ROS2_enviroment/ros2_ws/install/ros2_laser_scan_merger/share/ros2_laser_scan_merger/cmake/ros2_laser_scan_mergerConfig-version.cmake
[0.751s] -- Up-to-date: /home/feri/Projekt_1/ROS2_enviroment/ros2_ws/install/ros2_laser_scan_merger/share/ros2_laser_scan_merger/package.xml
[0.755s] Invoked command in '/home/feri/Projekt_1/ROS2_enviroment/ros2_ws/build/ros2_laser_scan_merger' returned '0': CMAKE_PREFIX_PATH=${CMAKE_PREFIX_PATH}:/home/feri/Projekt_1/ROS2_enviroment/ros2_ws/install/keyboard_control:/home/feri/Projekt_1/ROS2_enviroment/ros2_ws/install/ddsm115_controller:/opt/ros/jazzy DEBUGINFOD_URLS=https://debuginfod.ubuntu.com /usr/bin/cmake --install /home/feri/Projekt_1/ROS2_enviroment/ros2_ws/build/ros2_laser_scan_merger
