[2.224s] Invoking command in '/home/feri/Projekt_1/ROS2_enviroment/ros2_ws/build/sllidar_ros2': CMAKE_PREFIX_PATH=${CMAKE_PREFIX_PATH}:/home/feri/Projekt_1/ROS2_enviroment/ros2_ws/install/keyboard_control:/home/feri/Projekt_1/ROS2_enviroment/ros2_ws/install/ddsm115_controller:/opt/ros/jazzy DEBUGINFOD_URLS=https://debuginfod.ubuntu.com /usr/bin/cmake --build /home/feri/Projekt_1/ROS2_enviroment/ros2_ws/build/sllidar_ros2 -- -j4 -l4
[2.763s] [ 10%] Built target sllidar_client
[2.798s] [100%] Built target sllidar_node
[2.877s] Invoked command in '/home/feri/Projekt_1/ROS2_enviroment/ros2_ws/build/sllidar_ros2' returned '0': CMAKE_PREFIX_PATH=${CMAKE_PREFIX_PATH}:/home/feri/Projekt_1/ROS2_enviroment/ros2_ws/install/keyboard_control:/home/feri/Projekt_1/ROS2_enviroment/ros2_ws/install/ddsm115_controller:/opt/ros/jazzy DEBUGINFOD_URLS=https://debuginfod.ubuntu.com /usr/bin/cmake --build /home/feri/Projekt_1/ROS2_enviroment/ros2_ws/build/sllidar_ros2 -- -j4 -l4
[2.963s] Invoking command in '/home/feri/Projekt_1/ROS2_enviroment/ros2_ws/build/sllidar_ros2': CMAKE_PREFIX_PATH=${CMAKE_PREFIX_PATH}:/home/feri/Projekt_1/ROS2_enviroment/ros2_ws/install/keyboard_control:/home/feri/Projekt_1/ROS2_enviroment/ros2_ws/install/ddsm115_controller:/opt/ros/jazzy DEBUGINFOD_URLS=https://debuginfod.ubuntu.com /usr/bin/cmake --install /home/feri/Projekt_1/ROS2_enviroment/ros2_ws/build/sllidar_ros2
[3.070s] -- Install configuration: ""
[3.077s] -- Up-to-date: /home/feri/Projekt_1/ROS2_enviroment/ros2_ws/install/sllidar_ros2/share/sllidar_ros2/launch
[3.087s] -- Up-to-date: /home/feri/Projekt_1/ROS2_enviroment/ros2_ws/install/sllidar_ros2/share/sllidar_ros2/launch/sllidar_a2m12_launch .py
[3.088s] -- Up-to-date: /home/feri/Projekt_1/ROS2_enviroment/ros2_ws/install/sllidar_ros2/share/sllidar_ros2/launch/view_sllidar_a2m7_launch.py
[3.101s] -- Up-to-date: /home/feri/Projekt_1/ROS2_enviroment/ros2_ws/install/sllidar_ros2/share/sllidar_ros2/launch/sllidar_a2m7_launch.py
[3.103s] -- Up-to-date: /home/feri/Projekt_1/ROS2_enviroment/ros2_ws/install/sllidar_ros2/share/sllidar_ros2/launch/view_sllidar_t1_launch.py
[3.103s] -- Up-to-date: /home/feri/Projekt_1/ROS2_enviroment/ros2_ws/install/sllidar_ros2/share/sllidar_ros2/launch/view_sllidar_s2e_launch.py
[3.105s] -- Up-to-date: /home/feri/Projekt_1/ROS2_enviroment/ros2_ws/install/sllidar_ros2/share/sllidar_ros2/launch/view_sllidar_s3_launch.py
[3.113s] -- Up-to-date: /home/feri/Projekt_1/ROS2_enviroment/ros2_ws/install/sllidar_ros2/share/sllidar_ros2/launch/sllidar_c1_launch.py
[3.116s] -- Up-to-date: /home/feri/Projekt_1/ROS2_enviroment/ros2_ws/install/sllidar_ros2/share/sllidar_ros2/launch/__pycache__
[3.116s] -- Up-to-date: /home/feri/Projekt_1/ROS2_enviroment/ros2_ws/install/sllidar_ros2/share/sllidar_ros2/launch/__pycache__/sllidar_c1_launch.cpython-312.pyc
[3.119s] -- Up-to-date: /home/feri/Projekt_1/ROS2_enviroment/ros2_ws/install/sllidar_ros2/share/sllidar_ros2/launch/sllidar_a1_launch.py
[3.120s] -- Up-to-date: /home/feri/Projekt_1/ROS2_enviroment/ros2_ws/install/sllidar_ros2/share/sllidar_ros2/launch/view_sllidar_s1_launch.py
[3.120s] -- Up-to-date: /home/feri/Projekt_1/ROS2_enviroment/ros2_ws/install/sllidar_ros2/share/sllidar_ros2/launch/view_sllidar_a2m8_launch.py
[3.123s] -- Up-to-date: /home/feri/Projekt_1/ROS2_enviroment/ros2_ws/install/sllidar_ros2/share/sllidar_ros2/launch/view_sllidar_a2m12_launch.py
[3.123s] -- Up-to-date: /home/feri/Projekt_1/ROS2_enviroment/ros2_ws/install/sllidar_ros2/share/sllidar_ros2/launch/view_sllidar_a3_launch.py
[3.127s] -- Up-to-date: /home/feri/Projekt_1/ROS2_enviroment/ros2_ws/install/sllidar_ros2/share/sllidar_ros2/launch/sllidar_s3_launch.py
[3.127s] -- Up-to-date: /home/feri/Projekt_1/ROS2_enviroment/ros2_ws/install/sllidar_ros2/share/sllidar_ros2/launch/view_sllidar_s1_tcp_launch.py
[3.128s] -- Up-to-date: /home/feri/Projekt_1/ROS2_enviroment/ros2_ws/install/sllidar_ros2/share/sllidar_ros2/launch/sllidar_s2_launch.py
[3.133s] -- Up-to-date: /home/feri/Projekt_1/ROS2_enviroment/ros2_ws/install/sllidar_ros2/share/sllidar_ros2/launch/sllidar_s1_tcp_launch.py
[3.134s] -- Up-to-date: /home/feri/Projekt_1/ROS2_enviroment/ros2_ws/install/sllidar_ros2/share/sllidar_ros2/launch/view_sllidar_a1_launch.py
[3.137s] -- Up-to-date: /home/feri/Projekt_1/ROS2_enviroment/ros2_ws/install/sllidar_ros2/share/sllidar_ros2/launch/sllidar_a3_launch.py
[3.137s] -- Up-to-date: /home/feri/Projekt_1/ROS2_enviroment/ros2_ws/install/sllidar_ros2/share/sllidar_ros2/launch/view_sllidar_s2_launch.py
[3.138s] -- Up-to-date: /home/feri/Projekt_1/ROS2_enviroment/ros2_ws/install/sllidar_ros2/share/sllidar_ros2/launch/sllidar_a2m8_launch.py
[3.143s] -- Up-to-date: /home/feri/Projekt_1/ROS2_enviroment/ros2_ws/install/sllidar_ros2/share/sllidar_ros2/launch/view_sllidar_c1_launch.py
[3.143s] -- Up-to-date: /home/feri/Projekt_1/ROS2_enviroment/ros2_ws/install/sllidar_ros2/share/sllidar_ros2/launch/sllidar_s1_launch.py
[3.144s] -- Up-to-date: /home/feri/Projekt_1/ROS2_enviroment/ros2_ws/install/sllidar_ros2/share/sllidar_ros2/launch/sllidar_t1_launch.py
[3.147s] -- Up-to-date: /home/feri/Projekt_1/ROS2_enviroment/ros2_ws/install/sllidar_ros2/share/sllidar_ros2/launch/sllidar_s2e_launch.py
[3.152s] -- Up-to-date: /home/feri/Projekt_1/ROS2_enviroment/ros2_ws/install/sllidar_ros2/share/sllidar_ros2/launch/sllidar_c1_dual_launch.py
[3.153s] -- Up-to-date: /home/feri/Projekt_1/ROS2_enviroment/ros2_ws/install/sllidar_ros2/share/sllidar_ros2/rviz
[3.156s] -- Up-to-date: /home/feri/Projekt_1/ROS2_enviroment/ros2_ws/install/sllidar_ros2/share/sllidar_ros2/rviz/sllidar_ros2.rviz
[3.157s] -- Up-to-date: /home/feri/Projekt_1/ROS2_enviroment/ros2_ws/install/sllidar_ros2/lib/sllidar_ros2/sllidar_node
[3.168s] -- Up-to-date: /home/feri/Projekt_1/ROS2_enviroment/ros2_ws/install/sllidar_ros2/lib/sllidar_ros2/sllidar_client
[3.181s] -- Up-to-date: /home/feri/Projekt_1/ROS2_enviroment/ros2_ws/install/sllidar_ros2/share/ament_index/resource_index/package_run_dependencies/sllidar_ros2
[3.185s] -- Up-to-date: /home/feri/Projekt_1/ROS2_enviroment/ros2_ws/install/sllidar_ros2/share/ament_index/resource_index/parent_prefix_path/sllidar_ros2
[3.185s] -- Up-to-date: /home/feri/Projekt_1/ROS2_enviroment/ros2_ws/install/sllidar_ros2/share/sllidar_ros2/environment/ament_prefix_path.sh
[3.186s] -- Up-to-date: /home/feri/Projekt_1/ROS2_enviroment/ros2_ws/install/sllidar_ros2/share/sllidar_ros2/environment/ament_prefix_path.dsv
[3.190s] -- Up-to-date: /home/feri/Projekt_1/ROS2_enviroment/ros2_ws/install/sllidar_ros2/share/sllidar_ros2/environment/path.sh
[3.191s] -- Up-to-date: /home/feri/Projekt_1/ROS2_enviroment/ros2_ws/install/sllidar_ros2/share/sllidar_ros2/environment/path.dsv
[3.193s] -- Up-to-date: /home/feri/Projekt_1/ROS2_enviroment/ros2_ws/install/sllidar_ros2/share/sllidar_ros2/local_setup.bash
[3.195s] -- Up-to-date: /home/feri/Projekt_1/ROS2_enviroment/ros2_ws/install/sllidar_ros2/share/sllidar_ros2/local_setup.sh
[3.196s] -- Up-to-date: /home/feri/Projekt_1/ROS2_enviroment/ros2_ws/install/sllidar_ros2/share/sllidar_ros2/local_setup.zsh
[3.198s] -- Up-to-date: /home/feri/Projekt_1/ROS2_enviroment/ros2_ws/install/sllidar_ros2/share/sllidar_ros2/local_setup.dsv
[3.199s] -- Installing: /home/feri/Projekt_1/ROS2_enviroment/ros2_ws/install/sllidar_ros2/share/sllidar_ros2/package.dsv
[3.201s] -- Up-to-date: /home/feri/Projekt_1/ROS2_enviroment/ros2_ws/install/sllidar_ros2/share/ament_index/resource_index/packages/sllidar_ros2
[3.208s] -- Up-to-date: /home/feri/Projekt_1/ROS2_enviroment/ros2_ws/install/sllidar_ros2/share/sllidar_ros2/cmake/ament_cmake_export_dependencies-extras.cmake
[3.218s] -- Up-to-date: /home/feri/Projekt_1/ROS2_enviroment/ros2_ws/install/sllidar_ros2/share/sllidar_ros2/cmake/ament_cmake_export_include_directories-extras.cmake
[3.222s] -- Up-to-date: /home/feri/Projekt_1/ROS2_enviroment/ros2_ws/install/sllidar_ros2/share/sllidar_ros2/cmake/sllidar_ros2Config.cmake
[3.223s] -- Up-to-date: /home/feri/Projekt_1/ROS2_enviroment/ros2_ws/install/sllidar_ros2/share/sllidar_ros2/cmake/sllidar_ros2Config-version.cmake
[3.223s] -- Up-to-date: /home/feri/Projekt_1/ROS2_enviroment/ros2_ws/install/sllidar_ros2/share/sllidar_ros2/package.xml
[3.336s] Invoked command in '/home/feri/Projekt_1/ROS2_enviroment/ros2_ws/build/sllidar_ros2' returned '0': CMAKE_PREFIX_PATH=${CMAKE_PREFIX_PATH}:/home/feri/Projekt_1/ROS2_enviroment/ros2_ws/install/keyboard_control:/home/feri/Projekt_1/ROS2_enviroment/ros2_ws/install/ddsm115_controller:/opt/ros/jazzy DEBUGINFOD_URLS=https://debuginfod.ubuntu.com /usr/bin/cmake --install /home/feri/Projekt_1/ROS2_enviroment/ros2_ws/build/sllidar_ros2
