running develop
Removing /home/feri/Projekt_1/ROS2_enviroment/ros2_ws/install/ddsm115_controller/lib/python3.12/site-packages/ddsm115-controller.egg-link (link to .)
running egg_info
writing ../../build/ddsm115_controller/ddsm115_controller.egg-info/PKG-INFO
writing dependency_links to ../../build/ddsm115_controller/ddsm115_controller.egg-info/dependency_links.txt
writing entry points to ../../build/ddsm115_controller/ddsm115_controller.egg-info/entry_points.txt
writing requirements to ../../build/ddsm115_controller/ddsm115_controller.egg-info/requires.txt
writing top-level names to ../../build/ddsm115_controller/ddsm115_controller.egg-info/top_level.txt
reading manifest file '../../build/ddsm115_controller/ddsm115_controller.egg-info/SOURCES.txt'
writing manifest file '../../build/ddsm115_controller/ddsm115_controller.egg-info/SOURCES.txt'
running build
running build_py
creating /home/feri/Projekt_1/ROS2_enviroment/ros2_ws/build/ddsm115_controller/build
creating /home/feri/Projekt_1/ROS2_enviroment/ros2_ws/build/ddsm115_controller/build/lib
creating /home/feri/Projekt_1/ROS2_enviroment/ros2_ws/build/ddsm115_controller/build/lib/ddsm115_controller
copying ddsm115_controller/set_motor_id.py -> /home/feri/Projekt_1/ROS2_enviroment/ros2_ws/build/ddsm115_controller/build/lib/ddsm115_controller
copying ddsm115_controller/__init__.py -> /home/feri/Projekt_1/ROS2_enviroment/ros2_ws/build/ddsm115_controller/build/lib/ddsm115_controller
copying ddsm115_controller/check_motor_id.py -> /home/feri/Projekt_1/ROS2_enviroment/ros2_ws/build/ddsm115_controller/build/lib/ddsm115_controller
copying ddsm115_controller/two_wheels_robot.py -> /home/feri/Projekt_1/ROS2_enviroment/ros2_ws/build/ddsm115_controller/build/lib/ddsm115_controller
copying ddsm115_controller/ddsm115.py -> /home/feri/Projekt_1/ROS2_enviroment/ros2_ws/build/ddsm115_controller/build/lib/ddsm115_controller
copying ddsm115_controller/velocity_control.py -> /home/feri/Projekt_1/ROS2_enviroment/ros2_ws/build/ddsm115_controller/build/lib/ddsm115_controller
running install
running install_lib
creating /home/feri/Projekt_1/ROS2_enviroment/ros2_ws/install/ddsm115_controller/lib/python3.12/site-packages/ddsm115_controller
copying /home/feri/Projekt_1/ROS2_enviroment/ros2_ws/build/ddsm115_controller/build/lib/ddsm115_controller/set_motor_id.py -> /home/feri/Projekt_1/ROS2_enviroment/ros2_ws/install/ddsm115_controller/lib/python3.12/site-packages/ddsm115_controller
copying /home/feri/Projekt_1/ROS2_enviroment/ros2_ws/build/ddsm115_controller/build/lib/ddsm115_controller/__init__.py -> /home/feri/Projekt_1/ROS2_enviroment/ros2_ws/install/ddsm115_controller/lib/python3.12/site-packages/ddsm115_controller
copying /home/feri/Projekt_1/ROS2_enviroment/ros2_ws/build/ddsm115_controller/build/lib/ddsm115_controller/check_motor_id.py -> /home/feri/Projekt_1/ROS2_enviroment/ros2_ws/install/ddsm115_controller/lib/python3.12/site-packages/ddsm115_controller
copying /home/feri/Projekt_1/ROS2_enviroment/ros2_ws/build/ddsm115_controller/build/lib/ddsm115_controller/two_wheels_robot.py -> /home/feri/Projekt_1/ROS2_enviroment/ros2_ws/install/ddsm115_controller/lib/python3.12/site-packages/ddsm115_controller
copying /home/feri/Projekt_1/ROS2_enviroment/ros2_ws/build/ddsm115_controller/build/lib/ddsm115_controller/ddsm115.py -> /home/feri/Projekt_1/ROS2_enviroment/ros2_ws/install/ddsm115_controller/lib/python3.12/site-packages/ddsm115_controller
copying /home/feri/Projekt_1/ROS2_enviroment/ros2_ws/build/ddsm115_controller/build/lib/ddsm115_controller/velocity_control.py -> /home/feri/Projekt_1/ROS2_enviroment/ros2_ws/install/ddsm115_controller/lib/python3.12/site-packages/ddsm115_controller
byte-compiling /home/feri/Projekt_1/ROS2_enviroment/ros2_ws/install/ddsm115_controller/lib/python3.12/site-packages/ddsm115_controller/set_motor_id.py to set_motor_id.cpython-312.pyc
byte-compiling /home/feri/Projekt_1/ROS2_enviroment/ros2_ws/install/ddsm115_controller/lib/python3.12/site-packages/ddsm115_controller/__init__.py to __init__.cpython-312.pyc
byte-compiling /home/feri/Projekt_1/ROS2_enviroment/ros2_ws/install/ddsm115_controller/lib/python3.12/site-packages/ddsm115_controller/check_motor_id.py to check_motor_id.cpython-312.pyc
byte-compiling /home/feri/Projekt_1/ROS2_enviroment/ros2_ws/install/ddsm115_controller/lib/python3.12/site-packages/ddsm115_controller/two_wheels_robot.py to two_wheels_robot.cpython-312.pyc
byte-compiling /home/feri/Projekt_1/ROS2_enviroment/ros2_ws/install/ddsm115_controller/lib/python3.12/site-packages/ddsm115_controller/ddsm115.py to ddsm115.cpython-312.pyc
byte-compiling /home/feri/Projekt_1/ROS2_enviroment/ros2_ws/install/ddsm115_controller/lib/python3.12/site-packages/ddsm115_controller/velocity_control.py to velocity_control.cpython-312.pyc
running install_data
copying resource/ddsm115_controller -> /home/feri/Projekt_1/ROS2_enviroment/ros2_ws/install/ddsm115_controller/share/ament_index/resource_index/packages
copying package.xml -> /home/feri/Projekt_1/ROS2_enviroment/ros2_ws/install/ddsm115_controller/share/ddsm115_controller
running install_egg_info
Copying ../../build/ddsm115_controller/ddsm115_controller.egg-info to /home/feri/Projekt_1/ROS2_enviroment/ros2_ws/install/ddsm115_controller/lib/python3.12/site-packages/ddsm115_controller-0.0.0-py3.12.egg-info
running install_scripts
Installing check_motor_id script to /home/feri/Projekt_1/ROS2_enviroment/ros2_ws/install/ddsm115_controller/lib/ddsm115_controller
Installing set_motor_id script to /home/feri/Projekt_1/ROS2_enviroment/ros2_ws/install/ddsm115_controller/lib/ddsm115_controller
Installing two_wheels_robot script to /home/feri/Projekt_1/ROS2_enviroment/ros2_ws/install/ddsm115_controller/lib/ddsm115_controller
Installing velocity_control script to /home/feri/Projekt_1/ROS2_enviroment/ros2_ws/install/ddsm115_controller/lib/ddsm115_controller
writing list of installed files to '/home/feri/Projekt_1/ROS2_enviroment/ros2_ws/build/ddsm115_controller/install.log'
