[0.570s] DEBUG:colcon:Command line arguments: ['/usr/bin/colcon', 'build', '--packages-select', 'keyboard_control']
[0.570s] DEBUG:colcon:Parsed command line arguments: Namespace(log_base=None, log_level=None, verb_name='build', build_base='build', install_base='install', merge_install=False, symlink_install=False, test_result_base=None, continue_on_error=False, executor='parallel', parallel_workers=4, event_handlers=None, ignore_user_meta=False, metas=['./colcon.meta'], base_paths=['.'], packages_ignore=None, packages_ignore_regex=None, paths=None, packages_up_to=None, packages_up_to_regex=None, packages_above=None, packages_above_and_dependencies=None, packages_above_depth=None, packages_select_by_dep=None, packages_skip_by_dep=None, packages_skip_up_to=None, packages_select_build_failed=False, packages_skip_build_finished=False, packages_select_test_failures=False, packages_skip_test_passed=False, packages_select=['keyboard_control'], packages_skip=None, packages_select_regex=None, packages_skip_regex=None, packages_start=None, packages_end=None, allow_overriding=[], cmake_args=None, cmake_target=None, cmake_target_skip_unavailable=False, cmake_clean_cache=False, cmake_clean_first=False, cmake_force_configure=False, ament_cmake_args=None, catkin_cmake_args=None, catkin_skip_building_tests=False, mixin_files=None, mixin=None, verb_parser=<colcon_mixin.mixin.mixin_argument.MixinArgumentDecorator object at 0xffffbcf088f0>, verb_extension=<colcon_core.verb.build.BuildVerb object at 0xffffbd0c4dd0>, main=<bound method BuildVerb.main of <colcon_core.verb.build.BuildVerb object at 0xffffbd0c4dd0>>, mixin_verb=('build',))
[0.784s] Level 1:colcon.colcon_core.package_discovery:discover_packages(colcon_meta) check parameters
[0.785s] Level 1:colcon.colcon_core.package_discovery:discover_packages(recursive) check parameters
[0.785s] Level 1:colcon.colcon_core.package_discovery:discover_packages(ignore) check parameters
[0.785s] Level 1:colcon.colcon_core.package_discovery:discover_packages(path) check parameters
[0.785s] Level 1:colcon.colcon_core.package_discovery:discover_packages(colcon_meta) discover
[0.786s] Level 1:colcon.colcon_core.package_discovery:discover_packages(recursive) discover
[0.786s] INFO:colcon.colcon_core.package_discovery:Crawling recursively for packages in '/home/feri/Projekt_1/ROS2_enviroment/ros2_ws'
[0.786s] Level 1:colcon.colcon_core.package_identification:_identify(.) by extensions ['ignore', 'ignore_ament_install']
[0.787s] Level 1:colcon.colcon_core.package_identification:_identify(.) by extension 'ignore'
[0.787s] Level 1:colcon.colcon_core.package_identification:_identify(.) by extension 'ignore_ament_install'
[0.788s] Level 1:colcon.colcon_core.package_identification:_identify(.) by extensions ['colcon_pkg']
[0.788s] Level 1:colcon.colcon_core.package_identification:_identify(.) by extension 'colcon_pkg'
[0.788s] Level 1:colcon.colcon_core.package_identification:_identify(.) by extensions ['colcon_meta']
[0.788s] Level 1:colcon.colcon_core.package_identification:_identify(.) by extension 'colcon_meta'
[0.789s] Level 1:colcon.colcon_core.package_identification:_identify(.) by extensions ['ros']
[0.789s] Level 1:colcon.colcon_core.package_identification:_identify(.) by extension 'ros'
[0.907s] Level 1:colcon.colcon_core.package_identification:_identify(.) by extensions ['cmake', 'python']
[0.907s] Level 1:colcon.colcon_core.package_identification:_identify(.) by extension 'cmake'
[0.908s] Level 1:colcon.colcon_core.package_identification:_identify(.) by extension 'python'
[0.908s] Level 1:colcon.colcon_core.package_identification:_identify(.) by extensions ['python_setup_py']
[0.908s] Level 1:colcon.colcon_core.package_identification:_identify(.) by extension 'python_setup_py'
[0.909s] Level 1:colcon.colcon_core.package_identification:_identify(build) by extensions ['ignore', 'ignore_ament_install']
[0.909s] Level 1:colcon.colcon_core.package_identification:_identify(build) by extension 'ignore'
[0.910s] Level 1:colcon.colcon_core.package_identification:_identify(build) ignored
[0.911s] Level 1:colcon.colcon_core.package_identification:_identify(install) by extensions ['ignore', 'ignore_ament_install']
[0.911s] Level 1:colcon.colcon_core.package_identification:_identify(install) by extension 'ignore'
[0.912s] Level 1:colcon.colcon_core.package_identification:_identify(install) ignored
[0.915s] Level 1:colcon.colcon_core.package_identification:_identify(log) by extensions ['ignore', 'ignore_ament_install']
[0.916s] Level 1:colcon.colcon_core.package_identification:_identify(log) by extension 'ignore'
[0.916s] Level 1:colcon.colcon_core.package_identification:_identify(log) ignored
[0.917s] Level 1:colcon.colcon_core.package_identification:_identify(src) by extensions ['ignore', 'ignore_ament_install']
[0.917s] Level 1:colcon.colcon_core.package_identification:_identify(src) by extension 'ignore'
[0.918s] Level 1:colcon.colcon_core.package_identification:_identify(src) by extension 'ignore_ament_install'
[0.918s] Level 1:colcon.colcon_core.package_identification:_identify(src) by extensions ['colcon_pkg']
[0.918s] Level 1:colcon.colcon_core.package_identification:_identify(src) by extension 'colcon_pkg'
[0.919s] Level 1:colcon.colcon_core.package_identification:_identify(src) by extensions ['colcon_meta']
[0.919s] Level 1:colcon.colcon_core.package_identification:_identify(src) by extension 'colcon_meta'
[0.919s] Level 1:colcon.colcon_core.package_identification:_identify(src) by extensions ['ros']
[0.919s] Level 1:colcon.colcon_core.package_identification:_identify(src) by extension 'ros'
[0.920s] Level 1:colcon.colcon_core.package_identification:_identify(src) by extensions ['cmake', 'python']
[0.920s] Level 1:colcon.colcon_core.package_identification:_identify(src) by extension 'cmake'
[0.921s] Level 1:colcon.colcon_core.package_identification:_identify(src) by extension 'python'
[0.921s] Level 1:colcon.colcon_core.package_identification:_identify(src) by extensions ['python_setup_py']
[0.921s] Level 1:colcon.colcon_core.package_identification:_identify(src) by extension 'python_setup_py'
[0.922s] Level 1:colcon.colcon_core.package_identification:_identify(src/build) by extensions ['ignore', 'ignore_ament_install']
[0.923s] Level 1:colcon.colcon_core.package_identification:_identify(src/build) by extension 'ignore'
[0.923s] Level 1:colcon.colcon_core.package_identification:_identify(src/build) ignored
[0.923s] Level 1:colcon.colcon_core.package_identification:_identify(src/ddsm115_controller) by extensions ['ignore', 'ignore_ament_install']
[0.924s] Level 1:colcon.colcon_core.package_identification:_identify(src/ddsm115_controller) by extension 'ignore'
[0.925s] Level 1:colcon.colcon_core.package_identification:_identify(src/ddsm115_controller) by extension 'ignore_ament_install'
[0.925s] Level 1:colcon.colcon_core.package_identification:_identify(src/ddsm115_controller) by extensions ['colcon_pkg']
[0.926s] Level 1:colcon.colcon_core.package_identification:_identify(src/ddsm115_controller) by extension 'colcon_pkg'
[0.926s] Level 1:colcon.colcon_core.package_identification:_identify(src/ddsm115_controller) by extensions ['colcon_meta']
[0.926s] Level 1:colcon.colcon_core.package_identification:_identify(src/ddsm115_controller) by extension 'colcon_meta'
[0.926s] Level 1:colcon.colcon_core.package_identification:_identify(src/ddsm115_controller) by extensions ['ros']
[0.927s] Level 1:colcon.colcon_core.package_identification:_identify(src/ddsm115_controller) by extension 'ros'
[0.937s] DEBUG:colcon.colcon_core.package_identification:Package 'src/ddsm115_controller' with type 'ros.ament_python' and name 'ddsm115_controller'
[0.937s] Level 1:colcon.colcon_core.package_identification:_identify(src/install) by extensions ['ignore', 'ignore_ament_install']
[0.938s] Level 1:colcon.colcon_core.package_identification:_identify(src/install) by extension 'ignore'
[0.938s] Level 1:colcon.colcon_core.package_identification:_identify(src/install) ignored
[0.939s] Level 1:colcon.colcon_core.package_identification:_identify(src/keyboard_control) by extensions ['ignore', 'ignore_ament_install']
[0.939s] Level 1:colcon.colcon_core.package_identification:_identify(src/keyboard_control) by extension 'ignore'
[0.939s] Level 1:colcon.colcon_core.package_identification:_identify(src/keyboard_control) by extension 'ignore_ament_install'
[0.940s] Level 1:colcon.colcon_core.package_identification:_identify(src/keyboard_control) by extensions ['colcon_pkg']
[0.940s] Level 1:colcon.colcon_core.package_identification:_identify(src/keyboard_control) by extension 'colcon_pkg'
[0.940s] Level 1:colcon.colcon_core.package_identification:_identify(src/keyboard_control) by extensions ['colcon_meta']
[0.941s] Level 1:colcon.colcon_core.package_identification:_identify(src/keyboard_control) by extension 'colcon_meta'
[0.941s] Level 1:colcon.colcon_core.package_identification:_identify(src/keyboard_control) by extensions ['ros']
[0.941s] Level 1:colcon.colcon_core.package_identification:_identify(src/keyboard_control) by extension 'ros'
[0.944s] DEBUG:colcon.colcon_core.package_identification:Package 'src/keyboard_control' with type 'ros.ament_python' and name 'keyboard_control'
[0.945s] Level 1:colcon.colcon_core.package_identification:_identify(src/log) by extensions ['ignore', 'ignore_ament_install']
[0.950s] Level 1:colcon.colcon_core.package_identification:_identify(src/log) by extension 'ignore'
[0.950s] Level 1:colcon.colcon_core.package_identification:_identify(src/log) ignored
[0.951s] Level 1:colcon.colcon_core.package_identification:_identify(src/robot_description) by extensions ['ignore', 'ignore_ament_install']
[0.951s] Level 1:colcon.colcon_core.package_identification:_identify(src/robot_description) by extension 'ignore'
[0.952s] Level 1:colcon.colcon_core.package_identification:_identify(src/robot_description) by extension 'ignore_ament_install'
[0.952s] Level 1:colcon.colcon_core.package_identification:_identify(src/robot_description) by extensions ['colcon_pkg']
[0.952s] Level 1:colcon.colcon_core.package_identification:_identify(src/robot_description) by extension 'colcon_pkg'
[0.952s] Level 1:colcon.colcon_core.package_identification:_identify(src/robot_description) by extensions ['colcon_meta']
[0.953s] Level 1:colcon.colcon_core.package_identification:_identify(src/robot_description) by extension 'colcon_meta'
[0.953s] Level 1:colcon.colcon_core.package_identification:_identify(src/robot_description) by extensions ['ros']
[0.953s] Level 1:colcon.colcon_core.package_identification:_identify(src/robot_description) by extension 'ros'
[0.955s] DEBUG:colcon.colcon_core.package_identification:Package 'src/robot_description' with type 'ros.ament_cmake' and name 'robot_description'
[0.956s] Level 1:colcon.colcon_core.package_identification:_identify(src/ros2_laser_scan_merger) by extensions ['ignore', 'ignore_ament_install']
[0.956s] Level 1:colcon.colcon_core.package_identification:_identify(src/ros2_laser_scan_merger) by extension 'ignore'
[0.957s] Level 1:colcon.colcon_core.package_identification:_identify(src/ros2_laser_scan_merger) by extension 'ignore_ament_install'
[0.957s] Level 1:colcon.colcon_core.package_identification:_identify(src/ros2_laser_scan_merger) by extensions ['colcon_pkg']
[0.958s] Level 1:colcon.colcon_core.package_identification:_identify(src/ros2_laser_scan_merger) by extension 'colcon_pkg'
[0.958s] Level 1:colcon.colcon_core.package_identification:_identify(src/ros2_laser_scan_merger) by extensions ['colcon_meta']
[0.958s] Level 1:colcon.colcon_core.package_identification:_identify(src/ros2_laser_scan_merger) by extension 'colcon_meta'
[0.959s] Level 1:colcon.colcon_core.package_identification:_identify(src/ros2_laser_scan_merger) by extensions ['ros']
[0.959s] Level 1:colcon.colcon_core.package_identification:_identify(src/ros2_laser_scan_merger) by extension 'ros'
[0.964s] DEBUG:colcon.colcon_core.package_identification:Package 'src/ros2_laser_scan_merger' with type 'ros.ament_cmake' and name 'ros2_laser_scan_merger'
[0.965s] Level 1:colcon.colcon_core.package_identification:_identify(src/sllidar_ros2) by extensions ['ignore', 'ignore_ament_install']
[0.965s] Level 1:colcon.colcon_core.package_identification:_identify(src/sllidar_ros2) by extension 'ignore'
[0.966s] Level 1:colcon.colcon_core.package_identification:_identify(src/sllidar_ros2) by extension 'ignore_ament_install'
[0.966s] Level 1:colcon.colcon_core.package_identification:_identify(src/sllidar_ros2) by extensions ['colcon_pkg']
[0.966s] Level 1:colcon.colcon_core.package_identification:_identify(src/sllidar_ros2) by extension 'colcon_pkg'
[0.966s] Level 1:colcon.colcon_core.package_identification:_identify(src/sllidar_ros2) by extensions ['colcon_meta']
[0.966s] Level 1:colcon.colcon_core.package_identification:_identify(src/sllidar_ros2) by extension 'colcon_meta'
[0.967s] Level 1:colcon.colcon_core.package_identification:_identify(src/sllidar_ros2) by extensions ['ros']
[0.967s] Level 1:colcon.colcon_core.package_identification:_identify(src/sllidar_ros2) by extension 'ros'
[0.970s] DEBUG:colcon.colcon_core.package_identification:Package 'src/sllidar_ros2' with type 'ros.ament_cmake' and name 'sllidar_ros2'
[0.970s] Level 1:colcon.colcon_core.package_identification:_identify(src/wt901c_RS485) by extensions ['ignore', 'ignore_ament_install']
[0.971s] Level 1:colcon.colcon_core.package_identification:_identify(src/wt901c_RS485) by extension 'ignore'
[0.971s] Level 1:colcon.colcon_core.package_identification:_identify(src/wt901c_RS485) by extension 'ignore_ament_install'
[0.971s] Level 1:colcon.colcon_core.package_identification:_identify(src/wt901c_RS485) by extensions ['colcon_pkg']
[0.971s] Level 1:colcon.colcon_core.package_identification:_identify(src/wt901c_RS485) by extension 'colcon_pkg'
[0.972s] Level 1:colcon.colcon_core.package_identification:_identify(src/wt901c_RS485) by extensions ['colcon_meta']
[0.972s] Level 1:colcon.colcon_core.package_identification:_identify(src/wt901c_RS485) by extension 'colcon_meta'
[0.972s] Level 1:colcon.colcon_core.package_identification:_identify(src/wt901c_RS485) by extensions ['ros']
[0.972s] Level 1:colcon.colcon_core.package_identification:_identify(src/wt901c_RS485) by extension 'ros'
[0.974s] DEBUG:colcon.colcon_core.package_identification:Package 'src/wt901c_RS485' with type 'ros.ament_python' and name 'wt901c_RS485'
[0.974s] Level 1:colcon.colcon_core.package_discovery:discover_packages(recursive) using defaults
[0.975s] Level 1:colcon.colcon_core.package_discovery:discover_packages(ignore) discover
[0.975s] Level 1:colcon.colcon_core.package_discovery:discover_packages(ignore) using defaults
[0.975s] Level 1:colcon.colcon_core.package_discovery:discover_packages(path) discover
[0.975s] Level 1:colcon.colcon_core.package_discovery:discover_packages(path) using defaults
[1.055s] INFO:colcon.colcon_core.package_selection:Skipping not selected package 'ddsm115_controller' in 'src/ddsm115_controller'
[1.055s] INFO:colcon.colcon_core.package_selection:Skipping not selected package 'robot_description' in 'src/robot_description'
[1.056s] INFO:colcon.colcon_core.package_selection:Skipping not selected package 'ros2_laser_scan_merger' in 'src/ros2_laser_scan_merger'
[1.056s] INFO:colcon.colcon_core.package_selection:Skipping not selected package 'sllidar_ros2' in 'src/sllidar_ros2'
[1.056s] INFO:colcon.colcon_core.package_selection:Skipping not selected package 'wt901c_RS485' in 'src/wt901c_RS485'
[1.058s] Level 1:colcon.colcon_core.package_discovery:discover_packages(prefix_path) check parameters
[1.058s] Level 1:colcon.colcon_core.package_discovery:discover_packages(prefix_path) discover
[1.071s] DEBUG:colcon.colcon_installed_package_information.package_discovery:Found 7 installed packages in /home/feri/Projekt_1/ROS2_enviroment/ros2_ws/install
[1.083s] DEBUG:colcon.colcon_installed_package_information.package_discovery:Found 301 installed packages in /opt/ros/jazzy
[1.092s] Level 1:colcon.colcon_core.package_discovery:discover_packages(prefix_path) using defaults
[1.341s] Level 5:colcon.colcon_core.verb:set package 'keyboard_control' build argument 'cmake_args' from command line to 'None'
[1.341s] Level 5:colcon.colcon_core.verb:set package 'keyboard_control' build argument 'cmake_target' from command line to 'None'
[1.341s] Level 5:colcon.colcon_core.verb:set package 'keyboard_control' build argument 'cmake_target_skip_unavailable' from command line to 'False'
[1.342s] Level 5:colcon.colcon_core.verb:set package 'keyboard_control' build argument 'cmake_clean_cache' from command line to 'False'
[1.342s] Level 5:colcon.colcon_core.verb:set package 'keyboard_control' build argument 'cmake_clean_first' from command line to 'False'
[1.342s] Level 5:colcon.colcon_core.verb:set package 'keyboard_control' build argument 'cmake_force_configure' from command line to 'False'
[1.342s] Level 5:colcon.colcon_core.verb:set package 'keyboard_control' build argument 'ament_cmake_args' from command line to 'None'
[1.342s] Level 5:colcon.colcon_core.verb:set package 'keyboard_control' build argument 'catkin_cmake_args' from command line to 'None'
[1.342s] Level 5:colcon.colcon_core.verb:set package 'keyboard_control' build argument 'catkin_skip_building_tests' from command line to 'False'
[1.342s] DEBUG:colcon.colcon_core.verb:Building package 'keyboard_control' with the following arguments: {'ament_cmake_args': None, 'build_base': '/home/feri/Projekt_1/ROS2_enviroment/ros2_ws/build/keyboard_control', 'catkin_cmake_args': None, 'catkin_skip_building_tests': False, 'cmake_args': None, 'cmake_clean_cache': False, 'cmake_clean_first': False, 'cmake_force_configure': False, 'cmake_target': None, 'cmake_target_skip_unavailable': False, 'install_base': '/home/feri/Projekt_1/ROS2_enviroment/ros2_ws/install/keyboard_control', 'merge_install': False, 'path': '/home/feri/Projekt_1/ROS2_enviroment/ros2_ws/src/keyboard_control', 'symlink_install': False, 'test_result_base': None}
[1.343s] INFO:colcon.colcon_core.executor:Executing jobs using 'parallel' executor
[1.346s] DEBUG:colcon.colcon_parallel_executor.executor.parallel:run_until_complete
[1.349s] INFO:colcon.colcon_ros.task.ament_python.build:Building ROS package in '/home/feri/Projekt_1/ROS2_enviroment/ros2_ws/src/keyboard_control' with build type 'ament_python'
[1.350s] Level 1:colcon.colcon_core.shell:create_environment_hook('keyboard_control', 'ament_prefix_path')
[1.361s] INFO:colcon.colcon_core.plugin_system:Skipping extension 'colcon_core.shell.bat': Not used on non-Windows systems
[1.363s] INFO:colcon.colcon_core.shell:Creating environment hook '/home/feri/Projekt_1/ROS2_enviroment/ros2_ws/install/keyboard_control/share/keyboard_control/hook/ament_prefix_path.ps1'
[1.365s] INFO:colcon.colcon_core.shell:Creating environment descriptor '/home/feri/Projekt_1/ROS2_enviroment/ros2_ws/install/keyboard_control/share/keyboard_control/hook/ament_prefix_path.dsv'
[1.368s] INFO:colcon.colcon_core.shell:Creating environment hook '/home/feri/Projekt_1/ROS2_enviroment/ros2_ws/install/keyboard_control/share/keyboard_control/hook/ament_prefix_path.sh'
[1.372s] INFO:colcon.colcon_core.shell:Skip shell extension 'powershell' for command environment: Not usable outside of PowerShell
[1.372s] DEBUG:colcon.colcon_core.shell:Skip shell extension 'dsv' for command environment
[2.665s] INFO:colcon.colcon_core.task.python.build:Building Python package in '/home/feri/Projekt_1/ROS2_enviroment/ros2_ws/src/keyboard_control'
[2.666s] INFO:colcon.colcon_core.shell:Skip shell extension 'powershell' for command environment: Not usable outside of PowerShell
[2.666s] DEBUG:colcon.colcon_core.shell:Skip shell extension 'dsv' for command environment
[6.294s] DEBUG:colcon.colcon_core.event_handler.log_command:Invoking command in '/home/feri/Projekt_1/ROS2_enviroment/ros2_ws/src/keyboard_control': DEBUGINFOD_URLS=https://debuginfod.ubuntu.com PYTHONPATH=/home/feri/Projekt_1/ROS2_enviroment/ros2_ws/build/keyboard_control/prefix_override:/usr/lib/python3/dist-packages/colcon_core/task/python/colcon_distutils_commands:/home/feri/Projekt_1/ROS2_enviroment/ros2_ws/install/keyboard_control/lib/python3.12/site-packages:${PYTHONPATH} /usr/bin/python3 -W ignore:setup.py install is deprecated -W ignore:easy_install command is deprecated setup.py egg_info --egg-base ../../build/keyboard_control build --build-base /home/feri/Projekt_1/ROS2_enviroment/ros2_ws/build/keyboard_control/build install --record /home/feri/Projekt_1/ROS2_enviroment/ros2_ws/build/keyboard_control/install.log --single-version-externally-managed install_data
[9.945s] DEBUG:colcon.colcon_core.event_handler.log_command:Invoked command in '/home/feri/Projekt_1/ROS2_enviroment/ros2_ws/src/keyboard_control' returned '0': DEBUGINFOD_URLS=https://debuginfod.ubuntu.com PYTHONPATH=/home/feri/Projekt_1/ROS2_enviroment/ros2_ws/build/keyboard_control/prefix_override:/usr/lib/python3/dist-packages/colcon_core/task/python/colcon_distutils_commands:/home/feri/Projekt_1/ROS2_enviroment/ros2_ws/install/keyboard_control/lib/python3.12/site-packages:${PYTHONPATH} /usr/bin/python3 -W ignore:setup.py install is deprecated -W ignore:easy_install command is deprecated setup.py egg_info --egg-base ../../build/keyboard_control build --build-base /home/feri/Projekt_1/ROS2_enviroment/ros2_ws/build/keyboard_control/build install --record /home/feri/Projekt_1/ROS2_enviroment/ros2_ws/build/keyboard_control/install.log --single-version-externally-managed install_data
[9.958s] Level 1:colcon.colcon_core.environment:checking '/home/feri/Projekt_1/ROS2_enviroment/ros2_ws/install/keyboard_control' for CMake module files
[9.962s] Level 1:colcon.colcon_core.environment:checking '/home/feri/Projekt_1/ROS2_enviroment/ros2_ws/install/keyboard_control' for CMake config files
[9.967s] Level 1:colcon.colcon_core.environment:checking '/home/feri/Projekt_1/ROS2_enviroment/ros2_ws/install/keyboard_control/lib'
[9.968s] Level 1:colcon.colcon_core.environment:checking '/home/feri/Projekt_1/ROS2_enviroment/ros2_ws/install/keyboard_control/bin'
[9.968s] Level 1:colcon.colcon_core.environment:checking '/home/feri/Projekt_1/ROS2_enviroment/ros2_ws/install/keyboard_control/lib/pkgconfig/keyboard_control.pc'
[9.969s] Level 1:colcon.colcon_core.environment:checking '/home/feri/Projekt_1/ROS2_enviroment/ros2_ws/install/keyboard_control/lib/python3.12/site-packages'
[9.970s] Level 1:colcon.colcon_core.shell:create_environment_hook('keyboard_control', 'pythonpath')
[9.971s] INFO:colcon.colcon_core.shell:Creating environment hook '/home/feri/Projekt_1/ROS2_enviroment/ros2_ws/install/keyboard_control/share/keyboard_control/hook/pythonpath.ps1'
[9.974s] INFO:colcon.colcon_core.shell:Creating environment descriptor '/home/feri/Projekt_1/ROS2_enviroment/ros2_ws/install/keyboard_control/share/keyboard_control/hook/pythonpath.dsv'
[9.976s] INFO:colcon.colcon_core.shell:Creating environment hook '/home/feri/Projekt_1/ROS2_enviroment/ros2_ws/install/keyboard_control/share/keyboard_control/hook/pythonpath.sh'
[9.980s] Level 1:colcon.colcon_core.environment:checking '/home/feri/Projekt_1/ROS2_enviroment/ros2_ws/install/keyboard_control/bin'
[9.980s] Level 1:colcon.colcon_core.environment:create_environment_scripts_only(keyboard_control)
[9.982s] INFO:colcon.colcon_core.shell:Creating package script '/home/feri/Projekt_1/ROS2_enviroment/ros2_ws/install/keyboard_control/share/keyboard_control/package.ps1'
[9.987s] INFO:colcon.colcon_core.shell:Creating package descriptor '/home/feri/Projekt_1/ROS2_enviroment/ros2_ws/install/keyboard_control/share/keyboard_control/package.dsv'
[9.990s] INFO:colcon.colcon_core.shell:Creating package script '/home/feri/Projekt_1/ROS2_enviroment/ros2_ws/install/keyboard_control/share/keyboard_control/package.sh'
[9.994s] INFO:colcon.colcon_core.shell:Creating package script '/home/feri/Projekt_1/ROS2_enviroment/ros2_ws/install/keyboard_control/share/keyboard_control/package.bash'
[9.998s] INFO:colcon.colcon_core.shell:Creating package script '/home/feri/Projekt_1/ROS2_enviroment/ros2_ws/install/keyboard_control/share/keyboard_control/package.zsh'
[10.001s] Level 1:colcon.colcon_core.environment:create_file_with_runtime_dependencies(/home/feri/Projekt_1/ROS2_enviroment/ros2_ws/install/keyboard_control/share/colcon-core/packages/keyboard_control)
[10.003s] DEBUG:colcon.colcon_parallel_executor.executor.parallel:closing loop
[10.006s] DEBUG:colcon.colcon_parallel_executor.executor.parallel:loop closed
[10.006s] DEBUG:colcon.colcon_parallel_executor.executor.parallel:run_until_complete finished with '0'
[10.006s] DEBUG:colcon.colcon_core.event_reactor:joining thread
[10.008s] DEBUG:colcon.colcon_core.event_reactor:joined thread
[10.009s] INFO:colcon.colcon_core.shell:Creating prefix script '/home/feri/Projekt_1/ROS2_enviroment/ros2_ws/install/local_setup.ps1'
[10.013s] INFO:colcon.colcon_core.shell:Creating prefix util module '/home/feri/Projekt_1/ROS2_enviroment/ros2_ws/install/_local_setup_util_ps1.py'
[10.019s] INFO:colcon.colcon_core.shell:Creating prefix chain script '/home/feri/Projekt_1/ROS2_enviroment/ros2_ws/install/setup.ps1'
[10.026s] INFO:colcon.colcon_core.shell:Creating prefix script '/home/feri/Projekt_1/ROS2_enviroment/ros2_ws/install/local_setup.sh'
[10.028s] INFO:colcon.colcon_core.shell:Creating prefix util module '/home/feri/Projekt_1/ROS2_enviroment/ros2_ws/install/_local_setup_util_sh.py'
[10.032s] INFO:colcon.colcon_core.shell:Creating prefix chain script '/home/feri/Projekt_1/ROS2_enviroment/ros2_ws/install/setup.sh'
[10.039s] INFO:colcon.colcon_core.shell:Creating prefix script '/home/feri/Projekt_1/ROS2_enviroment/ros2_ws/install/local_setup.bash'
[10.042s] INFO:colcon.colcon_core.shell:Creating prefix chain script '/home/feri/Projekt_1/ROS2_enviroment/ros2_ws/install/setup.bash'
[10.049s] INFO:colcon.colcon_core.shell:Creating prefix script '/home/feri/Projekt_1/ROS2_enviroment/ros2_ws/install/local_setup.zsh'
[10.053s] INFO:colcon.colcon_core.shell:Creating prefix chain script '/home/feri/Projekt_1/ROS2_enviroment/ros2_ws/install/setup.zsh'
