[0.646s] DEBUG:colcon:Command line arguments: ['/usr/bin/colcon', 'build', '--packages-select', 'ros2_laser_scan_merger']
[0.647s] DEBUG:colcon:Parsed command line arguments: Namespace(log_base=None, log_level=None, verb_name='build', build_base='build', install_base='install', merge_install=False, symlink_install=False, test_result_base=None, continue_on_error=False, executor='parallel', parallel_workers=4, event_handlers=None, ignore_user_meta=False, metas=['./colcon.meta'], base_paths=['.'], packages_ignore=None, packages_ignore_regex=None, paths=None, packages_up_to=None, packages_up_to_regex=None, packages_above=None, packages_above_and_dependencies=None, packages_above_depth=None, packages_select_by_dep=None, packages_skip_by_dep=None, packages_skip_up_to=None, packages_select_build_failed=False, packages_skip_build_finished=False, packages_select_test_failures=False, packages_skip_test_passed=False, packages_select=['ros2_laser_scan_merger'], packages_skip=None, packages_select_regex=None, packages_skip_regex=None, packages_start=None, packages_end=None, allow_overriding=[], cmake_args=None, cmake_target=None, cmake_target_skip_unavailable=False, cmake_clean_cache=False, cmake_clean_first=False, cmake_force_configure=False, ament_cmake_args=None, catkin_cmake_args=None, catkin_skip_building_tests=False, mixin_files=None, mixin=None, verb_parser=<colcon_mixin.mixin.mixin_argument.MixinArgumentDecorator object at 0xffffb4f04860>, verb_extension=<colcon_core.verb.build.BuildVerb object at 0xffffb50c04d0>, main=<bound method BuildVerb.main of <colcon_core.verb.build.BuildVerb object at 0xffffb50c04d0>>, mixin_verb=('build',))
[0.878s] Level 1:colcon.colcon_core.package_discovery:discover_packages(colcon_meta) check parameters
[0.878s] Level 1:colcon.colcon_core.package_discovery:discover_packages(recursive) check parameters
[0.879s] Level 1:colcon.colcon_core.package_discovery:discover_packages(ignore) check parameters
[0.879s] Level 1:colcon.colcon_core.package_discovery:discover_packages(path) check parameters
[0.879s] Level 1:colcon.colcon_core.package_discovery:discover_packages(colcon_meta) discover
[0.879s] Level 1:colcon.colcon_core.package_discovery:discover_packages(recursive) discover
[0.879s] INFO:colcon.colcon_core.package_discovery:Crawling recursively for packages in '/home/feri/Projekt_1/ROS2_enviroment/ros2_ws'
[0.880s] Level 1:colcon.colcon_core.package_identification:_identify(.) by extensions ['ignore', 'ignore_ament_install']
[0.880s] Level 1:colcon.colcon_core.package_identification:_identify(.) by extension 'ignore'
[0.881s] Level 1:colcon.colcon_core.package_identification:_identify(.) by extension 'ignore_ament_install'
[0.881s] Level 1:colcon.colcon_core.package_identification:_identify(.) by extensions ['colcon_pkg']
[0.881s] Level 1:colcon.colcon_core.package_identification:_identify(.) by extension 'colcon_pkg'
[0.881s] Level 1:colcon.colcon_core.package_identification:_identify(.) by extensions ['colcon_meta']
[0.882s] Level 1:colcon.colcon_core.package_identification:_identify(.) by extension 'colcon_meta'
[0.882s] Level 1:colcon.colcon_core.package_identification:_identify(.) by extensions ['ros']
[0.882s] Level 1:colcon.colcon_core.package_identification:_identify(.) by extension 'ros'
[1.011s] Level 1:colcon.colcon_core.package_identification:_identify(.) by extensions ['cmake', 'python']
[1.012s] Level 1:colcon.colcon_core.package_identification:_identify(.) by extension 'cmake'
[1.012s] Level 1:colcon.colcon_core.package_identification:_identify(.) by extension 'python'
[1.013s] Level 1:colcon.colcon_core.package_identification:_identify(.) by extensions ['python_setup_py']
[1.013s] Level 1:colcon.colcon_core.package_identification:_identify(.) by extension 'python_setup_py'
[1.014s] Level 1:colcon.colcon_core.package_identification:_identify(build) by extensions ['ignore', 'ignore_ament_install']
[1.015s] Level 1:colcon.colcon_core.package_identification:_identify(build) by extension 'ignore'
[1.015s] Level 1:colcon.colcon_core.package_identification:_identify(build) ignored
[1.018s] Level 1:colcon.colcon_core.package_identification:_identify(install) by extensions ['ignore', 'ignore_ament_install']
[1.019s] Level 1:colcon.colcon_core.package_identification:_identify(install) by extension 'ignore'
[1.019s] Level 1:colcon.colcon_core.package_identification:_identify(install) ignored
[1.022s] Level 1:colcon.colcon_core.package_identification:_identify(log) by extensions ['ignore', 'ignore_ament_install']
[1.023s] Level 1:colcon.colcon_core.package_identification:_identify(log) by extension 'ignore'
[1.023s] Level 1:colcon.colcon_core.package_identification:_identify(log) ignored
[1.024s] Level 1:colcon.colcon_core.package_identification:_identify(src) by extensions ['ignore', 'ignore_ament_install']
[1.024s] Level 1:colcon.colcon_core.package_identification:_identify(src) by extension 'ignore'
[1.025s] Level 1:colcon.colcon_core.package_identification:_identify(src) by extension 'ignore_ament_install'
[1.025s] Level 1:colcon.colcon_core.package_identification:_identify(src) by extensions ['colcon_pkg']
[1.025s] Level 1:colcon.colcon_core.package_identification:_identify(src) by extension 'colcon_pkg'
[1.026s] Level 1:colcon.colcon_core.package_identification:_identify(src) by extensions ['colcon_meta']
[1.026s] Level 1:colcon.colcon_core.package_identification:_identify(src) by extension 'colcon_meta'
[1.026s] Level 1:colcon.colcon_core.package_identification:_identify(src) by extensions ['ros']
[1.026s] Level 1:colcon.colcon_core.package_identification:_identify(src) by extension 'ros'
[1.027s] Level 1:colcon.colcon_core.package_identification:_identify(src) by extensions ['cmake', 'python']
[1.027s] Level 1:colcon.colcon_core.package_identification:_identify(src) by extension 'cmake'
[1.027s] Level 1:colcon.colcon_core.package_identification:_identify(src) by extension 'python'
[1.028s] Level 1:colcon.colcon_core.package_identification:_identify(src) by extensions ['python_setup_py']
[1.028s] Level 1:colcon.colcon_core.package_identification:_identify(src) by extension 'python_setup_py'
[1.029s] Level 1:colcon.colcon_core.package_identification:_identify(src/ddsm115_controller) by extensions ['ignore', 'ignore_ament_install']
[1.029s] Level 1:colcon.colcon_core.package_identification:_identify(src/ddsm115_controller) by extension 'ignore'
[1.030s] Level 1:colcon.colcon_core.package_identification:_identify(src/ddsm115_controller) by extension 'ignore_ament_install'
[1.030s] Level 1:colcon.colcon_core.package_identification:_identify(src/ddsm115_controller) by extensions ['colcon_pkg']
[1.031s] Level 1:colcon.colcon_core.package_identification:_identify(src/ddsm115_controller) by extension 'colcon_pkg'
[1.031s] Level 1:colcon.colcon_core.package_identification:_identify(src/ddsm115_controller) by extensions ['colcon_meta']
[1.031s] Level 1:colcon.colcon_core.package_identification:_identify(src/ddsm115_controller) by extension 'colcon_meta'
[1.032s] Level 1:colcon.colcon_core.package_identification:_identify(src/ddsm115_controller) by extensions ['ros']
[1.032s] Level 1:colcon.colcon_core.package_identification:_identify(src/ddsm115_controller) by extension 'ros'
[1.043s] DEBUG:colcon.colcon_core.package_identification:Package 'src/ddsm115_controller' with type 'ros.ament_python' and name 'ddsm115_controller'
[1.044s] Level 1:colcon.colcon_core.package_identification:_identify(src/keyboard_control) by extensions ['ignore', 'ignore_ament_install']
[1.044s] Level 1:colcon.colcon_core.package_identification:_identify(src/keyboard_control) by extension 'ignore'
[1.045s] Level 1:colcon.colcon_core.package_identification:_identify(src/keyboard_control) by extension 'ignore_ament_install'
[1.045s] Level 1:colcon.colcon_core.package_identification:_identify(src/keyboard_control) by extensions ['colcon_pkg']
[1.045s] Level 1:colcon.colcon_core.package_identification:_identify(src/keyboard_control) by extension 'colcon_pkg'
[1.046s] Level 1:colcon.colcon_core.package_identification:_identify(src/keyboard_control) by extensions ['colcon_meta']
[1.046s] Level 1:colcon.colcon_core.package_identification:_identify(src/keyboard_control) by extension 'colcon_meta'
[1.046s] Level 1:colcon.colcon_core.package_identification:_identify(src/keyboard_control) by extensions ['ros']
[1.047s] Level 1:colcon.colcon_core.package_identification:_identify(src/keyboard_control) by extension 'ros'
[1.050s] DEBUG:colcon.colcon_core.package_identification:Package 'src/keyboard_control' with type 'ros.ament_python' and name 'keyboard_control'
[1.050s] Level 1:colcon.colcon_core.package_identification:_identify(src/robot_description) by extensions ['ignore', 'ignore_ament_install']
[1.051s] Level 1:colcon.colcon_core.package_identification:_identify(src/robot_description) by extension 'ignore'
[1.051s] Level 1:colcon.colcon_core.package_identification:_identify(src/robot_description) by extension 'ignore_ament_install'
[1.051s] Level 1:colcon.colcon_core.package_identification:_identify(src/robot_description) by extensions ['colcon_pkg']
[1.051s] Level 1:colcon.colcon_core.package_identification:_identify(src/robot_description) by extension 'colcon_pkg'
[1.052s] Level 1:colcon.colcon_core.package_identification:_identify(src/robot_description) by extensions ['colcon_meta']
[1.052s] Level 1:colcon.colcon_core.package_identification:_identify(src/robot_description) by extension 'colcon_meta'
[1.052s] Level 1:colcon.colcon_core.package_identification:_identify(src/robot_description) by extensions ['ros']
[1.052s] Level 1:colcon.colcon_core.package_identification:_identify(src/robot_description) by extension 'ros'
[1.054s] DEBUG:colcon.colcon_core.package_identification:Package 'src/robot_description' with type 'ros.ament_cmake' and name 'robot_description'
[1.055s] Level 1:colcon.colcon_core.package_identification:_identify(src/ros2_laser_scan_merger) by extensions ['ignore', 'ignore_ament_install']
[1.055s] Level 1:colcon.colcon_core.package_identification:_identify(src/ros2_laser_scan_merger) by extension 'ignore'
[1.056s] Level 1:colcon.colcon_core.package_identification:_identify(src/ros2_laser_scan_merger) by extension 'ignore_ament_install'
[1.056s] Level 1:colcon.colcon_core.package_identification:_identify(src/ros2_laser_scan_merger) by extensions ['colcon_pkg']
[1.056s] Level 1:colcon.colcon_core.package_identification:_identify(src/ros2_laser_scan_merger) by extension 'colcon_pkg'
[1.057s] Level 1:colcon.colcon_core.package_identification:_identify(src/ros2_laser_scan_merger) by extensions ['colcon_meta']
[1.057s] Level 1:colcon.colcon_core.package_identification:_identify(src/ros2_laser_scan_merger) by extension 'colcon_meta'
[1.057s] Level 1:colcon.colcon_core.package_identification:_identify(src/ros2_laser_scan_merger) by extensions ['ros']
[1.058s] Level 1:colcon.colcon_core.package_identification:_identify(src/ros2_laser_scan_merger) by extension 'ros'
[1.062s] DEBUG:colcon.colcon_core.package_identification:Package 'src/ros2_laser_scan_merger' with type 'ros.ament_cmake' and name 'ros2_laser_scan_merger'
[1.063s] Level 1:colcon.colcon_core.package_identification:_identify(src/sllidar_ros2) by extensions ['ignore', 'ignore_ament_install']
[1.063s] Level 1:colcon.colcon_core.package_identification:_identify(src/sllidar_ros2) by extension 'ignore'
[1.063s] Level 1:colcon.colcon_core.package_identification:_identify(src/sllidar_ros2) by extension 'ignore_ament_install'
[1.064s] Level 1:colcon.colcon_core.package_identification:_identify(src/sllidar_ros2) by extensions ['colcon_pkg']
[1.064s] Level 1:colcon.colcon_core.package_identification:_identify(src/sllidar_ros2) by extension 'colcon_pkg'
[1.064s] Level 1:colcon.colcon_core.package_identification:_identify(src/sllidar_ros2) by extensions ['colcon_meta']
[1.065s] Level 1:colcon.colcon_core.package_identification:_identify(src/sllidar_ros2) by extension 'colcon_meta'
[1.065s] Level 1:colcon.colcon_core.package_identification:_identify(src/sllidar_ros2) by extensions ['ros']
[1.065s] Level 1:colcon.colcon_core.package_identification:_identify(src/sllidar_ros2) by extension 'ros'
[1.068s] DEBUG:colcon.colcon_core.package_identification:Package 'src/sllidar_ros2' with type 'ros.ament_cmake' and name 'sllidar_ros2'
[1.068s] Level 1:colcon.colcon_core.package_discovery:discover_packages(recursive) using defaults
[1.069s] Level 1:colcon.colcon_core.package_discovery:discover_packages(ignore) discover
[1.069s] Level 1:colcon.colcon_core.package_discovery:discover_packages(ignore) using defaults
[1.069s] Level 1:colcon.colcon_core.package_discovery:discover_packages(path) discover
[1.069s] Level 1:colcon.colcon_core.package_discovery:discover_packages(path) using defaults
[1.154s] INFO:colcon.colcon_core.package_selection:Skipping not selected package 'ddsm115_controller' in 'src/ddsm115_controller'
[1.154s] INFO:colcon.colcon_core.package_selection:Skipping not selected package 'keyboard_control' in 'src/keyboard_control'
[1.154s] INFO:colcon.colcon_core.package_selection:Skipping not selected package 'robot_description' in 'src/robot_description'
[1.154s] INFO:colcon.colcon_core.package_selection:Skipping not selected package 'sllidar_ros2' in 'src/sllidar_ros2'
[1.157s] Level 1:colcon.colcon_core.package_discovery:discover_packages(prefix_path) check parameters
[1.157s] Level 1:colcon.colcon_core.package_discovery:discover_packages(prefix_path) discover
[1.171s] DEBUG:colcon.colcon_installed_package_information.package_discovery:Found 6 installed packages in /home/feri/Projekt_1/ROS2_enviroment/ros2_ws/install
[1.183s] DEBUG:colcon.colcon_installed_package_information.package_discovery:Found 301 installed packages in /opt/ros/jazzy
[1.193s] Level 1:colcon.colcon_core.package_discovery:discover_packages(prefix_path) using defaults
[1.499s] Level 5:colcon.colcon_core.verb:set package 'ros2_laser_scan_merger' build argument 'cmake_args' from command line to 'None'
[1.500s] Level 5:colcon.colcon_core.verb:set package 'ros2_laser_scan_merger' build argument 'cmake_target' from command line to 'None'
[1.500s] Level 5:colcon.colcon_core.verb:set package 'ros2_laser_scan_merger' build argument 'cmake_target_skip_unavailable' from command line to 'False'
[1.500s] Level 5:colcon.colcon_core.verb:set package 'ros2_laser_scan_merger' build argument 'cmake_clean_cache' from command line to 'False'
[1.500s] Level 5:colcon.colcon_core.verb:set package 'ros2_laser_scan_merger' build argument 'cmake_clean_first' from command line to 'False'
[1.500s] Level 5:colcon.colcon_core.verb:set package 'ros2_laser_scan_merger' build argument 'cmake_force_configure' from command line to 'False'
[1.500s] Level 5:colcon.colcon_core.verb:set package 'ros2_laser_scan_merger' build argument 'ament_cmake_args' from command line to 'None'
[1.501s] Level 5:colcon.colcon_core.verb:set package 'ros2_laser_scan_merger' build argument 'catkin_cmake_args' from command line to 'None'
[1.501s] Level 5:colcon.colcon_core.verb:set package 'ros2_laser_scan_merger' build argument 'catkin_skip_building_tests' from command line to 'False'
[1.501s] DEBUG:colcon.colcon_core.verb:Building package 'ros2_laser_scan_merger' with the following arguments: {'ament_cmake_args': None, 'build_base': '/home/feri/Projekt_1/ROS2_enviroment/ros2_ws/build/ros2_laser_scan_merger', 'catkin_cmake_args': None, 'catkin_skip_building_tests': False, 'cmake_args': None, 'cmake_clean_cache': False, 'cmake_clean_first': False, 'cmake_force_configure': False, 'cmake_target': None, 'cmake_target_skip_unavailable': False, 'install_base': '/home/feri/Projekt_1/ROS2_enviroment/ros2_ws/install/ros2_laser_scan_merger', 'merge_install': False, 'path': '/home/feri/Projekt_1/ROS2_enviroment/ros2_ws/src/ros2_laser_scan_merger', 'symlink_install': False, 'test_result_base': None}
[1.502s] INFO:colcon.colcon_core.executor:Executing jobs using 'parallel' executor
[1.505s] DEBUG:colcon.colcon_parallel_executor.executor.parallel:run_until_complete
[1.506s] INFO:colcon.colcon_ros.task.ament_cmake.build:Building ROS package in '/home/feri/Projekt_1/ROS2_enviroment/ros2_ws/src/ros2_laser_scan_merger' with build type 'ament_cmake'
[1.507s] INFO:colcon.colcon_cmake.task.cmake.build:Building CMake package in '/home/feri/Projekt_1/ROS2_enviroment/ros2_ws/src/ros2_laser_scan_merger'
[1.520s] INFO:colcon.colcon_core.plugin_system:Skipping extension 'colcon_core.shell.bat': Not used on non-Windows systems
[1.521s] INFO:colcon.colcon_core.shell:Skip shell extension 'powershell' for command environment: Not usable outside of PowerShell
[1.521s] DEBUG:colcon.colcon_core.shell:Skip shell extension 'dsv' for command environment
[1.582s] DEBUG:colcon.colcon_core.event_handler.log_command:Invoking command in '/home/feri/Projekt_1/ROS2_enviroment/ros2_ws/build/ros2_laser_scan_merger': CMAKE_PREFIX_PATH=${CMAKE_PREFIX_PATH}:/home/feri/Projekt_1/ROS2_enviroment/ros2_ws/install/keyboard_control:/home/feri/Projekt_1/ROS2_enviroment/ros2_ws/install/ddsm115_controller:/opt/ros/jazzy DEBUGINFOD_URLS=https://debuginfod.ubuntu.com /usr/bin/cmake --build /home/feri/Projekt_1/ROS2_enviroment/ros2_ws/build/ros2_laser_scan_merger -- -j4 -l4
[2.124s] DEBUG:colcon.colcon_core.event_handler.log_command:Invoked command in '/home/feri/Projekt_1/ROS2_enviroment/ros2_ws/build/ros2_laser_scan_merger' returned '0': CMAKE_PREFIX_PATH=${CMAKE_PREFIX_PATH}:/home/feri/Projekt_1/ROS2_enviroment/ros2_ws/install/keyboard_control:/home/feri/Projekt_1/ROS2_enviroment/ros2_ws/install/ddsm115_controller:/opt/ros/jazzy DEBUGINFOD_URLS=https://debuginfod.ubuntu.com /usr/bin/cmake --build /home/feri/Projekt_1/ROS2_enviroment/ros2_ws/build/ros2_laser_scan_merger -- -j4 -l4
[2.199s] DEBUG:colcon.colcon_core.event_handler.log_command:Invoking command in '/home/feri/Projekt_1/ROS2_enviroment/ros2_ws/build/ros2_laser_scan_merger': CMAKE_PREFIX_PATH=${CMAKE_PREFIX_PATH}:/home/feri/Projekt_1/ROS2_enviroment/ros2_ws/install/keyboard_control:/home/feri/Projekt_1/ROS2_enviroment/ros2_ws/install/ddsm115_controller:/opt/ros/jazzy DEBUGINFOD_URLS=https://debuginfod.ubuntu.com /usr/bin/cmake --install /home/feri/Projekt_1/ROS2_enviroment/ros2_ws/build/ros2_laser_scan_merger
[2.300s] Level 1:colcon.colcon_core.environment:create_environment_scripts_only(ros2_laser_scan_merger)
[2.334s] DEBUG:colcon.colcon_core.event_handler.log_command:Invoked command in '/home/feri/Projekt_1/ROS2_enviroment/ros2_ws/build/ros2_laser_scan_merger' returned '0': CMAKE_PREFIX_PATH=${CMAKE_PREFIX_PATH}:/home/feri/Projekt_1/ROS2_enviroment/ros2_ws/install/keyboard_control:/home/feri/Projekt_1/ROS2_enviroment/ros2_ws/install/ddsm115_controller:/opt/ros/jazzy DEBUGINFOD_URLS=https://debuginfod.ubuntu.com /usr/bin/cmake --install /home/feri/Projekt_1/ROS2_enviroment/ros2_ws/build/ros2_laser_scan_merger
[2.337s] Level 1:colcon.colcon_core.environment:checking '/home/feri/Projekt_1/ROS2_enviroment/ros2_ws/install/ros2_laser_scan_merger' for CMake module files
[2.342s] Level 1:colcon.colcon_core.environment:checking '/home/feri/Projekt_1/ROS2_enviroment/ros2_ws/install/ros2_laser_scan_merger' for CMake config files
[2.346s] Level 1:colcon.colcon_core.shell:create_environment_hook('ros2_laser_scan_merger', 'cmake_prefix_path')
[2.347s] INFO:colcon.colcon_core.shell:Creating environment hook '/home/feri/Projekt_1/ROS2_enviroment/ros2_ws/install/ros2_laser_scan_merger/share/ros2_laser_scan_merger/hook/cmake_prefix_path.ps1'
[2.353s] INFO:colcon.colcon_core.shell:Creating environment descriptor '/home/feri/Projekt_1/ROS2_enviroment/ros2_ws/install/ros2_laser_scan_merger/share/ros2_laser_scan_merger/hook/cmake_prefix_path.dsv'
[2.356s] INFO:colcon.colcon_core.shell:Creating environment hook '/home/feri/Projekt_1/ROS2_enviroment/ros2_ws/install/ros2_laser_scan_merger/share/ros2_laser_scan_merger/hook/cmake_prefix_path.sh'
[2.361s] Level 1:colcon.colcon_core.environment:checking '/home/feri/Projekt_1/ROS2_enviroment/ros2_ws/install/ros2_laser_scan_merger/lib'
[2.362s] Level 1:colcon.colcon_core.environment:checking '/home/feri/Projekt_1/ROS2_enviroment/ros2_ws/install/ros2_laser_scan_merger/bin'
[2.363s] Level 1:colcon.colcon_core.environment:checking '/home/feri/Projekt_1/ROS2_enviroment/ros2_ws/install/ros2_laser_scan_merger/lib/pkgconfig/ros2_laser_scan_merger.pc'
[2.364s] Level 1:colcon.colcon_core.environment:checking '/home/feri/Projekt_1/ROS2_enviroment/ros2_ws/install/ros2_laser_scan_merger/lib/python3.12/site-packages'
[2.366s] Level 1:colcon.colcon_core.environment:checking '/home/feri/Projekt_1/ROS2_enviroment/ros2_ws/install/ros2_laser_scan_merger/bin'
[2.368s] INFO:colcon.colcon_core.shell:Creating package script '/home/feri/Projekt_1/ROS2_enviroment/ros2_ws/install/ros2_laser_scan_merger/share/ros2_laser_scan_merger/package.ps1'
[2.374s] INFO:colcon.colcon_core.shell:Creating package descriptor '/home/feri/Projekt_1/ROS2_enviroment/ros2_ws/install/ros2_laser_scan_merger/share/ros2_laser_scan_merger/package.dsv'
[2.378s] INFO:colcon.colcon_core.shell:Creating package script '/home/feri/Projekt_1/ROS2_enviroment/ros2_ws/install/ros2_laser_scan_merger/share/ros2_laser_scan_merger/package.sh'
[2.382s] INFO:colcon.colcon_core.shell:Creating package script '/home/feri/Projekt_1/ROS2_enviroment/ros2_ws/install/ros2_laser_scan_merger/share/ros2_laser_scan_merger/package.bash'
[2.386s] INFO:colcon.colcon_core.shell:Creating package script '/home/feri/Projekt_1/ROS2_enviroment/ros2_ws/install/ros2_laser_scan_merger/share/ros2_laser_scan_merger/package.zsh'
[2.389s] Level 1:colcon.colcon_core.environment:create_file_with_runtime_dependencies(/home/feri/Projekt_1/ROS2_enviroment/ros2_ws/install/ros2_laser_scan_merger/share/colcon-core/packages/ros2_laser_scan_merger)
[2.392s] Level 1:colcon.colcon_core.environment:create_environment_scripts_only(ros2_laser_scan_merger)
[2.393s] Level 1:colcon.colcon_core.environment:checking '/home/feri/Projekt_1/ROS2_enviroment/ros2_ws/install/ros2_laser_scan_merger' for CMake module files
[2.400s] Level 1:colcon.colcon_core.environment:checking '/home/feri/Projekt_1/ROS2_enviroment/ros2_ws/install/ros2_laser_scan_merger' for CMake config files
[2.402s] Level 1:colcon.colcon_core.shell:create_environment_hook('ros2_laser_scan_merger', 'cmake_prefix_path')
[2.404s] INFO:colcon.colcon_core.shell:Creating environment hook '/home/feri/Projekt_1/ROS2_enviroment/ros2_ws/install/ros2_laser_scan_merger/share/ros2_laser_scan_merger/hook/cmake_prefix_path.ps1'
[2.408s] INFO:colcon.colcon_core.shell:Creating environment descriptor '/home/feri/Projekt_1/ROS2_enviroment/ros2_ws/install/ros2_laser_scan_merger/share/ros2_laser_scan_merger/hook/cmake_prefix_path.dsv'
[2.411s] INFO:colcon.colcon_core.shell:Creating environment hook '/home/feri/Projekt_1/ROS2_enviroment/ros2_ws/install/ros2_laser_scan_merger/share/ros2_laser_scan_merger/hook/cmake_prefix_path.sh'
[2.415s] Level 1:colcon.colcon_core.environment:checking '/home/feri/Projekt_1/ROS2_enviroment/ros2_ws/install/ros2_laser_scan_merger/lib'
[2.416s] Level 1:colcon.colcon_core.environment:checking '/home/feri/Projekt_1/ROS2_enviroment/ros2_ws/install/ros2_laser_scan_merger/bin'
[2.416s] Level 1:colcon.colcon_core.environment:checking '/home/feri/Projekt_1/ROS2_enviroment/ros2_ws/install/ros2_laser_scan_merger/lib/pkgconfig/ros2_laser_scan_merger.pc'
[2.418s] Level 1:colcon.colcon_core.environment:checking '/home/feri/Projekt_1/ROS2_enviroment/ros2_ws/install/ros2_laser_scan_merger/lib/python3.12/site-packages'
[2.420s] Level 1:colcon.colcon_core.environment:checking '/home/feri/Projekt_1/ROS2_enviroment/ros2_ws/install/ros2_laser_scan_merger/bin'
[2.422s] INFO:colcon.colcon_core.shell:Creating package script '/home/feri/Projekt_1/ROS2_enviroment/ros2_ws/install/ros2_laser_scan_merger/share/ros2_laser_scan_merger/package.ps1'
[2.427s] INFO:colcon.colcon_core.shell:Creating package descriptor '/home/feri/Projekt_1/ROS2_enviroment/ros2_ws/install/ros2_laser_scan_merger/share/ros2_laser_scan_merger/package.dsv'
[2.433s] INFO:colcon.colcon_core.shell:Creating package script '/home/feri/Projekt_1/ROS2_enviroment/ros2_ws/install/ros2_laser_scan_merger/share/ros2_laser_scan_merger/package.sh'
[2.437s] INFO:colcon.colcon_core.shell:Creating package script '/home/feri/Projekt_1/ROS2_enviroment/ros2_ws/install/ros2_laser_scan_merger/share/ros2_laser_scan_merger/package.bash'
[2.443s] INFO:colcon.colcon_core.shell:Creating package script '/home/feri/Projekt_1/ROS2_enviroment/ros2_ws/install/ros2_laser_scan_merger/share/ros2_laser_scan_merger/package.zsh'
[2.447s] Level 1:colcon.colcon_core.environment:create_file_with_runtime_dependencies(/home/feri/Projekt_1/ROS2_enviroment/ros2_ws/install/ros2_laser_scan_merger/share/colcon-core/packages/ros2_laser_scan_merger)
[2.450s] DEBUG:colcon.colcon_parallel_executor.executor.parallel:closing loop
[2.451s] DEBUG:colcon.colcon_parallel_executor.executor.parallel:loop closed
[2.454s] DEBUG:colcon.colcon_parallel_executor.executor.parallel:run_until_complete finished with '0'
[2.455s] DEBUG:colcon.colcon_core.event_reactor:joining thread
[2.461s] DEBUG:colcon.colcon_core.event_reactor:joined thread
[2.463s] INFO:colcon.colcon_core.shell:Creating prefix script '/home/feri/Projekt_1/ROS2_enviroment/ros2_ws/install/local_setup.ps1'
[2.469s] INFO:colcon.colcon_core.shell:Creating prefix util module '/home/feri/Projekt_1/ROS2_enviroment/ros2_ws/install/_local_setup_util_ps1.py'
[2.476s] INFO:colcon.colcon_core.shell:Creating prefix chain script '/home/feri/Projekt_1/ROS2_enviroment/ros2_ws/install/setup.ps1'
[2.484s] INFO:colcon.colcon_core.shell:Creating prefix script '/home/feri/Projekt_1/ROS2_enviroment/ros2_ws/install/local_setup.sh'
[2.487s] INFO:colcon.colcon_core.shell:Creating prefix util module '/home/feri/Projekt_1/ROS2_enviroment/ros2_ws/install/_local_setup_util_sh.py'
[2.491s] INFO:colcon.colcon_core.shell:Creating prefix chain script '/home/feri/Projekt_1/ROS2_enviroment/ros2_ws/install/setup.sh'
[2.499s] INFO:colcon.colcon_core.shell:Creating prefix script '/home/feri/Projekt_1/ROS2_enviroment/ros2_ws/install/local_setup.bash'
[2.502s] INFO:colcon.colcon_core.shell:Creating prefix chain script '/home/feri/Projekt_1/ROS2_enviroment/ros2_ws/install/setup.bash'
[2.510s] INFO:colcon.colcon_core.shell:Creating prefix script '/home/feri/Projekt_1/ROS2_enviroment/ros2_ws/install/local_setup.zsh'
[2.514s] INFO:colcon.colcon_core.shell:Creating prefix chain script '/home/feri/Projekt_1/ROS2_enviroment/ros2_ws/install/setup.zsh'
