running egg_info
creating ../build/wt901c_RS485/wt901c_RS485.egg-info
writing ../build/wt901c_RS485/wt901c_RS485.egg-info/PKG-INFO
writing dependency_links to ../build/wt901c_RS485/wt901c_RS485.egg-info/dependency_links.txt
writing entry points to ../build/wt901c_RS485/wt901c_RS485.egg-info/entry_points.txt
writing requirements to ../build/wt901c_RS485/wt901c_RS485.egg-info/requires.txt
writing top-level names to ../build/wt901c_RS485/wt901c_RS485.egg-info/top_level.txt
writing manifest file '../build/wt901c_RS485/wt901c_RS485.egg-info/SOURCES.txt'
reading manifest file '../build/wt901c_RS485/wt901c_RS485.egg-info/SOURCES.txt'
writing manifest file '../build/wt901c_RS485/wt901c_RS485.egg-info/SOURCES.txt'
running build
running build_py
creating /home/feri/Projekt_1/ROS2_enviroment/ros2_ws/src/build/wt901c_RS485/build
creating /home/feri/Projekt_1/ROS2_enviroment/ros2_ws/src/build/wt901c_RS485/build/lib
creating /home/feri/Projekt_1/ROS2_enviroment/ros2_ws/src/build/wt901c_RS485/build/lib/wt901c_RS485
copying wt901c_RS485/__init__.py -> /home/feri/Projekt_1/ROS2_enviroment/ros2_ws/src/build/wt901c_RS485/build/lib/wt901c_RS485
copying wt901c_RS485/wt901c.py -> /home/feri/Projekt_1/ROS2_enviroment/ros2_ws/src/build/wt901c_RS485/build/lib/wt901c_RS485
running install
running install_lib
creating /home/feri/Projekt_1/ROS2_enviroment/ros2_ws/src/install/wt901c_RS485/lib/python3.12/site-packages/wt901c_RS485
copying /home/feri/Projekt_1/ROS2_enviroment/ros2_ws/src/build/wt901c_RS485/build/lib/wt901c_RS485/__init__.py -> /home/feri/Projekt_1/ROS2_enviroment/ros2_ws/src/install/wt901c_RS485/lib/python3.12/site-packages/wt901c_RS485
copying /home/feri/Projekt_1/ROS2_enviroment/ros2_ws/src/build/wt901c_RS485/build/lib/wt901c_RS485/wt901c.py -> /home/feri/Projekt_1/ROS2_enviroment/ros2_ws/src/install/wt901c_RS485/lib/python3.12/site-packages/wt901c_RS485
byte-compiling /home/feri/Projekt_1/ROS2_enviroment/ros2_ws/src/install/wt901c_RS485/lib/python3.12/site-packages/wt901c_RS485/__init__.py to __init__.cpython-312.pyc
byte-compiling /home/feri/Projekt_1/ROS2_enviroment/ros2_ws/src/install/wt901c_RS485/lib/python3.12/site-packages/wt901c_RS485/wt901c.py to wt901c.cpython-312.pyc
running install_data
creating /home/feri/Projekt_1/ROS2_enviroment/ros2_ws/src/install/wt901c_RS485/share/ament_index
creating /home/feri/Projekt_1/ROS2_enviroment/ros2_ws/src/install/wt901c_RS485/share/ament_index/resource_index
creating /home/feri/Projekt_1/ROS2_enviroment/ros2_ws/src/install/wt901c_RS485/share/ament_index/resource_index/packages
copying resource/wt901c_RS485 -> /home/feri/Projekt_1/ROS2_enviroment/ros2_ws/src/install/wt901c_RS485/share/ament_index/resource_index/packages
copying package.xml -> /home/feri/Projekt_1/ROS2_enviroment/ros2_ws/src/install/wt901c_RS485/share/wt901c_RS485
running install_egg_info
Copying ../build/wt901c_RS485/wt901c_RS485.egg-info to /home/feri/Projekt_1/ROS2_enviroment/ros2_ws/src/install/wt901c_RS485/lib/python3.12/site-packages/wt901c_RS485-0.0.0-py3.12.egg-info
running install_scripts
Installing wt901c script to /home/feri/Projekt_1/ROS2_enviroment/ros2_ws/src/install/wt901c_RS485/lib/wt901c_RS485
writing list of installed files to '/home/feri/Projekt_1/ROS2_enviroment/ros2_ws/src/build/wt901c_RS485/install.log'
