[5.180s] Invoking command in '/home/feri/Projekt_1/ROS2_enviroment/ros2_ws/build/keyboard_control': DEBUGINFOD_URLS=https://debuginfod.ubuntu.com PYTHONPATH=/home/feri/Projekt_1/ROS2_enviroment/ros2_ws/build/keyboard_control/prefix_override:/usr/lib/python3/dist-packages/colcon_core/task/python/colcon_distutils_commands:/home/feri/Projekt_1/ROS2_enviroment/ros2_ws/install/keyboard_control/lib/python3.12/site-packages:${PYTHONPATH} /usr/bin/python3 -W ignore:setup.py install is deprecated -W ignore:easy_install command is deprecated setup.py develop --editable --build-directory /home/feri/Projekt_1/ROS2_enviroment/ros2_ws/build/keyboard_control/build --no-deps symlink_data
[6.902s] running develop
[8.017s] running egg_info
[8.018s] creating keyboard_control.egg-info
[8.121s] writing keyboard_control.egg-info/PKG-INFO
[8.122s] writing dependency_links to keyboard_control.egg-info/dependency_links.txt
[8.123s] writing requirements to keyboard_control.egg-info/requires.txt
[8.123s] writing top-level names to keyboard_control.egg-info/top_level.txt
[8.124s] writing manifest file 'keyboard_control.egg-info/SOURCES.txt'
[8.352s] reading manifest file 'keyboard_control.egg-info/SOURCES.txt'
[8.352s] writing manifest file 'keyboard_control.egg-info/SOURCES.txt'
[8.483s] running build_ext
[8.484s] Creating /home/feri/Projekt_1/ROS2_enviroment/ros2_ws/install/keyboard_control/lib/python3.12/site-packages/keyboard-control.egg-link (link to .)
[8.489s] 
[8.491s] Installed /home/feri/Projekt_1/ROS2_enviroment/ros2_ws/build/keyboard_control
[8.497s] running symlink_data
[8.499s] creating /home/feri/Projekt_1/ROS2_enviroment/ros2_ws/install/keyboard_control/share/ament_index
[8.504s] creating /home/feri/Projekt_1/ROS2_enviroment/ros2_ws/install/keyboard_control/share/ament_index/resource_index
[8.506s] creating /home/feri/Projekt_1/ROS2_enviroment/ros2_ws/install/keyboard_control/share/ament_index/resource_index/packages
[8.518s] symbolically linking /home/feri/Projekt_1/ROS2_enviroment/ros2_ws/build/keyboard_control/resource/keyboard_control -> /home/feri/Projekt_1/ROS2_enviroment/ros2_ws/install/keyboard_control/share/ament_index/resource_index/packages
[8.523s] symbolically linking /home/feri/Projekt_1/ROS2_enviroment/ros2_ws/build/keyboard_control/package.xml -> /home/feri/Projekt_1/ROS2_enviroment/ros2_ws/install/keyboard_control/share/keyboard_control
[8.787s] Invoked command in '/home/feri/Projekt_1/ROS2_enviroment/ros2_ws/build/keyboard_control' returned '0': DEBUGINFOD_URLS=https://debuginfod.ubuntu.com PYTHONPATH=/home/feri/Projekt_1/ROS2_enviroment/ros2_ws/build/keyboard_control/prefix_override:/usr/lib/python3/dist-packages/colcon_core/task/python/colcon_distutils_commands:/home/feri/Projekt_1/ROS2_enviroment/ros2_ws/install/keyboard_control/lib/python3.12/site-packages:${PYTHONPATH} /usr/bin/python3 -W ignore:setup.py install is deprecated -W ignore:easy_install command is deprecated setup.py develop --editable --build-directory /home/feri/Projekt_1/ROS2_enviroment/ros2_ws/build/keyboard_control/build --no-deps symlink_data
