[2.090s] Invoking command in '/home/feri/Projekt_1/ROS2_enviroment/ros2_ws/build/sllidar_ros2': CMAKE_PREFIX_PATH=${CMAKE_PREFIX_PATH}:/opt/ros/jazzy DEBUGINFOD_URLS=https://debuginfod.ubuntu.com /usr/bin/cmake --build /home/feri/Projekt_1/ROS2_enviroment/ros2_ws/build/sllidar_ros2 -- -j4 -l4
[2.504s] [ 10%] Built target sllidar_client
[2.572s] [100%] Built target sllidar_node
[2.645s] Invoked command in '/home/feri/Projekt_1/ROS2_enviroment/ros2_ws/build/sllidar_ros2' returned '0': CMAKE_PREFIX_PATH=${CMAKE_PREFIX_PATH}:/opt/ros/jazzy DEBUGINFOD_URLS=https://debuginfod.ubuntu.com /usr/bin/cmake --build /home/feri/Projekt_1/ROS2_enviroment/ros2_ws/build/sllidar_ros2 -- -j4 -l4
[2.712s] Invoking command in '/home/feri/Projekt_1/ROS2_enviroment/ros2_ws/build/sllidar_ros2': CMAKE_PREFIX_PATH=${CMAKE_PREFIX_PATH}:/opt/ros/jazzy DEBUGINFOD_URLS=https://debuginfod.ubuntu.com /usr/bin/cmake --install /home/feri/Projekt_1/ROS2_enviroment/ros2_ws/build/sllidar_ros2
[2.784s] -- Install configuration: ""
[2.785s] -- Up-to-date: /home/feri/Projekt_1/ROS2_enviroment/ros2_ws/install/sllidar_ros2/share/sllidar_ros2/launch
[2.786s] -- Up-to-date: /home/feri/Projekt_1/ROS2_enviroment/ros2_ws/install/sllidar_ros2/share/sllidar_ros2/launch/sllidar_a2m12_launch .py
[2.788s] -- Up-to-date: /home/feri/Projekt_1/ROS2_enviroment/ros2_ws/install/sllidar_ros2/share/sllidar_ros2/launch/view_sllidar_a2m7_launch.py
[2.790s] -- Up-to-date: /home/feri/Projekt_1/ROS2_enviroment/ros2_ws/install/sllidar_ros2/share/sllidar_ros2/launch/sllidar_a2m7_launch.py
[2.792s] -- Up-to-date: /home/feri/Projekt_1/ROS2_enviroment/ros2_ws/install/sllidar_ros2/share/sllidar_ros2/launch/view_sllidar_t1_launch.py
[2.793s] -- Up-to-date: /home/feri/Projekt_1/ROS2_enviroment/ros2_ws/install/sllidar_ros2/share/sllidar_ros2/launch/view_sllidar_s2e_launch.py
[2.797s] -- Up-to-date: /home/feri/Projekt_1/ROS2_enviroment/ros2_ws/install/sllidar_ros2/share/sllidar_ros2/launch/view_sllidar_s3_launch.py
[2.803s] -- Up-to-date: /home/feri/Projekt_1/ROS2_enviroment/ros2_ws/install/sllidar_ros2/share/sllidar_ros2/launch/sllidar_c1_launch.py
[2.805s] -- Up-to-date: /home/feri/Projekt_1/ROS2_enviroment/ros2_ws/install/sllidar_ros2/share/sllidar_ros2/launch/sllidar_a1_launch.py
[2.807s] -- Up-to-date: /home/feri/Projekt_1/ROS2_enviroment/ros2_ws/install/sllidar_ros2/share/sllidar_ros2/launch/view_sllidar_s1_launch.py
[2.810s] -- Up-to-date: /home/feri/Projekt_1/ROS2_enviroment/ros2_ws/install/sllidar_ros2/share/sllidar_ros2/launch/view_sllidar_a2m8_launch.py
[2.812s] -- Up-to-date: /home/feri/Projekt_1/ROS2_enviroment/ros2_ws/install/sllidar_ros2/share/sllidar_ros2/launch/view_sllidar_a2m12_launch.py
[2.813s] -- Up-to-date: /home/feri/Projekt_1/ROS2_enviroment/ros2_ws/install/sllidar_ros2/share/sllidar_ros2/launch/view_sllidar_a3_launch.py
[2.815s] -- Up-to-date: /home/feri/Projekt_1/ROS2_enviroment/ros2_ws/install/sllidar_ros2/share/sllidar_ros2/launch/sllidar_s3_launch.py
[2.817s] -- Up-to-date: /home/feri/Projekt_1/ROS2_enviroment/ros2_ws/install/sllidar_ros2/share/sllidar_ros2/launch/view_sllidar_s1_tcp_launch.py
[2.818s] -- Up-to-date: /home/feri/Projekt_1/ROS2_enviroment/ros2_ws/install/sllidar_ros2/share/sllidar_ros2/launch/sllidar_s2_launch.py
[2.821s] -- Up-to-date: /home/feri/Projekt_1/ROS2_enviroment/ros2_ws/install/sllidar_ros2/share/sllidar_ros2/launch/sllidar_s1_tcp_launch.py
[2.822s] -- Up-to-date: /home/feri/Projekt_1/ROS2_enviroment/ros2_ws/install/sllidar_ros2/share/sllidar_ros2/launch/view_sllidar_a1_launch.py
[2.823s] -- Up-to-date: /home/feri/Projekt_1/ROS2_enviroment/ros2_ws/install/sllidar_ros2/share/sllidar_ros2/launch/sllidar_a3_launch.py
[2.826s] -- Up-to-date: /home/feri/Projekt_1/ROS2_enviroment/ros2_ws/install/sllidar_ros2/share/sllidar_ros2/launch/view_sllidar_s2_launch.py
[2.827s] -- Up-to-date: /home/feri/Projekt_1/ROS2_enviroment/ros2_ws/install/sllidar_ros2/share/sllidar_ros2/launch/sllidar_a2m8_launch.py
[2.831s] -- Up-to-date: /home/feri/Projekt_1/ROS2_enviroment/ros2_ws/install/sllidar_ros2/share/sllidar_ros2/launch/view_sllidar_c1_launch.py
[2.833s] -- Up-to-date: /home/feri/Projekt_1/ROS2_enviroment/ros2_ws/install/sllidar_ros2/share/sllidar_ros2/launch/sllidar_s1_launch.py
[2.836s] -- Up-to-date: /home/feri/Projekt_1/ROS2_enviroment/ros2_ws/install/sllidar_ros2/share/sllidar_ros2/launch/sllidar_t1_launch.py
[2.838s] -- Up-to-date: /home/feri/Projekt_1/ROS2_enviroment/ros2_ws/install/sllidar_ros2/share/sllidar_ros2/launch/sllidar_s2e_launch.py
[2.840s] -- Up-to-date: /home/feri/Projekt_1/ROS2_enviroment/ros2_ws/install/sllidar_ros2/share/sllidar_ros2/rviz
[2.842s] -- Up-to-date: /home/feri/Projekt_1/ROS2_enviroment/ros2_ws/install/sllidar_ros2/share/sllidar_ros2/rviz/sllidar_ros2.rviz
[2.844s] -- Up-to-date: /home/feri/Projekt_1/ROS2_enviroment/ros2_ws/install/sllidar_ros2/lib/sllidar_ros2/sllidar_node
[2.847s] -- Up-to-date: /home/feri/Projekt_1/ROS2_enviroment/ros2_ws/install/sllidar_ros2/lib/sllidar_ros2/sllidar_client
[2.848s] -- Up-to-date: /home/feri/Projekt_1/ROS2_enviroment/ros2_ws/install/sllidar_ros2/share/ament_index/resource_index/package_run_dependencies/sllidar_ros2
[2.848s] -- Up-to-date: /home/feri/Projekt_1/ROS2_enviroment/ros2_ws/install/sllidar_ros2/share/ament_index/resource_index/parent_prefix_path/sllidar_ros2
[2.852s] -- Up-to-date: /home/feri/Projekt_1/ROS2_enviroment/ros2_ws/install/sllidar_ros2/share/sllidar_ros2/environment/ament_prefix_path.sh
[2.855s] -- Up-to-date: /home/feri/Projekt_1/ROS2_enviroment/ros2_ws/install/sllidar_ros2/share/sllidar_ros2/environment/ament_prefix_path.dsv
[2.856s] -- Up-to-date: /home/feri/Projekt_1/ROS2_enviroment/ros2_ws/install/sllidar_ros2/share/sllidar_ros2/environment/path.sh
[2.859s] -- Up-to-date: /home/feri/Projekt_1/ROS2_enviroment/ros2_ws/install/sllidar_ros2/share/sllidar_ros2/environment/path.dsv
[2.860s] -- Up-to-date: /home/feri/Projekt_1/ROS2_enviroment/ros2_ws/install/sllidar_ros2/share/sllidar_ros2/local_setup.bash
[2.861s] -- Up-to-date: /home/feri/Projekt_1/ROS2_enviroment/ros2_ws/install/sllidar_ros2/share/sllidar_ros2/local_setup.sh
[2.861s] -- Up-to-date: /home/feri/Projekt_1/ROS2_enviroment/ros2_ws/install/sllidar_ros2/share/sllidar_ros2/local_setup.zsh
[2.866s] -- Up-to-date: /home/feri/Projekt_1/ROS2_enviroment/ros2_ws/install/sllidar_ros2/share/sllidar_ros2/local_setup.dsv
[2.867s] -- Installing: /home/feri/Projekt_1/ROS2_enviroment/ros2_ws/install/sllidar_ros2/share/sllidar_ros2/package.dsv
[2.868s] -- Up-to-date: /home/feri/Projekt_1/ROS2_enviroment/ros2_ws/install/sllidar_ros2/share/ament_index/resource_index/packages/sllidar_ros2
[2.868s] -- Up-to-date: /home/feri/Projekt_1/ROS2_enviroment/ros2_ws/install/sllidar_ros2/share/sllidar_ros2/cmake/ament_cmake_export_dependencies-extras.cmake
[2.871s] -- Up-to-date: /home/feri/Projekt_1/ROS2_enviroment/ros2_ws/install/sllidar_ros2/share/sllidar_ros2/cmake/ament_cmake_export_include_directories-extras.cmake
[2.878s] -- Up-to-date: /home/feri/Projekt_1/ROS2_enviroment/ros2_ws/install/sllidar_ros2/share/sllidar_ros2/cmake/sllidar_ros2Config.cmake
[2.881s] -- Up-to-date: /home/feri/Projekt_1/ROS2_enviroment/ros2_ws/install/sllidar_ros2/share/sllidar_ros2/cmake/sllidar_ros2Config-version.cmake
[2.887s] -- Up-to-date: /home/feri/Projekt_1/ROS2_enviroment/ros2_ws/install/sllidar_ros2/share/sllidar_ros2/package.xml
[2.889s] Invoked command in '/home/feri/Projekt_1/ROS2_enviroment/ros2_ws/build/sllidar_ros2' returned '0': CMAKE_PREFIX_PATH=${CMAKE_PREFIX_PATH}:/opt/ros/jazzy DEBUGINFOD_URLS=https://debuginfod.ubuntu.com /usr/bin/cmake --install /home/feri/Projekt_1/ROS2_enviroment/ros2_ws/build/sllidar_ros2
