[5.668s] Invoking command in '/home/feri/Projekt_1/ROS2_enviroment/ros2_ws/src/ddsm115_controller': DEBUGINFOD_URLS=https://debuginfod.ubuntu.com PYTHONPATH=/home/feri/Projekt_1/ROS2_enviroment/ros2_ws/build/ddsm115_controller/prefix_override:/usr/lib/python3/dist-packages/colcon_core/task/python/colcon_distutils_commands:/home/feri/Projekt_1/ROS2_enviroment/ros2_ws/install/ddsm115_controller/lib/python3.12/site-packages:${PYTHONPATH} /usr/bin/python3 -W ignore:setup.py install is deprecated -W ignore:easy_install command is deprecated setup.py egg_info --egg-base ../../build/ddsm115_controller build --build-base /home/feri/Projekt_1/ROS2_enviroment/ros2_ws/build/ddsm115_controller/build install --record /home/feri/Projekt_1/ROS2_enviroment/ros2_ws/build/ddsm115_controller/install.log --single-version-externally-managed install_data
[7.242s] running egg_info
[7.356s] writing ../../build/ddsm115_controller/ddsm115_controller.egg-info/PKG-INFO
[7.357s] writing dependency_links to ../../build/ddsm115_controller/ddsm115_controller.egg-info/dependency_links.txt
[7.359s] writing entry points to ../../build/ddsm115_controller/ddsm115_controller.egg-info/entry_points.txt
[7.360s] writing requirements to ../../build/ddsm115_controller/ddsm115_controller.egg-info/requires.txt
[7.361s] writing top-level names to ../../build/ddsm115_controller/ddsm115_controller.egg-info/top_level.txt
[7.619s] reading manifest file '../../build/ddsm115_controller/ddsm115_controller.egg-info/SOURCES.txt'
[7.624s] writing manifest file '../../build/ddsm115_controller/ddsm115_controller.egg-info/SOURCES.txt'
[7.625s] running build
[7.626s] running build_py
[7.630s] running install
[7.658s] running install_lib
[7.788s] running install_data
[7.789s] running install_egg_info
[7.916s] removing '/home/feri/Projekt_1/ROS2_enviroment/ros2_ws/install/ddsm115_controller/lib/python3.12/site-packages/ddsm115_controller-0.0.0-py3.12.egg-info' (and everything under it)
[7.918s] Copying ../../build/ddsm115_controller/ddsm115_controller.egg-info to /home/feri/Projekt_1/ROS2_enviroment/ros2_ws/install/ddsm115_controller/lib/python3.12/site-packages/ddsm115_controller-0.0.0-py3.12.egg-info
[7.927s] running install_scripts
[8.852s] Installing check_motor_id script to /home/feri/Projekt_1/ROS2_enviroment/ros2_ws/install/ddsm115_controller/lib/ddsm115_controller
[8.853s] Installing set_motor_id script to /home/feri/Projekt_1/ROS2_enviroment/ros2_ws/install/ddsm115_controller/lib/ddsm115_controller
[8.854s] Installing two_wheels_robot script to /home/feri/Projekt_1/ROS2_enviroment/ros2_ws/install/ddsm115_controller/lib/ddsm115_controller
[8.855s] Installing velocity_control script to /home/feri/Projekt_1/ROS2_enviroment/ros2_ws/install/ddsm115_controller/lib/ddsm115_controller
[8.857s] writing list of installed files to '/home/feri/Projekt_1/ROS2_enviroment/ros2_ws/build/ddsm115_controller/install.log'
[9.009s] Invoked command in '/home/feri/Projekt_1/ROS2_enviroment/ros2_ws/src/ddsm115_controller' returned '0': DEBUGINFOD_URLS=https://debuginfod.ubuntu.com PYTHONPATH=/home/feri/Projekt_1/ROS2_enviroment/ros2_ws/build/ddsm115_controller/prefix_override:/usr/lib/python3/dist-packages/colcon_core/task/python/colcon_distutils_commands:/home/feri/Projekt_1/ROS2_enviroment/ros2_ws/install/ddsm115_controller/lib/python3.12/site-packages:${PYTHONPATH} /usr/bin/python3 -W ignore:setup.py install is deprecated -W ignore:easy_install command is deprecated setup.py egg_info --egg-base ../../build/ddsm115_controller build --build-base /home/feri/Projekt_1/ROS2_enviroment/ros2_ws/build/ddsm115_controller/build install --record /home/feri/Projekt_1/ROS2_enviroment/ros2_ws/build/ddsm115_controller/install.log --single-version-externally-managed install_data
