running egg_info
writing ../../build/keyboard_control/keyboard_control.egg-info/PKG-INFO
writing dependency_links to ../../build/keyboard_control/keyboard_control.egg-info/dependency_links.txt
writing entry points to ../../build/keyboard_control/keyboard_control.egg-info/entry_points.txt
writing requirements to ../../build/keyboard_control/keyboard_control.egg-info/requires.txt
writing top-level names to ../../build/keyboard_control/keyboard_control.egg-info/top_level.txt
reading manifest file '../../build/keyboard_control/keyboard_control.egg-info/SOURCES.txt'
writing manifest file '../../build/keyboard_control/keyboard_control.egg-info/SOURCES.txt'
running build
running build_py
copying keyboard_control/one_motor_test.py -> /home/feri/Projekt_1/ROS2_enviroment/ros2_ws/build/keyboard_control/build/lib/keyboard_control
running install
running install_lib
copying /home/feri/Projekt_1/ROS2_enviroment/ros2_ws/build/keyboard_control/build/lib/keyboard_control/one_motor_test.py -> /home/feri/Projekt_1/ROS2_enviroment/ros2_ws/install/keyboard_control/lib/python3.12/site-packages/keyboard_control
byte-compiling /home/feri/Projekt_1/ROS2_enviroment/ros2_ws/install/keyboard_control/lib/python3.12/site-packages/keyboard_control/one_motor_test.py to one_motor_test.cpython-312.pyc
running install_data
running install_egg_info
removing '/home/feri/Projekt_1/ROS2_enviroment/ros2_ws/install/keyboard_control/lib/python3.12/site-packages/keyboard_control-0.0.0-py3.12.egg-info' (and everything under it)
Copying ../../build/keyboard_control/keyboard_control.egg-info to /home/feri/Projekt_1/ROS2_enviroment/ros2_ws/install/keyboard_control/lib/python3.12/site-packages/keyboard_control-0.0.0-py3.12.egg-info
running install_scripts
Installing one_motor_test script to /home/feri/Projekt_1/ROS2_enviroment/ros2_ws/install/keyboard_control/lib/keyboard_control
writing list of installed files to '/home/feri/Projekt_1/ROS2_enviroment/ros2_ws/build/keyboard_control/install.log'
