[0.134s] Invoking command in '/home/feri/Projekt_1/ROS2_enviroment/ros2_ws/build/sllidar_ros2': CMAKE_PREFIX_PATH=${CMAKE_PREFIX_PATH}:/home/feri/Projekt_1/ROS2_enviroment/ros2_ws/install/keyboard_control:/home/feri/Projekt_1/ROS2_enviroment/ros2_ws/install/ddsm115_controller:/opt/ros/jazzy DEBUGINFOD_URLS=https://debuginfod.ubuntu.com /usr/bin/cmake --build /home/feri/Projekt_1/ROS2_enviroment/ros2_ws/build/sllidar_ros2 -- -j4 -l4
[0.907s] [ 90%] Built target sllidar_node
[1.102s] [100%] Built target sllidar_client
[1.192s] Invoked command in '/home/feri/Projekt_1/ROS2_enviroment/ros2_ws/build/sllidar_ros2' returned '0': CMAKE_PREFIX_PATH=${CMAKE_PREFIX_PATH}:/home/feri/Projekt_1/ROS2_enviroment/ros2_ws/install/keyboard_control:/home/feri/Projekt_1/ROS2_enviroment/ros2_ws/install/ddsm115_controller:/opt/ros/jazzy DEBUGINFOD_URLS=https://debuginfod.ubuntu.com /usr/bin/cmake --build /home/feri/Projekt_1/ROS2_enviroment/ros2_ws/build/sllidar_ros2 -- -j4 -l4
[1.210s] Invoking command in '/home/feri/Projekt_1/ROS2_enviroment/ros2_ws/build/sllidar_ros2': CMAKE_PREFIX_PATH=${CMAKE_PREFIX_PATH}:/home/feri/Projekt_1/ROS2_enviroment/ros2_ws/install/keyboard_control:/home/feri/Projekt_1/ROS2_enviroment/ros2_ws/install/ddsm115_controller:/opt/ros/jazzy DEBUGINFOD_URLS=https://debuginfod.ubuntu.com /usr/bin/cmake --install /home/feri/Projekt_1/ROS2_enviroment/ros2_ws/build/sllidar_ros2
[1.376s] -- Install configuration: ""
[1.376s] -- Up-to-date: /home/feri/Projekt_1/ROS2_enviroment/ros2_ws/install/sllidar_ros2/share/sllidar_ros2/launch
[1.388s] -- Up-to-date: /home/feri/Projekt_1/ROS2_enviroment/ros2_ws/install/sllidar_ros2/share/sllidar_ros2/launch/sllidar_a2m12_launch .py
[1.394s] -- Up-to-date: /home/feri/Projekt_1/ROS2_enviroment/ros2_ws/install/sllidar_ros2/share/sllidar_ros2/launch/view_sllidar_a2m7_launch.py
[1.396s] -- Up-to-date: /home/feri/Projekt_1/ROS2_enviroment/ros2_ws/install/sllidar_ros2/share/sllidar_ros2/launch/sllidar_a2m7_launch.py
[1.399s] -- Up-to-date: /home/feri/Projekt_1/ROS2_enviroment/ros2_ws/install/sllidar_ros2/share/sllidar_ros2/launch/view_sllidar_t1_launch.py
[1.403s] -- Up-to-date: /home/feri/Projekt_1/ROS2_enviroment/ros2_ws/install/sllidar_ros2/share/sllidar_ros2/launch/view_sllidar_s2e_launch.py
[1.403s] -- Up-to-date: /home/feri/Projekt_1/ROS2_enviroment/ros2_ws/install/sllidar_ros2/share/sllidar_ros2/launch/view_sllidar_s3_launch.py
[1.404s] -- Up-to-date: /home/feri/Projekt_1/ROS2_enviroment/ros2_ws/install/sllidar_ros2/share/sllidar_ros2/launch/sllidar_c1_launch.py
[1.405s] -- Up-to-date: /home/feri/Projekt_1/ROS2_enviroment/ros2_ws/install/sllidar_ros2/share/sllidar_ros2/launch/__pycache__
[1.405s] -- Up-to-date: /home/feri/Projekt_1/ROS2_enviroment/ros2_ws/install/sllidar_ros2/share/sllidar_ros2/launch/__pycache__/sllidar_c1_launch.cpython-312.pyc
[1.410s] -- Up-to-date: /home/feri/Projekt_1/ROS2_enviroment/ros2_ws/install/sllidar_ros2/share/sllidar_ros2/launch/sllidar_a1_launch.py
[1.410s] -- Up-to-date: /home/feri/Projekt_1/ROS2_enviroment/ros2_ws/install/sllidar_ros2/share/sllidar_ros2/launch/view_sllidar_s1_launch.py
[1.411s] -- Up-to-date: /home/feri/Projekt_1/ROS2_enviroment/ros2_ws/install/sllidar_ros2/share/sllidar_ros2/launch/view_sllidar_a2m8_launch.py
[1.417s] -- Up-to-date: /home/feri/Projekt_1/ROS2_enviroment/ros2_ws/install/sllidar_ros2/share/sllidar_ros2/launch/view_sllidar_a2m12_launch.py
[1.417s] -- Up-to-date: /home/feri/Projekt_1/ROS2_enviroment/ros2_ws/install/sllidar_ros2/share/sllidar_ros2/launch/view_sllidar_a3_launch.py
[1.418s] -- Up-to-date: /home/feri/Projekt_1/ROS2_enviroment/ros2_ws/install/sllidar_ros2/share/sllidar_ros2/launch/sllidar_s3_launch.py
[1.421s] -- Up-to-date: /home/feri/Projekt_1/ROS2_enviroment/ros2_ws/install/sllidar_ros2/share/sllidar_ros2/launch/view_sllidar_s1_tcp_launch.py
[1.426s] -- Up-to-date: /home/feri/Projekt_1/ROS2_enviroment/ros2_ws/install/sllidar_ros2/share/sllidar_ros2/launch/sllidar_s2_launch.py
[1.433s] -- Up-to-date: /home/feri/Projekt_1/ROS2_enviroment/ros2_ws/install/sllidar_ros2/share/sllidar_ros2/launch/sllidar_s1_tcp_launch.py
[1.435s] -- Up-to-date: /home/feri/Projekt_1/ROS2_enviroment/ros2_ws/install/sllidar_ros2/share/sllidar_ros2/launch/view_sllidar_a1_launch.py
[1.437s] -- Up-to-date: /home/feri/Projekt_1/ROS2_enviroment/ros2_ws/install/sllidar_ros2/share/sllidar_ros2/launch/sllidar_a3_launch.py
[1.438s] -- Up-to-date: /home/feri/Projekt_1/ROS2_enviroment/ros2_ws/install/sllidar_ros2/share/sllidar_ros2/launch/view_sllidar_s2_launch.py
[1.439s] -- Up-to-date: /home/feri/Projekt_1/ROS2_enviroment/ros2_ws/install/sllidar_ros2/share/sllidar_ros2/launch/sllidar_a2m8_launch.py
[1.439s] -- Up-to-date: /home/feri/Projekt_1/ROS2_enviroment/ros2_ws/install/sllidar_ros2/share/sllidar_ros2/launch/view_sllidar_c1_launch.py
[1.447s] -- Up-to-date: /home/feri/Projekt_1/ROS2_enviroment/ros2_ws/install/sllidar_ros2/share/sllidar_ros2/launch/sllidar_s1_launch.py
[1.452s] -- Up-to-date: /home/feri/Projekt_1/ROS2_enviroment/ros2_ws/install/sllidar_ros2/share/sllidar_ros2/launch/sllidar_t1_launch.py
[1.454s] -- Up-to-date: /home/feri/Projekt_1/ROS2_enviroment/ros2_ws/install/sllidar_ros2/share/sllidar_ros2/launch/sllidar_s2e_launch.py
[1.454s] -- Up-to-date: /home/feri/Projekt_1/ROS2_enviroment/ros2_ws/install/sllidar_ros2/share/sllidar_ros2/launch/sllidar_c1_dual_launch.py
[1.461s] -- Up-to-date: /home/feri/Projekt_1/ROS2_enviroment/ros2_ws/install/sllidar_ros2/share/sllidar_ros2/rviz
[1.462s] -- Up-to-date: /home/feri/Projekt_1/ROS2_enviroment/ros2_ws/install/sllidar_ros2/share/sllidar_ros2/rviz/sllidar_ros2.rviz
[1.464s] -- Up-to-date: /home/feri/Projekt_1/ROS2_enviroment/ros2_ws/install/sllidar_ros2/lib/sllidar_ros2/sllidar_node
[1.469s] -- Up-to-date: /home/feri/Projekt_1/ROS2_enviroment/ros2_ws/install/sllidar_ros2/lib/sllidar_ros2/sllidar_client
[1.470s] -- Up-to-date: /home/feri/Projekt_1/ROS2_enviroment/ros2_ws/install/sllidar_ros2/share/ament_index/resource_index/package_run_dependencies/sllidar_ros2
[1.471s] -- Up-to-date: /home/feri/Projekt_1/ROS2_enviroment/ros2_ws/install/sllidar_ros2/share/ament_index/resource_index/parent_prefix_path/sllidar_ros2
[1.474s] -- Up-to-date: /home/feri/Projekt_1/ROS2_enviroment/ros2_ws/install/sllidar_ros2/share/sllidar_ros2/environment/ament_prefix_path.sh
[1.475s] -- Up-to-date: /home/feri/Projekt_1/ROS2_enviroment/ros2_ws/install/sllidar_ros2/share/sllidar_ros2/environment/ament_prefix_path.dsv
[1.475s] -- Up-to-date: /home/feri/Projekt_1/ROS2_enviroment/ros2_ws/install/sllidar_ros2/share/sllidar_ros2/environment/path.sh
[1.480s] -- Up-to-date: /home/feri/Projekt_1/ROS2_enviroment/ros2_ws/install/sllidar_ros2/share/sllidar_ros2/environment/path.dsv
[1.481s] -- Up-to-date: /home/feri/Projekt_1/ROS2_enviroment/ros2_ws/install/sllidar_ros2/share/sllidar_ros2/local_setup.bash
[1.481s] -- Up-to-date: /home/feri/Projekt_1/ROS2_enviroment/ros2_ws/install/sllidar_ros2/share/sllidar_ros2/local_setup.sh
[1.484s] -- Up-to-date: /home/feri/Projekt_1/ROS2_enviroment/ros2_ws/install/sllidar_ros2/share/sllidar_ros2/local_setup.zsh
[1.485s] -- Up-to-date: /home/feri/Projekt_1/ROS2_enviroment/ros2_ws/install/sllidar_ros2/share/sllidar_ros2/local_setup.dsv
[1.486s] -- Installing: /home/feri/Projekt_1/ROS2_enviroment/ros2_ws/install/sllidar_ros2/share/sllidar_ros2/package.dsv
[1.490s] -- Up-to-date: /home/feri/Projekt_1/ROS2_enviroment/ros2_ws/install/sllidar_ros2/share/ament_index/resource_index/packages/sllidar_ros2
[1.491s] -- Up-to-date: /home/feri/Projekt_1/ROS2_enviroment/ros2_ws/install/sllidar_ros2/share/sllidar_ros2/cmake/ament_cmake_export_dependencies-extras.cmake
[1.492s] -- Up-to-date: /home/feri/Projekt_1/ROS2_enviroment/ros2_ws/install/sllidar_ros2/share/sllidar_ros2/cmake/ament_cmake_export_include_directories-extras.cmake
[1.494s] -- Up-to-date: /home/feri/Projekt_1/ROS2_enviroment/ros2_ws/install/sllidar_ros2/share/sllidar_ros2/cmake/sllidar_ros2Config.cmake
[1.498s] -- Up-to-date: /home/feri/Projekt_1/ROS2_enviroment/ros2_ws/install/sllidar_ros2/share/sllidar_ros2/cmake/sllidar_ros2Config-version.cmake
[1.499s] -- Up-to-date: /home/feri/Projekt_1/ROS2_enviroment/ros2_ws/install/sllidar_ros2/share/sllidar_ros2/package.xml
[1.502s] Invoked command in '/home/feri/Projekt_1/ROS2_enviroment/ros2_ws/build/sllidar_ros2' returned '0': CMAKE_PREFIX_PATH=${CMAKE_PREFIX_PATH}:/home/feri/Projekt_1/ROS2_enviroment/ros2_ws/install/keyboard_control:/home/feri/Projekt_1/ROS2_enviroment/ros2_ws/install/ddsm115_controller:/opt/ros/jazzy DEBUGINFOD_URLS=https://debuginfod.ubuntu.com /usr/bin/cmake --install /home/feri/Projekt_1/ROS2_enviroment/ros2_ws/build/sllidar_ros2
