[0.068s] Invoking command in '/home/feri/Projekt_1/ROS2_enviroment/ros2_ws/build/robot_description': CMAKE_PREFIX_PATH=${CMAKE_PREFIX_PATH}:/home/feri/Projekt_1/ROS2_enviroment/ros2_ws/install/keyboard_control:/home/feri/Projekt_1/ROS2_enviroment/ros2_ws/install/ddsm115_controller:/opt/ros/jazzy DEBUGINFOD_URLS=https://debuginfod.ubuntu.com /usr/bin/cmake --build /home/feri/Projekt_1/ROS2_enviroment/ros2_ws/build/robot_description -- -j4 -l4
[0.341s] Invoked command in '/home/feri/Projekt_1/ROS2_enviroment/ros2_ws/build/robot_description' returned '0': CMAKE_PREFIX_PATH=${CMAKE_PREFIX_PATH}:/home/feri/Projekt_1/ROS2_enviroment/ros2_ws/install/keyboard_control:/home/feri/Projekt_1/ROS2_enviroment/ros2_ws/install/ddsm115_controller:/opt/ros/jazzy DEBUGINFOD_URLS=https://debuginfod.ubuntu.com /usr/bin/cmake --build /home/feri/Projekt_1/ROS2_enviroment/ros2_ws/build/robot_description -- -j4 -l4
[0.403s] Invoking command in '/home/feri/Projekt_1/ROS2_enviroment/ros2_ws/build/robot_description': CMAKE_PREFIX_PATH=${CMAKE_PREFIX_PATH}:/home/feri/Projekt_1/ROS2_enviroment/ros2_ws/install/keyboard_control:/home/feri/Projekt_1/ROS2_enviroment/ros2_ws/install/ddsm115_controller:/opt/ros/jazzy DEBUGINFOD_URLS=https://debuginfod.ubuntu.com /usr/bin/cmake --install /home/feri/Projekt_1/ROS2_enviroment/ros2_ws/build/robot_description
[0.462s] -- Install configuration: ""
[0.465s] -- Up-to-date: /home/feri/Projekt_1/ROS2_enviroment/ros2_ws/install/robot_description/share/robot_description/urdf
[0.467s] -- Installing: /home/feri/Projekt_1/ROS2_enviroment/ros2_ws/install/robot_description/share/robot_description/urdf/robot.urdf.xacro
[0.470s] -- Up-to-date: /home/feri/Projekt_1/ROS2_enviroment/ros2_ws/install/robot_description/share/robot_description/launch
[0.471s] -- Up-to-date: /home/feri/Projekt_1/ROS2_enviroment/ros2_ws/install/robot_description/share/robot_description/launch/robot_launch.py
[0.474s] -- Up-to-date: /home/feri/Projekt_1/ROS2_enviroment/ros2_ws/install/robot_description/share/ament_index/resource_index/package_run_dependencies/robot_description
[0.476s] -- Up-to-date: /home/feri/Projekt_1/ROS2_enviroment/ros2_ws/install/robot_description/share/ament_index/resource_index/parent_prefix_path/robot_description
[0.478s] -- Up-to-date: /home/feri/Projekt_1/ROS2_enviroment/ros2_ws/install/robot_description/share/robot_description/environment/ament_prefix_path.sh
[0.478s] -- Up-to-date: /home/feri/Projekt_1/ROS2_enviroment/ros2_ws/install/robot_description/share/robot_description/environment/ament_prefix_path.dsv
[0.489s] -- Up-to-date: /home/feri/Projekt_1/ROS2_enviroment/ros2_ws/install/robot_description/share/robot_description/environment/path.sh
[0.492s] -- Up-to-date: /home/feri/Projekt_1/ROS2_enviroment/ros2_ws/install/robot_description/share/robot_description/environment/path.dsv
[0.494s] -- Up-to-date: /home/feri/Projekt_1/ROS2_enviroment/ros2_ws/install/robot_description/share/robot_description/local_setup.bash
[0.495s] -- Up-to-date: /home/feri/Projekt_1/ROS2_enviroment/ros2_ws/install/robot_description/share/robot_description/local_setup.sh
[0.498s] -- Up-to-date: /home/feri/Projekt_1/ROS2_enviroment/ros2_ws/install/robot_description/share/robot_description/local_setup.zsh
[0.499s] -- Up-to-date: /home/feri/Projekt_1/ROS2_enviroment/ros2_ws/install/robot_description/share/robot_description/local_setup.dsv
[0.502s] -- Installing: /home/feri/Projekt_1/ROS2_enviroment/ros2_ws/install/robot_description/share/robot_description/package.dsv
[0.504s] -- Up-to-date: /home/feri/Projekt_1/ROS2_enviroment/ros2_ws/install/robot_description/share/ament_index/resource_index/packages/robot_description
[0.507s] -- Up-to-date: /home/feri/Projekt_1/ROS2_enviroment/ros2_ws/install/robot_description/share/robot_description/cmake/robot_descriptionConfig.cmake
[0.518s] -- Up-to-date: /home/feri/Projekt_1/ROS2_enviroment/ros2_ws/install/robot_description/share/robot_description/cmake/robot_descriptionConfig-version.cmake
[0.519s] -- Up-to-date: /home/feri/Projekt_1/ROS2_enviroment/ros2_ws/install/robot_description/share/robot_description/package.xml
[0.522s] Invoked command in '/home/feri/Projekt_1/ROS2_enviroment/ros2_ws/build/robot_description' returned '0': CMAKE_PREFIX_PATH=${CMAKE_PREFIX_PATH}:/home/feri/Projekt_1/ROS2_enviroment/ros2_ws/install/keyboard_control:/home/feri/Projekt_1/ROS2_enviroment/ros2_ws/install/ddsm115_controller:/opt/ros/jazzy DEBUGINFOD_URLS=https://debuginfod.ubuntu.com /usr/bin/cmake --install /home/feri/Projekt_1/ROS2_enviroment/ros2_ws/build/robot_description
