[2.277s] Invoking command in '/home/feri/Projekt_1/ROS2_enviroment/ros2_ws/build/robot_description': CMAKE_PREFIX_PATH=${CMAKE_PREFIX_PATH}:/home/feri/Projekt_1/ROS2_enviroment/ros2_ws/install/keyboard_control:/home/feri/Projekt_1/ROS2_enviroment/ros2_ws/install/ddsm115_controller:/opt/ros/jazzy DEBUGINFOD_URLS=https://debuginfod.ubuntu.com /usr/bin/cmake --build /home/feri/Projekt_1/ROS2_enviroment/ros2_ws/build/robot_description -- -j4 -l4
[2.623s] Invoked command in '/home/feri/Projekt_1/ROS2_enviroment/ros2_ws/build/robot_description' returned '0': CMAKE_PREFIX_PATH=${CMAKE_PREFIX_PATH}:/home/feri/Projekt_1/ROS2_enviroment/ros2_ws/install/keyboard_control:/home/feri/Projekt_1/ROS2_enviroment/ros2_ws/install/ddsm115_controller:/opt/ros/jazzy DEBUGINFOD_URLS=https://debuginfod.ubuntu.com /usr/bin/cmake --build /home/feri/Projekt_1/ROS2_enviroment/ros2_ws/build/robot_description -- -j4 -l4
[2.703s] Invoking command in '/home/feri/Projekt_1/ROS2_enviroment/ros2_ws/build/robot_description': CMAKE_PREFIX_PATH=${CMAKE_PREFIX_PATH}:/home/feri/Projekt_1/ROS2_enviroment/ros2_ws/install/keyboard_control:/home/feri/Projekt_1/ROS2_enviroment/ros2_ws/install/ddsm115_controller:/opt/ros/jazzy DEBUGINFOD_URLS=https://debuginfod.ubuntu.com /usr/bin/cmake --install /home/feri/Projekt_1/ROS2_enviroment/ros2_ws/build/robot_description
[2.794s] -- Install configuration: ""
[2.795s] -- Up-to-date: /home/feri/Projekt_1/ROS2_enviroment/ros2_ws/install/robot_description/share/robot_description/urdf
[2.798s] -- Up-to-date: /home/feri/Projekt_1/ROS2_enviroment/ros2_ws/install/robot_description/share/robot_description/urdf/robot.urdf.xacro
[2.799s] -- Up-to-date: /home/feri/Projekt_1/ROS2_enviroment/ros2_ws/install/robot_description/share/robot_description/launch
[2.799s] -- Up-to-date: /home/feri/Projekt_1/ROS2_enviroment/ros2_ws/install/robot_description/share/robot_description/launch/robot_launch.py
[2.800s] -- Up-to-date: /home/feri/Projekt_1/ROS2_enviroment/ros2_ws/install/robot_description/share/ament_index/resource_index/package_run_dependencies/robot_description
[2.805s] -- Up-to-date: /home/feri/Projekt_1/ROS2_enviroment/ros2_ws/install/robot_description/share/ament_index/resource_index/parent_prefix_path/robot_description
[2.806s] -- Up-to-date: /home/feri/Projekt_1/ROS2_enviroment/ros2_ws/install/robot_description/share/robot_description/environment/ament_prefix_path.sh
[2.806s] -- Up-to-date: /home/feri/Projekt_1/ROS2_enviroment/ros2_ws/install/robot_description/share/robot_description/environment/ament_prefix_path.dsv
[2.809s] -- Up-to-date: /home/feri/Projekt_1/ROS2_enviroment/ros2_ws/install/robot_description/share/robot_description/environment/path.sh
[2.810s] -- Up-to-date: /home/feri/Projekt_1/ROS2_enviroment/ros2_ws/install/robot_description/share/robot_description/environment/path.dsv
[2.814s] -- Up-to-date: /home/feri/Projekt_1/ROS2_enviroment/ros2_ws/install/robot_description/share/robot_description/local_setup.bash
[2.814s] -- Up-to-date: /home/feri/Projekt_1/ROS2_enviroment/ros2_ws/install/robot_description/share/robot_description/local_setup.sh
[2.815s] -- Up-to-date: /home/feri/Projekt_1/ROS2_enviroment/ros2_ws/install/robot_description/share/robot_description/local_setup.zsh
[2.818s] -- Up-to-date: /home/feri/Projekt_1/ROS2_enviroment/ros2_ws/install/robot_description/share/robot_description/local_setup.dsv
[2.819s] -- Installing: /home/feri/Projekt_1/ROS2_enviroment/ros2_ws/install/robot_description/share/robot_description/package.dsv
[2.819s] -- Up-to-date: /home/feri/Projekt_1/ROS2_enviroment/ros2_ws/install/robot_description/share/ament_index/resource_index/packages/robot_description
[2.823s] -- Up-to-date: /home/feri/Projekt_1/ROS2_enviroment/ros2_ws/install/robot_description/share/robot_description/cmake/robot_descriptionConfig.cmake
[2.824s] -- Up-to-date: /home/feri/Projekt_1/ROS2_enviroment/ros2_ws/install/robot_description/share/robot_description/cmake/robot_descriptionConfig-version.cmake
[2.825s] -- Up-to-date: /home/feri/Projekt_1/ROS2_enviroment/ros2_ws/install/robot_description/share/robot_description/package.xml
[2.846s] Invoked command in '/home/feri/Projekt_1/ROS2_enviroment/ros2_ws/build/robot_description' returned '0': CMAKE_PREFIX_PATH=${CMAKE_PREFIX_PATH}:/home/feri/Projekt_1/ROS2_enviroment/ros2_ws/install/keyboard_control:/home/feri/Projekt_1/ROS2_enviroment/ros2_ws/install/ddsm115_controller:/opt/ros/jazzy DEBUGINFOD_URLS=https://debuginfod.ubuntu.com /usr/bin/cmake --install /home/feri/Projekt_1/ROS2_enviroment/ros2_ws/build/robot_description
