[0.060s] Invoking command in '/home/feri/Projekt_1/ROS2_enviroment/ros2_ws/build/robot_description': CMAKE_PREFIX_PATH=${CMAKE_PREFIX_PATH}:/home/feri/Projekt_1/ROS2_enviroment/ros2_ws/install/keyboard_control:/home/feri/Projekt_1/ROS2_enviroment/ros2_ws/install/ddsm115_controller:/opt/ros/jazzy DEBUGINFOD_URLS=https://debuginfod.ubuntu.com /usr/bin/cmake --build /home/feri/Projekt_1/ROS2_enviroment/ros2_ws/build/robot_description -- -j4 -l4
[0.269s] Invoked command in '/home/feri/Projekt_1/ROS2_enviroment/ros2_ws/build/robot_description' returned '0': CMAKE_PREFIX_PATH=${CMAKE_PREFIX_PATH}:/home/feri/Projekt_1/ROS2_enviroment/ros2_ws/install/keyboard_control:/home/feri/Projekt_1/ROS2_enviroment/ros2_ws/install/ddsm115_controller:/opt/ros/jazzy DEBUGINFOD_URLS=https://debuginfod.ubuntu.com /usr/bin/cmake --build /home/feri/Projekt_1/ROS2_enviroment/ros2_ws/build/robot_description -- -j4 -l4
[0.320s] Invoking command in '/home/feri/Projekt_1/ROS2_enviroment/ros2_ws/build/robot_description': CMAKE_PREFIX_PATH=${CMAKE_PREFIX_PATH}:/home/feri/Projekt_1/ROS2_enviroment/ros2_ws/install/keyboard_control:/home/feri/Projekt_1/ROS2_enviroment/ros2_ws/install/ddsm115_controller:/opt/ros/jazzy DEBUGINFOD_URLS=https://debuginfod.ubuntu.com /usr/bin/cmake --install /home/feri/Projekt_1/ROS2_enviroment/ros2_ws/build/robot_description
[0.363s] -- Install configuration: ""
[0.364s] -- Up-to-date: /home/feri/Projekt_1/ROS2_enviroment/ros2_ws/install/robot_description/share/robot_description/urdf
[0.364s] -- Installing: /home/feri/Projekt_1/ROS2_enviroment/ros2_ws/install/robot_description/share/robot_description/urdf/robot.urdf.xacro
[0.365s] -- Up-to-date: /home/feri/Projekt_1/ROS2_enviroment/ros2_ws/install/robot_description/share/robot_description/launch
[0.366s] -- Up-to-date: /home/feri/Projekt_1/ROS2_enviroment/ros2_ws/install/robot_description/share/robot_description/launch/robot_launch.py
[0.366s] -- Up-to-date: /home/feri/Projekt_1/ROS2_enviroment/ros2_ws/install/robot_description/share/ament_index/resource_index/package_run_dependencies/robot_description
[0.367s] -- Up-to-date: /home/feri/Projekt_1/ROS2_enviroment/ros2_ws/install/robot_description/share/ament_index/resource_index/parent_prefix_path/robot_description
[0.367s] -- Up-to-date: /home/feri/Projekt_1/ROS2_enviroment/ros2_ws/install/robot_description/share/robot_description/environment/ament_prefix_path.sh
[0.368s] -- Up-to-date: /home/feri/Projekt_1/ROS2_enviroment/ros2_ws/install/robot_description/share/robot_description/environment/ament_prefix_path.dsv
[0.369s] -- Up-to-date: /home/feri/Projekt_1/ROS2_enviroment/ros2_ws/install/robot_description/share/robot_description/environment/path.sh
[0.369s] -- Up-to-date: /home/feri/Projekt_1/ROS2_enviroment/ros2_ws/install/robot_description/share/robot_description/environment/path.dsv
[0.370s] -- Up-to-date: /home/feri/Projekt_1/ROS2_enviroment/ros2_ws/install/robot_description/share/robot_description/local_setup.bash
[0.370s] -- Up-to-date: /home/feri/Projekt_1/ROS2_enviroment/ros2_ws/install/robot_description/share/robot_description/local_setup.sh
[0.371s] -- Up-to-date: /home/feri/Projekt_1/ROS2_enviroment/ros2_ws/install/robot_description/share/robot_description/local_setup.zsh
[0.371s] -- Up-to-date: /home/feri/Projekt_1/ROS2_enviroment/ros2_ws/install/robot_description/share/robot_description/local_setup.dsv
[0.372s] -- Installing: /home/feri/Projekt_1/ROS2_enviroment/ros2_ws/install/robot_description/share/robot_description/package.dsv
[0.372s] -- Up-to-date: /home/feri/Projekt_1/ROS2_enviroment/ros2_ws/install/robot_description/share/ament_index/resource_index/packages/robot_description
[0.373s] -- Up-to-date: /home/feri/Projekt_1/ROS2_enviroment/ros2_ws/install/robot_description/share/robot_description/cmake/robot_descriptionConfig.cmake
[0.374s] -- Up-to-date: /home/feri/Projekt_1/ROS2_enviroment/ros2_ws/install/robot_description/share/robot_description/cmake/robot_descriptionConfig-version.cmake
[0.374s] -- Up-to-date: /home/feri/Projekt_1/ROS2_enviroment/ros2_ws/install/robot_description/share/robot_description/package.xml
[0.381s] Invoked command in '/home/feri/Projekt_1/ROS2_enviroment/ros2_ws/build/robot_description' returned '0': CMAKE_PREFIX_PATH=${CMAKE_PREFIX_PATH}:/home/feri/Projekt_1/ROS2_enviroment/ros2_ws/install/keyboard_control:/home/feri/Projekt_1/ROS2_enviroment/ros2_ws/install/ddsm115_controller:/opt/ros/jazzy DEBUGINFOD_URLS=https://debuginfod.ubuntu.com /usr/bin/cmake --install /home/feri/Projekt_1/ROS2_enviroment/ros2_ws/build/robot_description
