[7.596s] Invoking command in '/home/feri/Projekt_1/ROS2_enviroment/ros2_ws/src/ddsm115_controller': DEBUGINFOD_URLS=https://debuginfod.ubuntu.com PYTHONPATH=/home/feri/Projekt_1/ROS2_enviroment/ros2_ws/build/ddsm115_controller/prefix_override:/usr/lib/python3/dist-packages/colcon_core/task/python/colcon_distutils_commands:/home/feri/Projekt_1/ROS2_enviroment/ros2_ws/install/ddsm115_controller/lib/python3.12/site-packages:${PYTHONPATH} /usr/bin/python3 -W ignore:setup.py install is deprecated -W ignore:easy_install command is deprecated setup.py egg_info --egg-base ../../build/ddsm115_controller build --build-base /home/feri/Projekt_1/ROS2_enviroment/ros2_ws/build/ddsm115_controller/build install --record /home/feri/Projekt_1/ROS2_enviroment/ros2_ws/build/ddsm115_controller/install.log --single-version-externally-managed install_data
[9.618s] running egg_info
[9.767s] writing ../../build/ddsm115_controller/ddsm115_controller.egg-info/PKG-INFO
[9.769s] writing dependency_links to ../../build/ddsm115_controller/ddsm115_controller.egg-info/dependency_links.txt
[9.771s] writing entry points to ../../build/ddsm115_controller/ddsm115_controller.egg-info/entry_points.txt
[9.772s] writing requirements to ../../build/ddsm115_controller/ddsm115_controller.egg-info/requires.txt
[9.774s] writing top-level names to ../../build/ddsm115_controller/ddsm115_controller.egg-info/top_level.txt
[10.085s] reading manifest file '../../build/ddsm115_controller/ddsm115_controller.egg-info/SOURCES.txt'
[10.091s] writing manifest file '../../build/ddsm115_controller/ddsm115_controller.egg-info/SOURCES.txt'
[10.092s] running build
[10.093s] running build_py
[10.096s] running install
[10.128s] running install_lib
[10.282s] running install_data
[10.283s] running install_egg_info
[10.503s] removing '/home/feri/Projekt_1/ROS2_enviroment/ros2_ws/install/ddsm115_controller/lib/python3.12/site-packages/ddsm115_controller-0.0.0-py3.12.egg-info' (and everything under it)
[10.509s] Copying ../../build/ddsm115_controller/ddsm115_controller.egg-info to /home/feri/Projekt_1/ROS2_enviroment/ros2_ws/install/ddsm115_controller/lib/python3.12/site-packages/ddsm115_controller-0.0.0-py3.12.egg-info
[10.518s] running install_scripts
[11.658s] Installing check_motor_id script to /home/feri/Projekt_1/ROS2_enviroment/ros2_ws/install/ddsm115_controller/lib/ddsm115_controller
[11.663s] Installing set_motor_id script to /home/feri/Projekt_1/ROS2_enviroment/ros2_ws/install/ddsm115_controller/lib/ddsm115_controller
[11.664s] Installing two_wheels_robot script to /home/feri/Projekt_1/ROS2_enviroment/ros2_ws/install/ddsm115_controller/lib/ddsm115_controller
[11.670s] Installing velocity_control script to /home/feri/Projekt_1/ROS2_enviroment/ros2_ws/install/ddsm115_controller/lib/ddsm115_controller
[11.675s] writing list of installed files to '/home/feri/Projekt_1/ROS2_enviroment/ros2_ws/build/ddsm115_controller/install.log'
[11.919s] Invoked command in '/home/feri/Projekt_1/ROS2_enviroment/ros2_ws/src/ddsm115_controller' returned '0': DEBUGINFOD_URLS=https://debuginfod.ubuntu.com PYTHONPATH=/home/feri/Projekt_1/ROS2_enviroment/ros2_ws/build/ddsm115_controller/prefix_override:/usr/lib/python3/dist-packages/colcon_core/task/python/colcon_distutils_commands:/home/feri/Projekt_1/ROS2_enviroment/ros2_ws/install/ddsm115_controller/lib/python3.12/site-packages:${PYTHONPATH} /usr/bin/python3 -W ignore:setup.py install is deprecated -W ignore:easy_install command is deprecated setup.py egg_info --egg-base ../../build/ddsm115_controller build --build-base /home/feri/Projekt_1/ROS2_enviroment/ros2_ws/build/ddsm115_controller/build install --record /home/feri/Projekt_1/ROS2_enviroment/ros2_ws/build/ddsm115_controller/install.log --single-version-externally-managed install_data
