[3.945s] Invoking command in '/home/feri/Projekt_1/ROS2_enviroment/ros2_ws/src/keyboard_control': DEBUGINFOD_URLS=https://debuginfod.ubuntu.com PYTHONPATH=/home/feri/Projekt_1/ROS2_enviroment/ros2_ws/build/keyboard_control/prefix_override:/usr/lib/python3/dist-packages/colcon_core/task/python/colcon_distutils_commands:/home/feri/Projekt_1/ROS2_enviroment/ros2_ws/install/keyboard_control/lib/python3.12/site-packages:${PYTHONPATH} /usr/bin/python3 -W ignore:setup.py install is deprecated -W ignore:easy_install command is deprecated setup.py egg_info --egg-base ../../build/keyboard_control build --build-base /home/feri/Projekt_1/ROS2_enviroment/ros2_ws/build/keyboard_control/build install --record /home/feri/Projekt_1/ROS2_enviroment/ros2_ws/build/keyboard_control/install.log --single-version-externally-managed install_data
[5.207s] running egg_info
[5.300s] writing ../../build/keyboard_control/keyboard_control.egg-info/PKG-INFO
[5.301s] writing dependency_links to ../../build/keyboard_control/keyboard_control.egg-info/dependency_links.txt
[5.303s] writing entry points to ../../build/keyboard_control/keyboard_control.egg-info/entry_points.txt
[5.304s] writing requirements to ../../build/keyboard_control/keyboard_control.egg-info/requires.txt
[5.304s] writing top-level names to ../../build/keyboard_control/keyboard_control.egg-info/top_level.txt
[5.500s] reading manifest file '../../build/keyboard_control/keyboard_control.egg-info/SOURCES.txt'
[5.503s] writing manifest file '../../build/keyboard_control/keyboard_control.egg-info/SOURCES.txt'
[5.504s] running build
[5.505s] running build_py
[5.505s] copying keyboard_control/diff_drive_odom.py -> /home/feri/Projekt_1/ROS2_enviroment/ros2_ws/build/keyboard_control/build/lib/keyboard_control
[5.507s] running install
[5.531s] running install_lib
[5.628s] copying /home/feri/Projekt_1/ROS2_enviroment/ros2_ws/build/keyboard_control/build/lib/keyboard_control/diff_drive_odom.py -> /home/feri/Projekt_1/ROS2_enviroment/ros2_ws/install/keyboard_control/lib/python3.12/site-packages/keyboard_control
[5.632s] byte-compiling /home/feri/Projekt_1/ROS2_enviroment/ros2_ws/install/keyboard_control/lib/python3.12/site-packages/keyboard_control/diff_drive_odom.py to diff_drive_odom.cpython-312.pyc
[5.640s] running install_data
[5.641s] running install_egg_info
[5.738s] removing '/home/feri/Projekt_1/ROS2_enviroment/ros2_ws/install/keyboard_control/lib/python3.12/site-packages/keyboard_control-0.0.0-py3.12.egg-info' (and everything under it)
[5.743s] Copying ../../build/keyboard_control/keyboard_control.egg-info to /home/feri/Projekt_1/ROS2_enviroment/ros2_ws/install/keyboard_control/lib/python3.12/site-packages/keyboard_control-0.0.0-py3.12.egg-info
[5.748s] running install_scripts
[6.481s] Installing diff_drive_odom script to /home/feri/Projekt_1/ROS2_enviroment/ros2_ws/install/keyboard_control/lib/keyboard_control
[6.481s] Installing one_motor_test script to /home/feri/Projekt_1/ROS2_enviroment/ros2_ws/install/keyboard_control/lib/keyboard_control
[6.484s] writing list of installed files to '/home/feri/Projekt_1/ROS2_enviroment/ros2_ws/build/keyboard_control/install.log'
[6.633s] Invoked command in '/home/feri/Projekt_1/ROS2_enviroment/ros2_ws/src/keyboard_control' returned '0': DEBUGINFOD_URLS=https://debuginfod.ubuntu.com PYTHONPATH=/home/feri/Projekt_1/ROS2_enviroment/ros2_ws/build/keyboard_control/prefix_override:/usr/lib/python3/dist-packages/colcon_core/task/python/colcon_distutils_commands:/home/feri/Projekt_1/ROS2_enviroment/ros2_ws/install/keyboard_control/lib/python3.12/site-packages:${PYTHONPATH} /usr/bin/python3 -W ignore:setup.py install is deprecated -W ignore:easy_install command is deprecated setup.py egg_info --egg-base ../../build/keyboard_control build --build-base /home/feri/Projekt_1/ROS2_enviroment/ros2_ws/build/keyboard_control/build install --record /home/feri/Projekt_1/ROS2_enviroment/ros2_ws/build/keyboard_control/install.log --single-version-externally-managed install_data
