[0.646s] DEBUG:colcon:Command line arguments: ['/usr/bin/colcon', 'build', '--packages-select', 'keyboard_control']
[0.646s] DEBUG:colcon:Parsed command line arguments: Namespace(log_base=None, log_level=None, verb_name='build', build_base='build', install_base='install', merge_install=False, symlink_install=False, test_result_base=None, continue_on_error=False, executor='parallel', parallel_workers=4, event_handlers=None, ignore_user_meta=False, metas=['./colcon.meta'], base_paths=['.'], packages_ignore=None, packages_ignore_regex=None, paths=None, packages_up_to=None, packages_up_to_regex=None, packages_above=None, packages_above_and_dependencies=None, packages_above_depth=None, packages_select_by_dep=None, packages_skip_by_dep=None, packages_skip_up_to=None, packages_select_build_failed=False, packages_skip_build_finished=False, packages_select_test_failures=False, packages_skip_test_passed=False, packages_select=['keyboard_control'], packages_skip=None, packages_select_regex=None, packages_skip_regex=None, packages_start=None, packages_end=None, allow_overriding=[], cmake_args=None, cmake_target=None, cmake_target_skip_unavailable=False, cmake_clean_cache=False, cmake_clean_first=False, cmake_force_configure=False, ament_cmake_args=None, catkin_cmake_args=None, catkin_skip_building_tests=False, mixin_files=None, mixin=None, verb_parser=<colcon_mixin.mixin.mixin_argument.MixinArgumentDecorator object at 0xffff9a740980>, verb_extension=<colcon_core.verb.build.BuildVerb object at 0xffff9a8fce60>, main=<bound method BuildVerb.main of <colcon_core.verb.build.BuildVerb object at 0xffff9a8fce60>>, mixin_verb=('build',))
[0.872s] Level 1:colcon.colcon_core.package_discovery:discover_packages(colcon_meta) check parameters
[0.873s] Level 1:colcon.colcon_core.package_discovery:discover_packages(recursive) check parameters
[0.873s] Level 1:colcon.colcon_core.package_discovery:discover_packages(ignore) check parameters
[0.874s] Level 1:colcon.colcon_core.package_discovery:discover_packages(path) check parameters
[0.874s] Level 1:colcon.colcon_core.package_discovery:discover_packages(colcon_meta) discover
[0.874s] Level 1:colcon.colcon_core.package_discovery:discover_packages(recursive) discover
[0.874s] INFO:colcon.colcon_core.package_discovery:Crawling recursively for packages in '/home/feri/Projekt_1/ROS2_enviroment/ros2_ws'
[0.875s] Level 1:colcon.colcon_core.package_identification:_identify(.) by extensions ['ignore', 'ignore_ament_install']
[0.875s] Level 1:colcon.colcon_core.package_identification:_identify(.) by extension 'ignore'
[0.876s] Level 1:colcon.colcon_core.package_identification:_identify(.) by extension 'ignore_ament_install'
[0.876s] Level 1:colcon.colcon_core.package_identification:_identify(.) by extensions ['colcon_pkg']
[0.876s] Level 1:colcon.colcon_core.package_identification:_identify(.) by extension 'colcon_pkg'
[0.876s] Level 1:colcon.colcon_core.package_identification:_identify(.) by extensions ['colcon_meta']
[0.877s] Level 1:colcon.colcon_core.package_identification:_identify(.) by extension 'colcon_meta'
[0.877s] Level 1:colcon.colcon_core.package_identification:_identify(.) by extensions ['ros']
[0.877s] Level 1:colcon.colcon_core.package_identification:_identify(.) by extension 'ros'
[1.011s] Level 1:colcon.colcon_core.package_identification:_identify(.) by extensions ['cmake', 'python']
[1.011s] Level 1:colcon.colcon_core.package_identification:_identify(.) by extension 'cmake'
[1.012s] Level 1:colcon.colcon_core.package_identification:_identify(.) by extension 'python'
[1.012s] Level 1:colcon.colcon_core.package_identification:_identify(.) by extensions ['python_setup_py']
[1.012s] Level 1:colcon.colcon_core.package_identification:_identify(.) by extension 'python_setup_py'
[1.013s] Level 1:colcon.colcon_core.package_identification:_identify(build) by extensions ['ignore', 'ignore_ament_install']
[1.013s] Level 1:colcon.colcon_core.package_identification:_identify(build) by extension 'ignore'
[1.014s] Level 1:colcon.colcon_core.package_identification:_identify(build) ignored
[1.014s] Level 1:colcon.colcon_core.package_identification:_identify(install) by extensions ['ignore', 'ignore_ament_install']
[1.015s] Level 1:colcon.colcon_core.package_identification:_identify(install) by extension 'ignore'
[1.015s] Level 1:colcon.colcon_core.package_identification:_identify(install) ignored
[1.019s] Level 1:colcon.colcon_core.package_identification:_identify(log) by extensions ['ignore', 'ignore_ament_install']
[1.020s] Level 1:colcon.colcon_core.package_identification:_identify(log) by extension 'ignore'
[1.020s] Level 1:colcon.colcon_core.package_identification:_identify(log) ignored
[1.021s] Level 1:colcon.colcon_core.package_identification:_identify(src) by extensions ['ignore', 'ignore_ament_install']
[1.022s] Level 1:colcon.colcon_core.package_identification:_identify(src) by extension 'ignore'
[1.022s] Level 1:colcon.colcon_core.package_identification:_identify(src) by extension 'ignore_ament_install'
[1.022s] Level 1:colcon.colcon_core.package_identification:_identify(src) by extensions ['colcon_pkg']
[1.023s] Level 1:colcon.colcon_core.package_identification:_identify(src) by extension 'colcon_pkg'
[1.023s] Level 1:colcon.colcon_core.package_identification:_identify(src) by extensions ['colcon_meta']
[1.023s] Level 1:colcon.colcon_core.package_identification:_identify(src) by extension 'colcon_meta'
[1.023s] Level 1:colcon.colcon_core.package_identification:_identify(src) by extensions ['ros']
[1.023s] Level 1:colcon.colcon_core.package_identification:_identify(src) by extension 'ros'
[1.024s] Level 1:colcon.colcon_core.package_identification:_identify(src) by extensions ['cmake', 'python']
[1.024s] Level 1:colcon.colcon_core.package_identification:_identify(src) by extension 'cmake'
[1.024s] Level 1:colcon.colcon_core.package_identification:_identify(src) by extension 'python'
[1.025s] Level 1:colcon.colcon_core.package_identification:_identify(src) by extensions ['python_setup_py']
[1.025s] Level 1:colcon.colcon_core.package_identification:_identify(src) by extension 'python_setup_py'
[1.026s] Level 1:colcon.colcon_core.package_identification:_identify(src/build) by extensions ['ignore', 'ignore_ament_install']
[1.027s] Level 1:colcon.colcon_core.package_identification:_identify(src/build) by extension 'ignore'
[1.027s] Level 1:colcon.colcon_core.package_identification:_identify(src/build) ignored
[1.028s] Level 1:colcon.colcon_core.package_identification:_identify(src/ddsm115_controller) by extensions ['ignore', 'ignore_ament_install']
[1.028s] Level 1:colcon.colcon_core.package_identification:_identify(src/ddsm115_controller) by extension 'ignore'
[1.028s] Level 1:colcon.colcon_core.package_identification:_identify(src/ddsm115_controller) by extension 'ignore_ament_install'
[1.029s] Level 1:colcon.colcon_core.package_identification:_identify(src/ddsm115_controller) by extensions ['colcon_pkg']
[1.029s] Level 1:colcon.colcon_core.package_identification:_identify(src/ddsm115_controller) by extension 'colcon_pkg'
[1.029s] Level 1:colcon.colcon_core.package_identification:_identify(src/ddsm115_controller) by extensions ['colcon_meta']
[1.029s] Level 1:colcon.colcon_core.package_identification:_identify(src/ddsm115_controller) by extension 'colcon_meta'
[1.030s] Level 1:colcon.colcon_core.package_identification:_identify(src/ddsm115_controller) by extensions ['ros']
[1.030s] Level 1:colcon.colcon_core.package_identification:_identify(src/ddsm115_controller) by extension 'ros'
[1.039s] DEBUG:colcon.colcon_core.package_identification:Package 'src/ddsm115_controller' with type 'ros.ament_python' and name 'ddsm115_controller'
[1.040s] Level 1:colcon.colcon_core.package_identification:_identify(src/install) by extensions ['ignore', 'ignore_ament_install']
[1.040s] Level 1:colcon.colcon_core.package_identification:_identify(src/install) by extension 'ignore'
[1.041s] Level 1:colcon.colcon_core.package_identification:_identify(src/install) ignored
[1.041s] Level 1:colcon.colcon_core.package_identification:_identify(src/keyboard_control) by extensions ['ignore', 'ignore_ament_install']
[1.042s] Level 1:colcon.colcon_core.package_identification:_identify(src/keyboard_control) by extension 'ignore'
[1.042s] Level 1:colcon.colcon_core.package_identification:_identify(src/keyboard_control) by extension 'ignore_ament_install'
[1.042s] Level 1:colcon.colcon_core.package_identification:_identify(src/keyboard_control) by extensions ['colcon_pkg']
[1.043s] Level 1:colcon.colcon_core.package_identification:_identify(src/keyboard_control) by extension 'colcon_pkg'
[1.043s] Level 1:colcon.colcon_core.package_identification:_identify(src/keyboard_control) by extensions ['colcon_meta']
[1.043s] Level 1:colcon.colcon_core.package_identification:_identify(src/keyboard_control) by extension 'colcon_meta'
[1.043s] Level 1:colcon.colcon_core.package_identification:_identify(src/keyboard_control) by extensions ['ros']
[1.043s] Level 1:colcon.colcon_core.package_identification:_identify(src/keyboard_control) by extension 'ros'
[1.046s] DEBUG:colcon.colcon_core.package_identification:Package 'src/keyboard_control' with type 'ros.ament_python' and name 'keyboard_control'
[1.047s] Level 1:colcon.colcon_core.package_identification:_identify(src/log) by extensions ['ignore', 'ignore_ament_install']
[1.048s] Level 1:colcon.colcon_core.package_identification:_identify(src/log) by extension 'ignore'
[1.048s] Level 1:colcon.colcon_core.package_identification:_identify(src/log) ignored
[1.049s] Level 1:colcon.colcon_core.package_identification:_identify(src/robot_description) by extensions ['ignore', 'ignore_ament_install']
[1.049s] Level 1:colcon.colcon_core.package_identification:_identify(src/robot_description) by extension 'ignore'
[1.050s] Level 1:colcon.colcon_core.package_identification:_identify(src/robot_description) by extension 'ignore_ament_install'
[1.050s] Level 1:colcon.colcon_core.package_identification:_identify(src/robot_description) by extensions ['colcon_pkg']
[1.050s] Level 1:colcon.colcon_core.package_identification:_identify(src/robot_description) by extension 'colcon_pkg'
[1.051s] Level 1:colcon.colcon_core.package_identification:_identify(src/robot_description) by extensions ['colcon_meta']
[1.051s] Level 1:colcon.colcon_core.package_identification:_identify(src/robot_description) by extension 'colcon_meta'
[1.051s] Level 1:colcon.colcon_core.package_identification:_identify(src/robot_description) by extensions ['ros']
[1.051s] Level 1:colcon.colcon_core.package_identification:_identify(src/robot_description) by extension 'ros'
[1.053s] DEBUG:colcon.colcon_core.package_identification:Package 'src/robot_description' with type 'ros.ament_cmake' and name 'robot_description'
[1.054s] Level 1:colcon.colcon_core.package_identification:_identify(src/ros2_laser_scan_merger) by extensions ['ignore', 'ignore_ament_install']
[1.054s] Level 1:colcon.colcon_core.package_identification:_identify(src/ros2_laser_scan_merger) by extension 'ignore'
[1.055s] Level 1:colcon.colcon_core.package_identification:_identify(src/ros2_laser_scan_merger) by extension 'ignore_ament_install'
[1.055s] Level 1:colcon.colcon_core.package_identification:_identify(src/ros2_laser_scan_merger) by extensions ['colcon_pkg']
[1.055s] Level 1:colcon.colcon_core.package_identification:_identify(src/ros2_laser_scan_merger) by extension 'colcon_pkg'
[1.055s] Level 1:colcon.colcon_core.package_identification:_identify(src/ros2_laser_scan_merger) by extensions ['colcon_meta']
[1.055s] Level 1:colcon.colcon_core.package_identification:_identify(src/ros2_laser_scan_merger) by extension 'colcon_meta'
[1.056s] Level 1:colcon.colcon_core.package_identification:_identify(src/ros2_laser_scan_merger) by extensions ['ros']
[1.056s] Level 1:colcon.colcon_core.package_identification:_identify(src/ros2_laser_scan_merger) by extension 'ros'
[1.061s] DEBUG:colcon.colcon_core.package_identification:Package 'src/ros2_laser_scan_merger' with type 'ros.ament_cmake' and name 'ros2_laser_scan_merger'
[1.061s] Level 1:colcon.colcon_core.package_identification:_identify(src/sllidar_ros2) by extensions ['ignore', 'ignore_ament_install']
[1.062s] Level 1:colcon.colcon_core.package_identification:_identify(src/sllidar_ros2) by extension 'ignore'
[1.062s] Level 1:colcon.colcon_core.package_identification:_identify(src/sllidar_ros2) by extension 'ignore_ament_install'
[1.063s] Level 1:colcon.colcon_core.package_identification:_identify(src/sllidar_ros2) by extensions ['colcon_pkg']
[1.063s] Level 1:colcon.colcon_core.package_identification:_identify(src/sllidar_ros2) by extension 'colcon_pkg'
[1.063s] Level 1:colcon.colcon_core.package_identification:_identify(src/sllidar_ros2) by extensions ['colcon_meta']
[1.064s] Level 1:colcon.colcon_core.package_identification:_identify(src/sllidar_ros2) by extension 'colcon_meta'
[1.064s] Level 1:colcon.colcon_core.package_identification:_identify(src/sllidar_ros2) by extensions ['ros']
[1.064s] Level 1:colcon.colcon_core.package_identification:_identify(src/sllidar_ros2) by extension 'ros'
[1.067s] DEBUG:colcon.colcon_core.package_identification:Package 'src/sllidar_ros2' with type 'ros.ament_cmake' and name 'sllidar_ros2'
[1.068s] Level 1:colcon.colcon_core.package_identification:_identify(src/wt901c_RS485) by extensions ['ignore', 'ignore_ament_install']
[1.068s] Level 1:colcon.colcon_core.package_identification:_identify(src/wt901c_RS485) by extension 'ignore'
[1.069s] Level 1:colcon.colcon_core.package_identification:_identify(src/wt901c_RS485) by extension 'ignore_ament_install'
[1.069s] Level 1:colcon.colcon_core.package_identification:_identify(src/wt901c_RS485) by extensions ['colcon_pkg']
[1.069s] Level 1:colcon.colcon_core.package_identification:_identify(src/wt901c_RS485) by extension 'colcon_pkg'
[1.069s] Level 1:colcon.colcon_core.package_identification:_identify(src/wt901c_RS485) by extensions ['colcon_meta']
[1.070s] Level 1:colcon.colcon_core.package_identification:_identify(src/wt901c_RS485) by extension 'colcon_meta'
[1.070s] Level 1:colcon.colcon_core.package_identification:_identify(src/wt901c_RS485) by extensions ['ros']
[1.070s] Level 1:colcon.colcon_core.package_identification:_identify(src/wt901c_RS485) by extension 'ros'
[1.072s] DEBUG:colcon.colcon_core.package_identification:Package 'src/wt901c_RS485' with type 'ros.ament_python' and name 'wt901c_RS485'
[1.073s] Level 1:colcon.colcon_core.package_discovery:discover_packages(recursive) using defaults
[1.073s] Level 1:colcon.colcon_core.package_discovery:discover_packages(ignore) discover
[1.073s] Level 1:colcon.colcon_core.package_discovery:discover_packages(ignore) using defaults
[1.073s] Level 1:colcon.colcon_core.package_discovery:discover_packages(path) discover
[1.074s] Level 1:colcon.colcon_core.package_discovery:discover_packages(path) using defaults
[1.159s] INFO:colcon.colcon_core.package_selection:Skipping not selected package 'ddsm115_controller' in 'src/ddsm115_controller'
[1.159s] INFO:colcon.colcon_core.package_selection:Skipping not selected package 'robot_description' in 'src/robot_description'
[1.159s] INFO:colcon.colcon_core.package_selection:Skipping not selected package 'ros2_laser_scan_merger' in 'src/ros2_laser_scan_merger'
[1.160s] INFO:colcon.colcon_core.package_selection:Skipping not selected package 'sllidar_ros2' in 'src/sllidar_ros2'
[1.160s] INFO:colcon.colcon_core.package_selection:Skipping not selected package 'wt901c_RS485' in 'src/wt901c_RS485'
[1.162s] Level 1:colcon.colcon_core.package_discovery:discover_packages(prefix_path) check parameters
[1.162s] Level 1:colcon.colcon_core.package_discovery:discover_packages(prefix_path) discover
[1.181s] DEBUG:colcon.colcon_installed_package_information.package_discovery:Found 7 installed packages in /home/feri/Projekt_1/ROS2_enviroment/ros2_ws/install
[1.194s] DEBUG:colcon.colcon_installed_package_information.package_discovery:Found 301 installed packages in /opt/ros/jazzy
[1.204s] Level 1:colcon.colcon_core.package_discovery:discover_packages(prefix_path) using defaults
[1.503s] Level 5:colcon.colcon_core.verb:set package 'keyboard_control' build argument 'cmake_args' from command line to 'None'
[1.503s] Level 5:colcon.colcon_core.verb:set package 'keyboard_control' build argument 'cmake_target' from command line to 'None'
[1.503s] Level 5:colcon.colcon_core.verb:set package 'keyboard_control' build argument 'cmake_target_skip_unavailable' from command line to 'False'
[1.503s] Level 5:colcon.colcon_core.verb:set package 'keyboard_control' build argument 'cmake_clean_cache' from command line to 'False'
[1.504s] Level 5:colcon.colcon_core.verb:set package 'keyboard_control' build argument 'cmake_clean_first' from command line to 'False'
[1.504s] Level 5:colcon.colcon_core.verb:set package 'keyboard_control' build argument 'cmake_force_configure' from command line to 'False'
[1.504s] Level 5:colcon.colcon_core.verb:set package 'keyboard_control' build argument 'ament_cmake_args' from command line to 'None'
[1.504s] Level 5:colcon.colcon_core.verb:set package 'keyboard_control' build argument 'catkin_cmake_args' from command line to 'None'
[1.504s] Level 5:colcon.colcon_core.verb:set package 'keyboard_control' build argument 'catkin_skip_building_tests' from command line to 'False'
[1.504s] DEBUG:colcon.colcon_core.verb:Building package 'keyboard_control' with the following arguments: {'ament_cmake_args': None, 'build_base': '/home/feri/Projekt_1/ROS2_enviroment/ros2_ws/build/keyboard_control', 'catkin_cmake_args': None, 'catkin_skip_building_tests': False, 'cmake_args': None, 'cmake_clean_cache': False, 'cmake_clean_first': False, 'cmake_force_configure': False, 'cmake_target': None, 'cmake_target_skip_unavailable': False, 'install_base': '/home/feri/Projekt_1/ROS2_enviroment/ros2_ws/install/keyboard_control', 'merge_install': False, 'path': '/home/feri/Projekt_1/ROS2_enviroment/ros2_ws/src/keyboard_control', 'symlink_install': False, 'test_result_base': None}
[1.505s] INFO:colcon.colcon_core.executor:Executing jobs using 'parallel' executor
[1.508s] DEBUG:colcon.colcon_parallel_executor.executor.parallel:run_until_complete
[1.509s] INFO:colcon.colcon_ros.task.ament_python.build:Building ROS package in '/home/feri/Projekt_1/ROS2_enviroment/ros2_ws/src/keyboard_control' with build type 'ament_python'
[1.510s] Level 1:colcon.colcon_core.shell:create_environment_hook('keyboard_control', 'ament_prefix_path')
[1.520s] INFO:colcon.colcon_core.plugin_system:Skipping extension 'colcon_core.shell.bat': Not used on non-Windows systems
[1.522s] INFO:colcon.colcon_core.shell:Creating environment hook '/home/feri/Projekt_1/ROS2_enviroment/ros2_ws/install/keyboard_control/share/keyboard_control/hook/ament_prefix_path.ps1'
[1.524s] INFO:colcon.colcon_core.shell:Creating environment descriptor '/home/feri/Projekt_1/ROS2_enviroment/ros2_ws/install/keyboard_control/share/keyboard_control/hook/ament_prefix_path.dsv'
[1.527s] INFO:colcon.colcon_core.shell:Creating environment hook '/home/feri/Projekt_1/ROS2_enviroment/ros2_ws/install/keyboard_control/share/keyboard_control/hook/ament_prefix_path.sh'
[1.530s] INFO:colcon.colcon_core.shell:Skip shell extension 'powershell' for command environment: Not usable outside of PowerShell
[1.530s] DEBUG:colcon.colcon_core.shell:Skip shell extension 'dsv' for command environment
[2.867s] INFO:colcon.colcon_core.task.python.build:Building Python package in '/home/feri/Projekt_1/ROS2_enviroment/ros2_ws/src/keyboard_control'
[2.868s] INFO:colcon.colcon_core.shell:Skip shell extension 'powershell' for command environment: Not usable outside of PowerShell
[2.869s] DEBUG:colcon.colcon_core.shell:Skip shell extension 'dsv' for command environment
[6.382s] DEBUG:colcon.colcon_core.event_handler.log_command:Invoking command in '/home/feri/Projekt_1/ROS2_enviroment/ros2_ws/src/keyboard_control': DEBUGINFOD_URLS=https://debuginfod.ubuntu.com PYTHONPATH=/home/feri/Projekt_1/ROS2_enviroment/ros2_ws/build/keyboard_control/prefix_override:/usr/lib/python3/dist-packages/colcon_core/task/python/colcon_distutils_commands:/home/feri/Projekt_1/ROS2_enviroment/ros2_ws/install/keyboard_control/lib/python3.12/site-packages:${PYTHONPATH} /usr/bin/python3 -W ignore:setup.py install is deprecated -W ignore:easy_install command is deprecated setup.py egg_info --egg-base ../../build/keyboard_control build --build-base /home/feri/Projekt_1/ROS2_enviroment/ros2_ws/build/keyboard_control/build install --record /home/feri/Projekt_1/ROS2_enviroment/ros2_ws/build/keyboard_control/install.log --single-version-externally-managed install_data
[9.778s] DEBUG:colcon.colcon_core.event_handler.log_command:Invoked command in '/home/feri/Projekt_1/ROS2_enviroment/ros2_ws/src/keyboard_control' returned '0': DEBUGINFOD_URLS=https://debuginfod.ubuntu.com PYTHONPATH=/home/feri/Projekt_1/ROS2_enviroment/ros2_ws/build/keyboard_control/prefix_override:/usr/lib/python3/dist-packages/colcon_core/task/python/colcon_distutils_commands:/home/feri/Projekt_1/ROS2_enviroment/ros2_ws/install/keyboard_control/lib/python3.12/site-packages:${PYTHONPATH} /usr/bin/python3 -W ignore:setup.py install is deprecated -W ignore:easy_install command is deprecated setup.py egg_info --egg-base ../../build/keyboard_control build --build-base /home/feri/Projekt_1/ROS2_enviroment/ros2_ws/build/keyboard_control/build install --record /home/feri/Projekt_1/ROS2_enviroment/ros2_ws/build/keyboard_control/install.log --single-version-externally-managed install_data
[9.791s] Level 1:colcon.colcon_core.environment:checking '/home/feri/Projekt_1/ROS2_enviroment/ros2_ws/install/keyboard_control' for CMake module files
[9.795s] Level 1:colcon.colcon_core.environment:checking '/home/feri/Projekt_1/ROS2_enviroment/ros2_ws/install/keyboard_control' for CMake config files
[9.800s] Level 1:colcon.colcon_core.environment:checking '/home/feri/Projekt_1/ROS2_enviroment/ros2_ws/install/keyboard_control/lib'
[9.800s] Level 1:colcon.colcon_core.environment:checking '/home/feri/Projekt_1/ROS2_enviroment/ros2_ws/install/keyboard_control/bin'
[9.801s] Level 1:colcon.colcon_core.environment:checking '/home/feri/Projekt_1/ROS2_enviroment/ros2_ws/install/keyboard_control/lib/pkgconfig/keyboard_control.pc'
[9.802s] Level 1:colcon.colcon_core.environment:checking '/home/feri/Projekt_1/ROS2_enviroment/ros2_ws/install/keyboard_control/lib/python3.12/site-packages'
[9.802s] Level 1:colcon.colcon_core.shell:create_environment_hook('keyboard_control', 'pythonpath')
[9.803s] INFO:colcon.colcon_core.shell:Creating environment hook '/home/feri/Projekt_1/ROS2_enviroment/ros2_ws/install/keyboard_control/share/keyboard_control/hook/pythonpath.ps1'
[9.806s] INFO:colcon.colcon_core.shell:Creating environment descriptor '/home/feri/Projekt_1/ROS2_enviroment/ros2_ws/install/keyboard_control/share/keyboard_control/hook/pythonpath.dsv'
[9.808s] INFO:colcon.colcon_core.shell:Creating environment hook '/home/feri/Projekt_1/ROS2_enviroment/ros2_ws/install/keyboard_control/share/keyboard_control/hook/pythonpath.sh'
[9.812s] Level 1:colcon.colcon_core.environment:checking '/home/feri/Projekt_1/ROS2_enviroment/ros2_ws/install/keyboard_control/bin'
[9.812s] Level 1:colcon.colcon_core.environment:create_environment_scripts_only(keyboard_control)
[9.814s] INFO:colcon.colcon_core.shell:Creating package script '/home/feri/Projekt_1/ROS2_enviroment/ros2_ws/install/keyboard_control/share/keyboard_control/package.ps1'
[9.818s] INFO:colcon.colcon_core.shell:Creating package descriptor '/home/feri/Projekt_1/ROS2_enviroment/ros2_ws/install/keyboard_control/share/keyboard_control/package.dsv'
[9.821s] INFO:colcon.colcon_core.shell:Creating package script '/home/feri/Projekt_1/ROS2_enviroment/ros2_ws/install/keyboard_control/share/keyboard_control/package.sh'
[9.825s] INFO:colcon.colcon_core.shell:Creating package script '/home/feri/Projekt_1/ROS2_enviroment/ros2_ws/install/keyboard_control/share/keyboard_control/package.bash'
[9.829s] INFO:colcon.colcon_core.shell:Creating package script '/home/feri/Projekt_1/ROS2_enviroment/ros2_ws/install/keyboard_control/share/keyboard_control/package.zsh'
[9.832s] Level 1:colcon.colcon_core.environment:create_file_with_runtime_dependencies(/home/feri/Projekt_1/ROS2_enviroment/ros2_ws/install/keyboard_control/share/colcon-core/packages/keyboard_control)
[9.834s] DEBUG:colcon.colcon_parallel_executor.executor.parallel:closing loop
[9.836s] DEBUG:colcon.colcon_parallel_executor.executor.parallel:loop closed
[9.836s] DEBUG:colcon.colcon_parallel_executor.executor.parallel:run_until_complete finished with '0'
[9.838s] DEBUG:colcon.colcon_core.event_reactor:joining thread
[9.839s] DEBUG:colcon.colcon_core.event_reactor:joined thread
[9.840s] INFO:colcon.colcon_core.shell:Creating prefix script '/home/feri/Projekt_1/ROS2_enviroment/ros2_ws/install/local_setup.ps1'
[9.844s] INFO:colcon.colcon_core.shell:Creating prefix util module '/home/feri/Projekt_1/ROS2_enviroment/ros2_ws/install/_local_setup_util_ps1.py'
[9.851s] INFO:colcon.colcon_core.shell:Creating prefix chain script '/home/feri/Projekt_1/ROS2_enviroment/ros2_ws/install/setup.ps1'
[9.858s] INFO:colcon.colcon_core.shell:Creating prefix script '/home/feri/Projekt_1/ROS2_enviroment/ros2_ws/install/local_setup.sh'
[9.861s] INFO:colcon.colcon_core.shell:Creating prefix util module '/home/feri/Projekt_1/ROS2_enviroment/ros2_ws/install/_local_setup_util_sh.py'
[9.864s] INFO:colcon.colcon_core.shell:Creating prefix chain script '/home/feri/Projekt_1/ROS2_enviroment/ros2_ws/install/setup.sh'
[9.871s] INFO:colcon.colcon_core.shell:Creating prefix script '/home/feri/Projekt_1/ROS2_enviroment/ros2_ws/install/local_setup.bash'
[9.873s] INFO:colcon.colcon_core.shell:Creating prefix chain script '/home/feri/Projekt_1/ROS2_enviroment/ros2_ws/install/setup.bash'
[9.880s] INFO:colcon.colcon_core.shell:Creating prefix script '/home/feri/Projekt_1/ROS2_enviroment/ros2_ws/install/local_setup.zsh'
[9.883s] INFO:colcon.colcon_core.shell:Creating prefix chain script '/home/feri/Projekt_1/ROS2_enviroment/ros2_ws/install/setup.zsh'
