[3.692s] Invoking command in '/home/feri/Projekt_1/ROS2_enviroment/ros2_ws/build/ros2_laser_scan_merger': CMAKE_PREFIX_PATH=${CMAKE_PREFIX_PATH}:/home/feri/Projekt_1/ROS2_enviroment/ros2_ws/install/keyboard_control:/home/feri/Projekt_1/ROS2_enviroment/ros2_ws/install/ddsm115_controller:/opt/ros/jazzy DEBUGINFOD_URLS=https://debuginfod.ubuntu.com /usr/bin/cmake --build /home/feri/Projekt_1/ROS2_enviroment/ros2_ws/build/ros2_laser_scan_merger -- -j4 -l4
[4.887s] [100%] Built target ros2_laser_scan_merger
[5.139s] Invoked command in '/home/feri/Projekt_1/ROS2_enviroment/ros2_ws/build/ros2_laser_scan_merger' returned '0': CMAKE_PREFIX_PATH=${CMAKE_PREFIX_PATH}:/home/feri/Projekt_1/ROS2_enviroment/ros2_ws/install/keyboard_control:/home/feri/Projekt_1/ROS2_enviroment/ros2_ws/install/ddsm115_controller:/opt/ros/jazzy DEBUGINFOD_URLS=https://debuginfod.ubuntu.com /usr/bin/cmake --build /home/feri/Projekt_1/ROS2_enviroment/ros2_ws/build/ros2_laser_scan_merger -- -j4 -l4
[5.158s] Invoking command in '/home/feri/Projekt_1/ROS2_enviroment/ros2_ws/build/ros2_laser_scan_merger': CMAKE_PREFIX_PATH=${CMAKE_PREFIX_PATH}:/home/feri/Projekt_1/ROS2_enviroment/ros2_ws/install/keyboard_control:/home/feri/Projekt_1/ROS2_enviroment/ros2_ws/install/ddsm115_controller:/opt/ros/jazzy DEBUGINFOD_URLS=https://debuginfod.ubuntu.com /usr/bin/cmake --install /home/feri/Projekt_1/ROS2_enviroment/ros2_ws/build/ros2_laser_scan_merger
[5.257s] -- Install configuration: ""
[5.258s] -- Up-to-date: /home/feri/Projekt_1/ROS2_enviroment/ros2_ws/install/ros2_laser_scan_merger/share/ros2_laser_scan_merger/launch
[5.258s] -- Up-to-date: /home/feri/Projekt_1/ROS2_enviroment/ros2_ws/install/ros2_laser_scan_merger/share/ros2_laser_scan_merger/launch/merge_2_scan.launch.py
[5.263s] -- Up-to-date: /home/feri/Projekt_1/ROS2_enviroment/ros2_ws/install/ros2_laser_scan_merger/share/ros2_laser_scan_merger/launch/visualize_merge_2_scan.launch.py
[5.264s] -- Up-to-date: /home/feri/Projekt_1/ROS2_enviroment/ros2_ws/install/ros2_laser_scan_merger/share/ros2_laser_scan_merger/config
[5.273s] -- Up-to-date: /home/feri/Projekt_1/ROS2_enviroment/ros2_ws/install/ros2_laser_scan_merger/share/ros2_laser_scan_merger/config/params.yaml
[5.275s] -- Up-to-date: /home/feri/Projekt_1/ROS2_enviroment/ros2_ws/install/ros2_laser_scan_merger/share/ros2_laser_scan_merger/rviz
[5.276s] -- Up-to-date: /home/feri/Projekt_1/ROS2_enviroment/ros2_ws/install/ros2_laser_scan_merger/share/ros2_laser_scan_merger/rviz/ros2_laser_scan_merge.rviz
[5.279s] -- Up-to-date: /home/feri/Projekt_1/ROS2_enviroment/ros2_ws/install/ros2_laser_scan_merger/lib/ros2_laser_scan_merger/ros2_laser_scan_merger
[5.280s] -- Up-to-date: /home/feri/Projekt_1/ROS2_enviroment/ros2_ws/install/ros2_laser_scan_merger/share/ament_index/resource_index/package_run_dependencies/ros2_laser_scan_merger
[5.283s] -- Up-to-date: /home/feri/Projekt_1/ROS2_enviroment/ros2_ws/install/ros2_laser_scan_merger/share/ament_index/resource_index/parent_prefix_path/ros2_laser_scan_merger
[5.294s] -- Up-to-date: /home/feri/Projekt_1/ROS2_enviroment/ros2_ws/install/ros2_laser_scan_merger/share/ros2_laser_scan_merger/environment/ament_prefix_path.sh
[5.295s] -- Up-to-date: /home/feri/Projekt_1/ROS2_enviroment/ros2_ws/install/ros2_laser_scan_merger/share/ros2_laser_scan_merger/environment/ament_prefix_path.dsv
[5.296s] -- Up-to-date: /home/feri/Projekt_1/ROS2_enviroment/ros2_ws/install/ros2_laser_scan_merger/share/ros2_laser_scan_merger/environment/path.sh
[5.314s] -- Up-to-date: /home/feri/Projekt_1/ROS2_enviroment/ros2_ws/install/ros2_laser_scan_merger/share/ros2_laser_scan_merger/environment/path.dsv
[5.317s] -- Up-to-date: /home/feri/Projekt_1/ROS2_enviroment/ros2_ws/install/ros2_laser_scan_merger/share/ros2_laser_scan_merger/local_setup.bash
[5.319s] -- Up-to-date: /home/feri/Projekt_1/ROS2_enviroment/ros2_ws/install/ros2_laser_scan_merger/share/ros2_laser_scan_merger/local_setup.sh
[5.322s] -- Up-to-date: /home/feri/Projekt_1/ROS2_enviroment/ros2_ws/install/ros2_laser_scan_merger/share/ros2_laser_scan_merger/local_setup.zsh
[5.325s] -- Up-to-date: /home/feri/Projekt_1/ROS2_enviroment/ros2_ws/install/ros2_laser_scan_merger/share/ros2_laser_scan_merger/local_setup.dsv
[5.328s] -- Installing: /home/feri/Projekt_1/ROS2_enviroment/ros2_ws/install/ros2_laser_scan_merger/share/ros2_laser_scan_merger/package.dsv
[5.328s] -- Up-to-date: /home/feri/Projekt_1/ROS2_enviroment/ros2_ws/install/ros2_laser_scan_merger/share/ament_index/resource_index/packages/ros2_laser_scan_merger
[5.333s] -- Up-to-date: /home/feri/Projekt_1/ROS2_enviroment/ros2_ws/install/ros2_laser_scan_merger/share/ros2_laser_scan_merger/cmake/ros2_laser_scan_mergerConfig.cmake
[5.335s] -- Up-to-date: /home/feri/Projekt_1/ROS2_enviroment/ros2_ws/install/ros2_laser_scan_merger/share/ros2_laser_scan_merger/cmake/ros2_laser_scan_mergerConfig-version.cmake
[5.336s] -- Up-to-date: /home/feri/Projekt_1/ROS2_enviroment/ros2_ws/install/ros2_laser_scan_merger/share/ros2_laser_scan_merger/package.xml
[5.340s] Invoked command in '/home/feri/Projekt_1/ROS2_enviroment/ros2_ws/build/ros2_laser_scan_merger' returned '0': CMAKE_PREFIX_PATH=${CMAKE_PREFIX_PATH}:/home/feri/Projekt_1/ROS2_enviroment/ros2_ws/install/keyboard_control:/home/feri/Projekt_1/ROS2_enviroment/ros2_ws/install/ddsm115_controller:/opt/ros/jazzy DEBUGINFOD_URLS=https://debuginfod.ubuntu.com /usr/bin/cmake --install /home/feri/Projekt_1/ROS2_enviroment/ros2_ws/build/ros2_laser_scan_merger
