[0.000000] (-) TimerEvent: {}
[0.000933] (-) JobUnselected: {'identifier': 'ddsm115_controller'}
[0.001696] (-) JobUnselected: {'identifier': 'keyboard_control'}
[0.001786] (-) JobUnselected: {'identifier': 'robot_description'}
[0.001858] (-) JobUnselected: {'identifier': 'ros2_laser_scan_merger'}
[0.002346] (-) JobUnselected: {'identifier': 'sllidar_ros2'}
[0.002863] (wt901c_RS485) JobQueued: {'identifier': 'wt901c_RS485', 'dependencies': OrderedDict()}
[0.003079] (wt901c_RS485) JobStarted: {'identifier': 'wt901c_RS485'}
[0.099247] (-) TimerEvent: {}
[0.199933] (-) TimerEvent: {}
[0.300591] (-) TimerEvent: {}
[0.401270] (-) TimerEvent: {}
[0.501875] (-) TimerEvent: {}
[0.602538] (-) TimerEvent: {}
[0.703173] (-) TimerEvent: {}
[0.803753] (-) TimerEvent: {}
[0.904404] (-) TimerEvent: {}
[1.005070] (-) TimerEvent: {}
[1.105845] (-) TimerEvent: {}
[1.206466] (-) TimerEvent: {}
[1.307099] (-) TimerEvent: {}
[1.407692] (-) TimerEvent: {}
[1.508429] (-) TimerEvent: {}
[1.609201] (-) TimerEvent: {}
[1.709982] (-) TimerEvent: {}
[1.810548] (-) TimerEvent: {}
[1.911160] (-) TimerEvent: {}
[2.011727] (-) TimerEvent: {}
[2.112339] (-) TimerEvent: {}
[2.212954] (-) TimerEvent: {}
[2.313861] (-) TimerEvent: {}
[2.414472] (-) TimerEvent: {}
[2.515086] (-) TimerEvent: {}
[2.615709] (-) TimerEvent: {}
[2.716356] (-) TimerEvent: {}
[2.817023] (-) TimerEvent: {}
[2.917729] (-) TimerEvent: {}
[3.018336] (-) TimerEvent: {}
[3.118930] (-) TimerEvent: {}
[3.219511] (-) TimerEvent: {}
[3.320189] (-) TimerEvent: {}
[3.420768] (-) TimerEvent: {}
[3.521388] (-) TimerEvent: {}
[3.621989] (-) TimerEvent: {}
[3.722706] (-) TimerEvent: {}
[3.823773] (-) TimerEvent: {}
[3.872601] (wt901c_RS485) StderrLine: {'line': b'Traceback (most recent call last):\n  File "/usr/lib/python3/dist-packages/colcon_parallel_executor/executor/parallel.py", line 75, in execute\n    loop.run_until_complete(future)\n  File "/usr/lib/python3.12/asyncio/base_events.py", line 674, in run_until_complete\n    self.run_forever()\n  File "/usr/lib/python3.12/asyncio/base_events.py", line 641, in run_forever\n    self._run_once()\n  File "/usr/lib/python3.12/asyncio/base_events.py", line 1949, in _run_once\n    event_list = self._selector.select(timeout)\n                 ^^^^^^^^^^^^^^^^^^^^^^^^^^^^^^\n  File "/usr/lib/python3.12/selectors.py", line 468, in select\n    fd_event_list = self._selector.poll(timeout, max_ev)\n                    ^^^^^^^^^^^^^^^^^^^^^^^^^^^^^^^^^^^^\nKeyboardInterrupt\n\nDuring handling of the above exception, another exception occurred:\n\nTraceback (most recent call last):\n  File "/usr/lib/python3/dist-packages/colcon_core/executor/__init__.py", line 91, in __call__\n    rc = await self.task(*args, **kwargs)\n         ^^^^^^^^^^^^^^^^^^^^^^^^^^^^^^^^\n  File "/usr/lib/python3/dist-packages/colcon_core/task/__init__.py", line 93, in __call__\n    return await task_method(*args, **kwargs)\n           ^^^^^^^^^^^^^^^^^^^^^^^^^^^^^^^^^^\n  File "/usr/lib/python3/dist-packages/colcon_ros/task/ament_python/build.py", line 102, in build\n    return await extension.build(additional_hooks=additional_hooks)\n           ^^^^^^^^^^^^^^^^^^^^^^^^^^^^^^^^^^^^^^^^^^^^^^^^^^^^^^^^\n  File "/usr/lib/python3/dist-packages/colcon_core/task/python/build.py", line 96, in build\n    available_commands = await self._get_available_commands(\n                         ^^^^^^^^^^^^^^^^^^^^^^^^^^^^^^^^^^^\n  File "/usr/lib/python3/dist-packages/colcon_core/task/python/build.py", line 194, in _get_available_commands\n    output = await check_output(\n             ^^^^^^^^^^^^^^^^^^^\n  File "/usr/lib/python3/dist-packages/colcon_core/subprocess.py", line 129, in check_output\n    assert not rc, f\'Expected {args} to pass: {stderr_data}\'\n           ^^^^^^\nAssertionError: Expected [\'/usr/bin/python3\', \'-W\', \'ignore:setup.py install is deprecated\', \'-W\', \'ignore:easy_install command is deprecated\', \'setup.py\', \'--help-commands\'] to pass: Traceback (most recent call last):\n  File "/home/feri/Projekt_1/ROS2_enviroment/ros2_ws/src/wt901c_RS485/setup.py", line 5, in <module>\n    setup(\n  File "/usr/lib/python3/dist-packages/setuptools/__init__.py", line 107, in setup\n    return distutils.core.setup(**attrs)\n           ^^^^^^^^^^^^^^^^^^^^^^^^^^^^^\n  File "/usr/lib/python3/dist-packages/setuptools/_distutils/core.py", line 172, in setup\n    ok = dist.parse_command_line()\n         ^^^^^^^^^^^^^^^^^^^^^^^^^\n  File "/usr/lib/python3/dist-packages/setuptools/_distutils/dist.py", line 472, in parse_command_line\n    if self.handle_display_options(option_order):\n       ^^^^^^^^^^^^^^^^^^^^^^^^^^^^^^^^^^^^^^^^^\n  File "/usr/lib/python3/dist-packages/setuptools/dist.py", line 1209, in handle_display_options\n    return _Distribution.handle_display_options(self, option_order)\n           ^^^^^^^^^^^^^^^^^^^^^^^^^^^^^^^^^^^^^^^^^^^^^^^^^^^^^^^^\n  File "/usr/lib/python3/dist-packages/setuptools/_distutils/dist.py", line 686, in handle_display_options\n    self.print_commands()\n  File "/usr/lib/python3/dist-packages/setuptools/dist.py", line 990, in print_commands\n    return _Distribution.print_commands(self)\n           ^^^^^^^^^^^^^^^^^^^^^^^^^^^^^^^^^^\n  File "/usr/lib/python3/dist-packages/setuptools/_distutils/dist.py", line 755, in print_commands\n    self.print_command_list(std_commands, "Standard commands", max_length)\n  File "/usr/lib/python3/dist-packages/setuptools/_distutils/dist.py", line 722, in print_command_list\n    klass = self.get_command_class(cmd)\n            ^^^^^^^^^^^^^^^^^^^^^^^^^^^\n  File "/usr/lib/python3/dist-packages/setuptools/dist.py", line 978, in get_command_class\n    eps = metadata.entry_points(group=\'distutils.commands\', name=command)\n          ^^^^^^^^^^^^^^^^^^^^^^^^^^^^^^^^^^^^^^^^^^^^^^^^^^^^^^^^^^^^^^^\n  File "/usr/lib/python3.12/importlib/metadata/__init__.py", line 913, in entry_points\n    return EntryPoints(eps).select(**params)\n           ^^^^^^^^^^^^^^^^\n  File "/usr/lib/python3.12/importlib/metadata/__init__.py", line 910, in <genexpr>\n    eps = itertools.chain.from_iterable(\n                                       ^\n  File "/usr/lib/python3.12/importlib/metadata/_itertools.py", line 15, in unique_everseen\n    for element in iterable:\n  File "/usr/lib/python3.12/importlib/metadata/__init__.py", line 349, in __new__\n    name for subclass in inspect.getmro(cls) for name in vars(subclass)\n    ^^^^\nKeyboardInterrupt\n\n'}
[3.875830] (wt901c_RS485) JobEnded: {'identifier': 'wt901c_RS485', 'rc': 'SIGINT'}
[3.884104] (-) EventReactorShutdown: {}
