[2.504s] Invoking command in '/home/feri/Projekt_1/ROS2_enviroment/ros2_ws/build/robot_description': CMAKE_PREFIX_PATH=${CMAKE_PREFIX_PATH}:/opt/ros/jazzy DEBUGINFOD_URLS=https://debuginfod.ubuntu.com /usr/bin/cmake --build /home/feri/Projekt_1/ROS2_enviroment/ros2_ws/build/robot_description -- -j4 -l4
[3.099s] Invoked command in '/home/feri/Projekt_1/ROS2_enviroment/ros2_ws/build/robot_description' returned '0': CMAKE_PREFIX_PATH=${CMAKE_PREFIX_PATH}:/opt/ros/jazzy DEBUGINFOD_URLS=https://debuginfod.ubuntu.com /usr/bin/cmake --build /home/feri/Projekt_1/ROS2_enviroment/ros2_ws/build/robot_description -- -j4 -l4
[3.186s] Invoking command in '/home/feri/Projekt_1/ROS2_enviroment/ros2_ws/build/robot_description': CMAKE_PREFIX_PATH=${CMAKE_PREFIX_PATH}:/opt/ros/jazzy DEBUGINFOD_URLS=https://debuginfod.ubuntu.com /usr/bin/cmake --install /home/feri/Projekt_1/ROS2_enviroment/ros2_ws/build/robot_description
[3.250s] -- Install configuration: ""
[3.250s] -- Up-to-date: /home/feri/Projekt_1/ROS2_enviroment/ros2_ws/install/robot_description/share/robot_description/urdf
[3.255s] -- Up-to-date: /home/feri/Projekt_1/ROS2_enviroment/ros2_ws/install/robot_description/share/robot_description/urdf/robot.urdf.xacro
[3.256s] -- Up-to-date: /home/feri/Projekt_1/ROS2_enviroment/ros2_ws/install/robot_description/share/robot_description/launch
[3.260s] -- Up-to-date: /home/feri/Projekt_1/ROS2_enviroment/ros2_ws/install/robot_description/share/robot_description/launch/robot_launch.py
[3.261s] -- Up-to-date: /home/feri/Projekt_1/ROS2_enviroment/ros2_ws/install/robot_description/share/ament_index/resource_index/package_run_dependencies/robot_description
[3.262s] -- Up-to-date: /home/feri/Projekt_1/ROS2_enviroment/ros2_ws/install/robot_description/share/ament_index/resource_index/parent_prefix_path/robot_description
[3.262s] -- Up-to-date: /home/feri/Projekt_1/ROS2_enviroment/ros2_ws/install/robot_description/share/robot_description/environment/ament_prefix_path.sh
[3.263s] -- Up-to-date: /home/feri/Projekt_1/ROS2_enviroment/ros2_ws/install/robot_description/share/robot_description/environment/ament_prefix_path.dsv
[3.263s] -- Up-to-date: /home/feri/Projekt_1/ROS2_enviroment/ros2_ws/install/robot_description/share/robot_description/environment/path.sh
[3.267s] -- Up-to-date: /home/feri/Projekt_1/ROS2_enviroment/ros2_ws/install/robot_description/share/robot_description/environment/path.dsv
[3.267s] -- Up-to-date: /home/feri/Projekt_1/ROS2_enviroment/ros2_ws/install/robot_description/share/robot_description/local_setup.bash
[3.268s] -- Up-to-date: /home/feri/Projekt_1/ROS2_enviroment/ros2_ws/install/robot_description/share/robot_description/local_setup.sh
[3.268s] -- Up-to-date: /home/feri/Projekt_1/ROS2_enviroment/ros2_ws/install/robot_description/share/robot_description/local_setup.zsh
[3.272s] -- Up-to-date: /home/feri/Projekt_1/ROS2_enviroment/ros2_ws/install/robot_description/share/robot_description/local_setup.dsv
[3.273s] -- Installing: /home/feri/Projekt_1/ROS2_enviroment/ros2_ws/install/robot_description/share/robot_description/package.dsv
[3.274s] -- Up-to-date: /home/feri/Projekt_1/ROS2_enviroment/ros2_ws/install/robot_description/share/ament_index/resource_index/packages/robot_description
[3.275s] -- Up-to-date: /home/feri/Projekt_1/ROS2_enviroment/ros2_ws/install/robot_description/share/robot_description/cmake/robot_descriptionConfig.cmake
[3.275s] -- Up-to-date: /home/feri/Projekt_1/ROS2_enviroment/ros2_ws/install/robot_description/share/robot_description/cmake/robot_descriptionConfig-version.cmake
[3.279s] -- Up-to-date: /home/feri/Projekt_1/ROS2_enviroment/ros2_ws/install/robot_description/share/robot_description/package.xml
[3.284s] Invoked command in '/home/feri/Projekt_1/ROS2_enviroment/ros2_ws/build/robot_description' returned '0': CMAKE_PREFIX_PATH=${CMAKE_PREFIX_PATH}:/opt/ros/jazzy DEBUGINFOD_URLS=https://debuginfod.ubuntu.com /usr/bin/cmake --install /home/feri/Projekt_1/ROS2_enviroment/ros2_ws/build/robot_description
