[5.422s] Invoking command in '/home/feri/Projekt_1/ROS2_enviroment/ros2_ws/src/keyboard_control': DEBUGINFOD_URLS=https://debuginfod.ubuntu.com PYTHONPATH=/home/feri/Projekt_1/ROS2_enviroment/ros2_ws/build/keyboard_control/prefix_override:/usr/lib/python3/dist-packages/colcon_core/task/python/colcon_distutils_commands:/home/feri/Projekt_1/ROS2_enviroment/ros2_ws/install/keyboard_control/lib/python3.12/site-packages:${PYTHONPATH} /usr/bin/python3 -W ignore:setup.py install is deprecated -W ignore:easy_install command is deprecated setup.py egg_info --egg-base ../../build/keyboard_control build --build-base /home/feri/Projekt_1/ROS2_enviroment/ros2_ws/build/keyboard_control/build install --record /home/feri/Projekt_1/ROS2_enviroment/ros2_ws/build/keyboard_control/install.log --single-version-externally-managed install_data
[6.935s] running egg_info
[7.051s] writing ../../build/keyboard_control/keyboard_control.egg-info/PKG-INFO
[7.053s] writing dependency_links to ../../build/keyboard_control/keyboard_control.egg-info/dependency_links.txt
[7.055s] writing entry points to ../../build/keyboard_control/keyboard_control.egg-info/entry_points.txt
[7.056s] writing requirements to ../../build/keyboard_control/keyboard_control.egg-info/requires.txt
[7.057s] writing top-level names to ../../build/keyboard_control/keyboard_control.egg-info/top_level.txt
[7.294s] reading manifest file '../../build/keyboard_control/keyboard_control.egg-info/SOURCES.txt'
[7.298s] writing manifest file '../../build/keyboard_control/keyboard_control.egg-info/SOURCES.txt'
[7.299s] running build
[7.301s] running build_py
[7.301s] copying keyboard_control/diff_drive_odom.py -> /home/feri/Projekt_1/ROS2_enviroment/ros2_ws/build/keyboard_control/build/lib/keyboard_control
[7.303s] running install
[7.329s] running install_lib
[7.449s] copying /home/feri/Projekt_1/ROS2_enviroment/ros2_ws/build/keyboard_control/build/lib/keyboard_control/diff_drive_odom.py -> /home/feri/Projekt_1/ROS2_enviroment/ros2_ws/install/keyboard_control/lib/python3.12/site-packages/keyboard_control
[7.453s] byte-compiling /home/feri/Projekt_1/ROS2_enviroment/ros2_ws/install/keyboard_control/lib/python3.12/site-packages/keyboard_control/diff_drive_odom.py to diff_drive_odom.cpython-312.pyc
[7.459s] running install_data
[7.460s] running install_egg_info
[7.585s] removing '/home/feri/Projekt_1/ROS2_enviroment/ros2_ws/install/keyboard_control/lib/python3.12/site-packages/keyboard_control-0.0.0-py3.12.egg-info' (and everything under it)
[7.587s] Copying ../../build/keyboard_control/keyboard_control.egg-info to /home/feri/Projekt_1/ROS2_enviroment/ros2_ws/install/keyboard_control/lib/python3.12/site-packages/keyboard_control-0.0.0-py3.12.egg-info
[7.598s] running install_scripts
[8.542s] Installing diff_drive_odom script to /home/feri/Projekt_1/ROS2_enviroment/ros2_ws/install/keyboard_control/lib/keyboard_control
[8.543s] Installing one_motor_test script to /home/feri/Projekt_1/ROS2_enviroment/ros2_ws/install/keyboard_control/lib/keyboard_control
[8.547s] writing list of installed files to '/home/feri/Projekt_1/ROS2_enviroment/ros2_ws/build/keyboard_control/install.log'
[8.719s] Invoked command in '/home/feri/Projekt_1/ROS2_enviroment/ros2_ws/src/keyboard_control' returned '0': DEBUGINFOD_URLS=https://debuginfod.ubuntu.com PYTHONPATH=/home/feri/Projekt_1/ROS2_enviroment/ros2_ws/build/keyboard_control/prefix_override:/usr/lib/python3/dist-packages/colcon_core/task/python/colcon_distutils_commands:/home/feri/Projekt_1/ROS2_enviroment/ros2_ws/install/keyboard_control/lib/python3.12/site-packages:${PYTHONPATH} /usr/bin/python3 -W ignore:setup.py install is deprecated -W ignore:easy_install command is deprecated setup.py egg_info --egg-base ../../build/keyboard_control build --build-base /home/feri/Projekt_1/ROS2_enviroment/ros2_ws/build/keyboard_control/build install --record /home/feri/Projekt_1/ROS2_enviroment/ros2_ws/build/keyboard_control/install.log --single-version-externally-managed install_data
