[3.865s] Invoking command in '/home/feri/Projekt_1/ROS2_enviroment/ros2_ws/src/keyboard_control': DEBUGINFOD_URLS=https://debuginfod.ubuntu.com PYTHONPATH=/home/feri/Projekt_1/ROS2_enviroment/ros2_ws/build/keyboard_control/prefix_override:/usr/lib/python3/dist-packages/colcon_core/task/python/colcon_distutils_commands:/home/feri/Projekt_1/ROS2_enviroment/ros2_ws/install/keyboard_control/lib/python3.12/site-packages:${PYTHONPATH} /usr/bin/python3 -W ignore:setup.py install is deprecated -W ignore:easy_install command is deprecated setup.py egg_info --egg-base ../../build/keyboard_control build --build-base /home/feri/Projekt_1/ROS2_enviroment/ros2_ws/build/keyboard_control/build install --record /home/feri/Projekt_1/ROS2_enviroment/ros2_ws/build/keyboard_control/install.log --single-version-externally-managed install_data
[5.103s] running egg_info
[5.193s] writing ../../build/keyboard_control/keyboard_control.egg-info/PKG-INFO
[5.194s] writing dependency_links to ../../build/keyboard_control/keyboard_control.egg-info/dependency_links.txt
[5.196s] writing entry points to ../../build/keyboard_control/keyboard_control.egg-info/entry_points.txt
[5.197s] writing requirements to ../../build/keyboard_control/keyboard_control.egg-info/requires.txt
[5.197s] writing top-level names to ../../build/keyboard_control/keyboard_control.egg-info/top_level.txt
[5.382s] reading manifest file '../../build/keyboard_control/keyboard_control.egg-info/SOURCES.txt'
[5.386s] writing manifest file '../../build/keyboard_control/keyboard_control.egg-info/SOURCES.txt'
[5.387s] running build
[5.387s] running build_py
[5.388s] copying keyboard_control/one_motor_test.py -> /home/feri/Projekt_1/ROS2_enviroment/ros2_ws/build/keyboard_control/build/lib/keyboard_control
[5.389s] running install
[5.413s] running install_lib
[5.506s] copying /home/feri/Projekt_1/ROS2_enviroment/ros2_ws/build/keyboard_control/build/lib/keyboard_control/one_motor_test.py -> /home/feri/Projekt_1/ROS2_enviroment/ros2_ws/install/keyboard_control/lib/python3.12/site-packages/keyboard_control
[5.509s] byte-compiling /home/feri/Projekt_1/ROS2_enviroment/ros2_ws/install/keyboard_control/lib/python3.12/site-packages/keyboard_control/one_motor_test.py to one_motor_test.cpython-312.pyc
[5.510s] Sorry: IndentationError: expected an indented block after function definition on line 30 (one_motor_test.py, line 36)
[5.511s] running install_data
[5.511s] running install_egg_info
[5.607s] removing '/home/feri/Projekt_1/ROS2_enviroment/ros2_ws/install/keyboard_control/lib/python3.12/site-packages/keyboard_control-0.0.0-py3.12.egg-info' (and everything under it)
[5.609s] Copying ../../build/keyboard_control/keyboard_control.egg-info to /home/feri/Projekt_1/ROS2_enviroment/ros2_ws/install/keyboard_control/lib/python3.12/site-packages/keyboard_control-0.0.0-py3.12.egg-info
[5.615s] running install_scripts
[6.338s] Installing one_motor_test script to /home/feri/Projekt_1/ROS2_enviroment/ros2_ws/install/keyboard_control/lib/keyboard_control
[6.340s] writing list of installed files to '/home/feri/Projekt_1/ROS2_enviroment/ros2_ws/build/keyboard_control/install.log'
[6.497s] Invoked command in '/home/feri/Projekt_1/ROS2_enviroment/ros2_ws/src/keyboard_control' returned '0': DEBUGINFOD_URLS=https://debuginfod.ubuntu.com PYTHONPATH=/home/feri/Projekt_1/ROS2_enviroment/ros2_ws/build/keyboard_control/prefix_override:/usr/lib/python3/dist-packages/colcon_core/task/python/colcon_distutils_commands:/home/feri/Projekt_1/ROS2_enviroment/ros2_ws/install/keyboard_control/lib/python3.12/site-packages:${PYTHONPATH} /usr/bin/python3 -W ignore:setup.py install is deprecated -W ignore:easy_install command is deprecated setup.py egg_info --egg-base ../../build/keyboard_control build --build-base /home/feri/Projekt_1/ROS2_enviroment/ros2_ws/build/keyboard_control/build install --record /home/feri/Projekt_1/ROS2_enviroment/ros2_ws/build/keyboard_control/install.log --single-version-externally-managed install_data
